<?xml version="1.0" encoding="UTF-8"?>
<testsuites name="TestDemo" time="484" tests="19" failures="3" errors="0">
   <testsuite name="TestDemo" tests="19" failures="3" errors="0" time="484" timestamp="2018-09-10 11:13:10" hostname="kikosana - KIKOSANA-T450S.callidussoftware.com" id="Test Suites/TestDemo">
      <properties>
         <property name="deviceName" value=""/>
         <property name="devicePlatform" value=""/>
         <property name="logFolder" value="C:\\Users\\kikosana\\Downloads\\UAT_Commission-master (2)\\UAT_Commission-master\\Reports\\TestDemo\\20180910_111308"/>
         <property name="logFiles" value="C:\\Users\\kikosana\\Downloads\\UAT_Commission-master (2)\\UAT_Commission-master\\Reports\\TestDemo\\20180910_111308\\execution0.log"/>
         <property name="attachments" value="C:\\Users\\kikosana\\Downloads\\UAT_Commission-master (2)\\UAT_Commission-master\\Reports\\TestDemo\\20180910_111308\\1536603215501.png, C:\\Users\\kikosana\\Downloads\\UAT_Commission-master (2)\\UAT_Commission-master\\Reports\\TestDemo\\20180910_111308\\1536603223310.png, C:\\Users\\kikosana\\Downloads\\UAT_Commission-master (2)\\UAT_Commission-master\\Reports\\TestDemo\\20180910_111308\\1536603256571.png, C:\\Users\\kikosana\\Downloads\\UAT_Commission-master (2)\\UAT_Commission-master\\Reports\\TestDemo\\20180910_111308\\1536603611494.png"/>
         <property name="hostName" value="kikosana - KIKOSANA-T450S.callidussoftware.com"/>
         <property name="os" value="Windows 10 64bit"/>
         <property name="katalonVersion" value="5.6.3.1"/>
         <property name="browser" value="Chrome 68.0.3440.106"/>
         <property name="hostAddress" value="10.125.199.25"/>
         <property name="sessionId" value="8de86e46fa35ad604e619fad48af8d5f"/>
         <property name="seleniumVersion" value="3.7.1"/>
         <property name="proxyInformation" value="ProxyInformation{proxyOption=NO_PROXY, proxyServerType=HTTP, password=, proxyServerAddress=, proxyServerPort=0}"/>
         <property name="platform" value="Windows 10"/>
      </properties>
      <testcase name="Test Cases/Commission Login" classname="Test Cases/Commission Login" status="PASSED">
         <system-out><![CDATA[2018-09-10 11:13:11 - [TEST_CASE][PASSED] - Test Cases/Commission Login: Test Cases/Commission Login

2018-09-10 11:13:11 - [TEST_STEP][PASSED] - openBrowser: Browser is opened with url: ''

2018-09-10 11:13:15 - [MESSAGE][PASSED] - Browser is opened with url: ''

2018-09-10 11:13:15 - [TEST_STEP][PASSED] - navigateToUrl: Navigate to 'https://biz3-tst.callidusondemand.com/SalesPortal/#!/' successfully

2018-09-10 11:13:16 - [MESSAGE][PASSED] - Navigate to 'https://biz3-tst.callidusondemand.com/SalesPortal/#!/' successfully

2018-09-10 11:13:16 - [TEST_STEP][PASSED] - maximizeWindow: Current window maximized

2018-09-10 11:13:17 - [MESSAGE][PASSED] - Current window maximized

2018-09-10 11:13:17 - [TEST_STEP][PASSED] - setText: Text 'kikosana@calliduscloud.com' is set on object 'Object Repository/Page_Sales Performance Home/input_username'

2018-09-10 11:13:18 - [MESSAGE][PASSED] - Text 'kikosana@calliduscloud.com' is set on object 'Object Repository/Page_Sales Performance Home/input_username'

2018-09-10 11:13:18 - [TEST_STEP][PASSED] - setText: Text 'Kiran09@@' is set on object 'Object Repository/Page_Sales Performance Home/input_password'

2018-09-10 11:13:18 - [MESSAGE][PASSED] - Text 'Kiran09@@' is set on object 'Object Repository/Page_Sales Performance Home/input_password'

2018-09-10 11:13:18 - [TEST_STEP][PASSED] - click: Object: 'Object Repository/Page_Sales Performance Home/button_Login' is clicked on

2018-09-10 11:13:18 - [MESSAGE][PASSED] - Object: 'Object Repository/Page_Sales Performance Home/button_Login' is clicked on

2018-09-10 11:13:18 - [TEST_STEP][PASSED] - click: Object: 'Object Repository/Page_Sales Performance Home/span_Sales Performance Home' is clicked on

2018-09-10 11:13:19 - [MESSAGE][PASSED] - Object: 'Object Repository/Page_Sales Performance Home/span_Sales Performance Home' is clicked on

2018-09-10 11:13:19 - [TEST_STEP][PASSED] - click: Object: 'Object Repository/Page_Sales Performance Home/a_Commissions' is clicked on

2018-09-10 11:13:20 - [MESSAGE][PASSED] - Object: 'Object Repository/Page_Sales Performance Home/a_Commissions' is clicked on

2018-09-10 11:13:20 - [TEST_STEP][PASSED] - click: Object: 'Object Repository/Page_Callidus Cloud Commissions Man/a_Manage Setup' is clicked on

2018-09-10 11:13:24 - [MESSAGE][PASSED] - Object: 'Object Repository/Page_Callidus Cloud Commissions Man/a_Manage Setup' is clicked on]]></system-out>
         <system-err><![CDATA[]]></system-err>
      </testcase>
      <testcase name="Test Cases/Credit Rule exists in the system" classname="Test Cases/Credit Rule exists in the system" status="FAILED">
         <failure type="FAILED" message="Unable to click on object 'Object Repository/Page_Plan Tab/a_Rules' (Root cause: org.openqa.selenium.ElementNotVisibleException: element not visible
  (Session info: chrome=68.0.3440.106)
  (Driver info: chromedriver=2.35.528161 (5b82f2d2aae0ca24b877009200ced9065a772e73),platform=Windows NT 10.0.17134 x86_64) (WARNING: The server did not provide any stacktrace information)
Command duration or timeout: 0 milliseconds
Build info: version: '3.7.1', revision: '8a0099a', time: '2017-11-06T21:07:36.161Z'
System info: host: 'KIKOSANA-T450S', ip: '10.125.199.25', os.name: 'Windows 10', os.arch: 'amd64', os.version: '10.0', java.version: '1.8.0_181'
Driver info: com.kms.katalon.selenium.driver.CChromeDriver
Capabilities {acceptInsecureCerts: false, acceptSslCerts: false, applicationCacheEnabled: false, browserConnectionEnabled: false, browserName: chrome, chrome: {chromedriverVersion: 2.35.528161 (5b82f2d2aae0ca..., userDataDir: C:\Users\kikosana\AppData\L...}, cssSelectorsEnabled: true, databaseEnabled: false, handlesAlerts: true, hasTouchScreen: false, javascriptEnabled: true, locationContextEnabled: true, mobileEmulationEnabled: false, nativeEvents: true, networkConnectionEnabled: false, pageLoadStrategy: normal, platform: XP, platformName: XP, rotatable: false, setWindowRect: true, takesHeapSnapshot: true, takesScreenshot: true, unexpectedAlertBehaviour: , unhandledPromptBehavior: , version: 68.0.3440.106, webStorageEnabled: true}
Session ID: d8dc36b02caae27b74c04ee041a17fd6)"/>
         <system-out><![CDATA[2018-09-10 11:13:24 - [TEST_CASE][FAILED] - Test Cases/Credit Rule exists in the system: Test Cases/Credit Rule exists in the system FAILED because (of) Unable to click on object 'Object Repository/Page_Plan Tab/a_Rules' (Root cause: org.openqa.selenium.ElementNotVisibleException: element not visible
  (Session info: chrome=68.0.3440.106)
  (Driver info: chromedriver=2.35.528161 (5b82f2d2aae0ca24b877009200ced9065a772e73),platform=Windows NT 10.0.17134 x86_64) (WARNING: The server did not provide any stacktrace information)
Command duration or timeout: 0 milliseconds
Build info: version: '3.7.1', revision: '8a0099a', time: '2017-11-06T21:07:36.161Z'
System info: host: 'KIKOSANA-T450S', ip: '10.125.199.25', os.name: 'Windows 10', os.arch: 'amd64', os.version: '10.0', java.version: '1.8.0_181'
Driver info: com.kms.katalon.selenium.driver.CChromeDriver
Capabilities {acceptInsecureCerts: false, acceptSslCerts: false, applicationCacheEnabled: false, browserConnectionEnabled: false, browserName: chrome, chrome: {chromedriverVersion: 2.35.528161 (5b82f2d2aae0ca..., userDataDir: C:\Users\kikosana\AppData\L...}, cssSelectorsEnabled: true, databaseEnabled: false, handlesAlerts: true, hasTouchScreen: false, javascriptEnabled: true, locationContextEnabled: true, mobileEmulationEnabled: false, nativeEvents: true, networkConnectionEnabled: false, pageLoadStrategy: normal, platform: XP, platformName: XP, rotatable: false, setWindowRect: true, takesHeapSnapshot: true, takesScreenshot: true, unexpectedAlertBehaviour: , unhandledPromptBehavior: , version: 68.0.3440.106, webStorageEnabled: true}
Session ID: d8dc36b02caae27b74c04ee041a17fd6)

2018-09-10 11:13:24 - [TEST_STEP][NOT_RUN] - callTestCase: NOT_RUN: callTestCase

2018-09-10 11:13:24 - [MESSAGE][NOT_RUN] - NOT_RUN: callTestCase

2018-09-10 11:13:24 - [TEST_STEP][PASSED] - delay: Delayed 5 second(s)

2018-09-10 11:13:30 - [MESSAGE][PASSED] - Delayed 5 second(s)

2018-09-10 11:13:30 - [TEST_STEP][PASSED] - mouseOver: Object: 'Object Repository/Page_Plan Tab/a_Plan' is hovered

2018-09-10 11:13:30 - [MESSAGE][PASSED] - Object: 'Object Repository/Page_Plan Tab/a_Plan' is hovered

2018-09-10 11:13:30 - [TEST_STEP][PASSED] - delay: Delayed 3 second(s)

2018-09-10 11:13:33 - [MESSAGE][PASSED] - Delayed 3 second(s)

2018-09-10 11:13:33 - [TEST_STEP][PASSED] - scrollToElement: Scroll to object 'Object Repository/Page_Plan Tab/a_Rules' successfully

2018-09-10 11:13:33 - [MESSAGE][PASSED] - Scroll to object 'Object Repository/Page_Plan Tab/a_Rules' successfully

2018-09-10 11:13:33 - [TEST_STEP][PASSED] - delay: Delayed 2 second(s)

2018-09-10 11:13:35 - [MESSAGE][PASSED] - Delayed 2 second(s)

2018-09-10 11:13:35 - [TEST_STEP][FAILED] - click: Unable to click on object 'Object Repository/Page_Plan Tab/a_Rules' (Root cause: org.openqa.selenium.ElementNotVisibleException: element not visible
  (Session info: chrome=68.0.3440.106)
  (Driver info: chromedriver=2.35.528161 (5b82f2d2aae0ca24b877009200ced9065a772e73),platform=Windows NT 10.0.17134 x86_64) (WARNING: The server did not provide any stacktrace information)
Command duration or timeout: 0 milliseconds
Build info: version: '3.7.1', revision: '8a0099a', time: '2017-11-06T21:07:36.161Z'
System info: host: 'KIKOSANA-T450S', ip: '10.125.199.25', os.name: 'Windows 10', os.arch: 'amd64', os.version: '10.0', java.version: '1.8.0_181'
Driver info: com.kms.katalon.selenium.driver.CChromeDriver
Capabilities {acceptInsecureCerts: false, acceptSslCerts: false, applicationCacheEnabled: false, browserConnectionEnabled: false, browserName: chrome, chrome: {chromedriverVersion: 2.35.528161 (5b82f2d2aae0ca..., userDataDir: C:\Users\kikosana\AppData\L...}, cssSelectorsEnabled: true, databaseEnabled: false, handlesAlerts: true, hasTouchScreen: false, javascriptEnabled: true, locationContextEnabled: true, mobileEmulationEnabled: false, nativeEvents: true, networkConnectionEnabled: false, pageLoadStrategy: normal, platform: XP, platformName: XP, rotatable: false, setWindowRect: true, takesHeapSnapshot: true, takesScreenshot: true, unexpectedAlertBehaviour: , unhandledPromptBehavior: , version: 68.0.3440.106, webStorageEnabled: true}
Session ID: d8dc36b02caae27b74c04ee041a17fd6)

2018-09-10 11:13:35 - [MESSAGE][FAILED] - Unable to click on object 'Object Repository/Page_Plan Tab/a_Rules' (Root cause: org.openqa.selenium.ElementNotVisibleException: element not visible
  (Session info: chrome=68.0.3440.106)
  (Driver info: chromedriver=2.35.528161 (5b82f2d2aae0ca24b877009200ced9065a772e73),platform=Windows NT 10.0.17134 x86_64) (WARNING: The server did not provide any stacktrace information)
Command duration or timeout: 0 milliseconds
Build info: version: '3.7.1', revision: '8a0099a', time: '2017-11-06T21:07:36.161Z'
System info: host: 'KIKOSANA-T450S', ip: '10.125.199.25', os.name: 'Windows 10', os.arch: 'amd64', os.version: '10.0', java.version: '1.8.0_181'
Driver info: com.kms.katalon.selenium.driver.CChromeDriver
Capabilities {acceptInsecureCerts: false, acceptSslCerts: false, applicationCacheEnabled: false, browserConnectionEnabled: false, browserName: chrome, chrome: {chromedriverVersion: 2.35.528161 (5b82f2d2aae0ca..., userDataDir: C:\Users\kikosana\AppData\L...}, cssSelectorsEnabled: true, databaseEnabled: false, handlesAlerts: true, hasTouchScreen: false, javascriptEnabled: true, locationContextEnabled: true, mobileEmulationEnabled: false, nativeEvents: true, networkConnectionEnabled: false, pageLoadStrategy: normal, platform: XP, platformName: XP, rotatable: false, setWindowRect: true, takesHeapSnapshot: true, takesScreenshot: true, unexpectedAlertBehaviour: , unhandledPromptBehavior: , version: 68.0.3440.106, webStorageEnabled: true}
Session ID: d8dc36b02caae27b74c04ee041a17fd6)
[[ATTACHMENT|C:\\Users\\kikosana\\Downloads\\UAT_Commission-master (2)\\UAT_Commission-master\\Reports\\TestDemo\\20180910_111308\\1536603215501.png]]]]></system-out>
         <system-err><![CDATA[2018-09-10 11:13:24 - [TEST_CASE][FAILED] - Test Cases/Credit Rule exists in the system: Test Cases/Credit Rule exists in the system FAILED because (of) Unable to click on object 'Object Repository/Page_Plan Tab/a_Rules' (Root cause: org.openqa.selenium.ElementNotVisibleException: element not visible
  (Session info: chrome=68.0.3440.106)
  (Driver info: chromedriver=2.35.528161 (5b82f2d2aae0ca24b877009200ced9065a772e73),platform=Windows NT 10.0.17134 x86_64) (WARNING: The server did not provide any stacktrace information)
Command duration or timeout: 0 milliseconds
Build info: version: '3.7.1', revision: '8a0099a', time: '2017-11-06T21:07:36.161Z'
System info: host: 'KIKOSANA-T450S', ip: '10.125.199.25', os.name: 'Windows 10', os.arch: 'amd64', os.version: '10.0', java.version: '1.8.0_181'
Driver info: com.kms.katalon.selenium.driver.CChromeDriver
Capabilities {acceptInsecureCerts: false, acceptSslCerts: false, applicationCacheEnabled: false, browserConnectionEnabled: false, browserName: chrome, chrome: {chromedriverVersion: 2.35.528161 (5b82f2d2aae0ca..., userDataDir: C:\Users\kikosana\AppData\L...}, cssSelectorsEnabled: true, databaseEnabled: false, handlesAlerts: true, hasTouchScreen: false, javascriptEnabled: true, locationContextEnabled: true, mobileEmulationEnabled: false, nativeEvents: true, networkConnectionEnabled: false, pageLoadStrategy: normal, platform: XP, platformName: XP, rotatable: false, setWindowRect: true, takesHeapSnapshot: true, takesScreenshot: true, unexpectedAlertBehaviour: , unhandledPromptBehavior: , version: 68.0.3440.106, webStorageEnabled: true}
Session ID: d8dc36b02caae27b74c04ee041a17fd6)]]></system-err>
      </testcase>
      <testcase name="Test Cases/Credit Types exist in the system" classname="Test Cases/Credit Types exist in the system" status="FAILED">
         <failure type="FAILED" message="Unable to click on object 'Object Repository/Page_Callidus Cloud Commissions Man/a_Credit Types' (Root cause: org.openqa.selenium.ElementNotVisibleException: element not visible
  (Session info: chrome=68.0.3440.106)
  (Driver info: chromedriver=2.35.528161 (5b82f2d2aae0ca24b877009200ced9065a772e73),platform=Windows NT 10.0.17134 x86_64) (WARNING: The server did not provide any stacktrace information)
Command duration or timeout: 0 milliseconds
Build info: version: '3.7.1', revision: '8a0099a', time: '2017-11-06T21:07:36.161Z'
System info: host: 'KIKOSANA-T450S', ip: '10.125.199.25', os.name: 'Windows 10', os.arch: 'amd64', os.version: '10.0', java.version: '1.8.0_181'
Driver info: com.kms.katalon.selenium.driver.CChromeDriver
Capabilities {acceptInsecureCerts: false, acceptSslCerts: false, applicationCacheEnabled: false, browserConnectionEnabled: false, browserName: chrome, chrome: {chromedriverVersion: 2.35.528161 (5b82f2d2aae0ca..., userDataDir: C:\Users\kikosana\AppData\L...}, cssSelectorsEnabled: true, databaseEnabled: false, handlesAlerts: true, hasTouchScreen: false, javascriptEnabled: true, locationContextEnabled: true, mobileEmulationEnabled: false, nativeEvents: true, networkConnectionEnabled: false, pageLoadStrategy: normal, platform: XP, platformName: XP, rotatable: false, setWindowRect: true, takesHeapSnapshot: true, takesScreenshot: true, unexpectedAlertBehaviour: , unhandledPromptBehavior: , version: 68.0.3440.106, webStorageEnabled: true}
Session ID: d8dc36b02caae27b74c04ee041a17fd6)"/>
         <system-out><![CDATA[2018-09-10 11:13:35 - [TEST_CASE][FAILED] - Test Cases/Credit Types exist in the system: Test Cases/Credit Types exist in the system FAILED because (of) Unable to click on object 'Object Repository/Page_Callidus Cloud Commissions Man/a_Credit Types' (Root cause: org.openqa.selenium.ElementNotVisibleException: element not visible
  (Session info: chrome=68.0.3440.106)
  (Driver info: chromedriver=2.35.528161 (5b82f2d2aae0ca24b877009200ced9065a772e73),platform=Windows NT 10.0.17134 x86_64) (WARNING: The server did not provide any stacktrace information)
Command duration or timeout: 0 milliseconds
Build info: version: '3.7.1', revision: '8a0099a', time: '2017-11-06T21:07:36.161Z'
System info: host: 'KIKOSANA-T450S', ip: '10.125.199.25', os.name: 'Windows 10', os.arch: 'amd64', os.version: '10.0', java.version: '1.8.0_181'
Driver info: com.kms.katalon.selenium.driver.CChromeDriver
Capabilities {acceptInsecureCerts: false, acceptSslCerts: false, applicationCacheEnabled: false, browserConnectionEnabled: false, browserName: chrome, chrome: {chromedriverVersion: 2.35.528161 (5b82f2d2aae0ca..., userDataDir: C:\Users\kikosana\AppData\L...}, cssSelectorsEnabled: true, databaseEnabled: false, handlesAlerts: true, hasTouchScreen: false, javascriptEnabled: true, locationContextEnabled: true, mobileEmulationEnabled: false, nativeEvents: true, networkConnectionEnabled: false, pageLoadStrategy: normal, platform: XP, platformName: XP, rotatable: false, setWindowRect: true, takesHeapSnapshot: true, takesScreenshot: true, unexpectedAlertBehaviour: , unhandledPromptBehavior: , version: 68.0.3440.106, webStorageEnabled: true}
Session ID: d8dc36b02caae27b74c04ee041a17fd6)

2018-09-10 11:13:36 - [TEST_STEP][NOT_RUN] - callTestCase: NOT_RUN: callTestCase

2018-09-10 11:13:36 - [MESSAGE][NOT_RUN] - NOT_RUN: callTestCase

2018-09-10 11:13:36 - [TEST_STEP][PASSED] - mouseOver: Object: 'Object Repository/Page_Callidus Cloud Commissions Man/div_ADMINISTRATION' is hovered

2018-09-10 11:13:36 - [MESSAGE][PASSED] - Object: 'Object Repository/Page_Callidus Cloud Commissions Man/div_ADMINISTRATION' is hovered

2018-09-10 11:13:36 - [TEST_STEP][PASSED] - delay: Delayed 5 second(s)

2018-09-10 11:13:41 - [MESSAGE][PASSED] - Delayed 5 second(s)

2018-09-10 11:13:41 - [TEST_STEP][PASSED] - scrollToElement: Scroll to object 'Object Repository/Page_Callidus Cloud Commissions Man/a_Credit Types' successfully

2018-09-10 11:13:41 - [MESSAGE][PASSED] - Scroll to object 'Object Repository/Page_Callidus Cloud Commissions Man/a_Credit Types' successfully

2018-09-10 11:13:41 - [TEST_STEP][PASSED] - delay: Delayed 2 second(s)

2018-09-10 11:13:43 - [MESSAGE][PASSED] - Delayed 2 second(s)

2018-09-10 11:13:43 - [TEST_STEP][FAILED] - click: Unable to click on object 'Object Repository/Page_Callidus Cloud Commissions Man/a_Credit Types' (Root cause: org.openqa.selenium.ElementNotVisibleException: element not visible
  (Session info: chrome=68.0.3440.106)
  (Driver info: chromedriver=2.35.528161 (5b82f2d2aae0ca24b877009200ced9065a772e73),platform=Windows NT 10.0.17134 x86_64) (WARNING: The server did not provide any stacktrace information)
Command duration or timeout: 0 milliseconds
Build info: version: '3.7.1', revision: '8a0099a', time: '2017-11-06T21:07:36.161Z'
System info: host: 'KIKOSANA-T450S', ip: '10.125.199.25', os.name: 'Windows 10', os.arch: 'amd64', os.version: '10.0', java.version: '1.8.0_181'
Driver info: com.kms.katalon.selenium.driver.CChromeDriver
Capabilities {acceptInsecureCerts: false, acceptSslCerts: false, applicationCacheEnabled: false, browserConnectionEnabled: false, browserName: chrome, chrome: {chromedriverVersion: 2.35.528161 (5b82f2d2aae0ca..., userDataDir: C:\Users\kikosana\AppData\L...}, cssSelectorsEnabled: true, databaseEnabled: false, handlesAlerts: true, hasTouchScreen: false, javascriptEnabled: true, locationContextEnabled: true, mobileEmulationEnabled: false, nativeEvents: true, networkConnectionEnabled: false, pageLoadStrategy: normal, platform: XP, platformName: XP, rotatable: false, setWindowRect: true, takesHeapSnapshot: true, takesScreenshot: true, unexpectedAlertBehaviour: , unhandledPromptBehavior: , version: 68.0.3440.106, webStorageEnabled: true}
Session ID: d8dc36b02caae27b74c04ee041a17fd6)

2018-09-10 11:13:43 - [MESSAGE][FAILED] - Unable to click on object 'Object Repository/Page_Callidus Cloud Commissions Man/a_Credit Types' (Root cause: org.openqa.selenium.ElementNotVisibleException: element not visible
  (Session info: chrome=68.0.3440.106)
  (Driver info: chromedriver=2.35.528161 (5b82f2d2aae0ca24b877009200ced9065a772e73),platform=Windows NT 10.0.17134 x86_64) (WARNING: The server did not provide any stacktrace information)
Command duration or timeout: 0 milliseconds
Build info: version: '3.7.1', revision: '8a0099a', time: '2017-11-06T21:07:36.161Z'
System info: host: 'KIKOSANA-T450S', ip: '10.125.199.25', os.name: 'Windows 10', os.arch: 'amd64', os.version: '10.0', java.version: '1.8.0_181'
Driver info: com.kms.katalon.selenium.driver.CChromeDriver
Capabilities {acceptInsecureCerts: false, acceptSslCerts: false, applicationCacheEnabled: false, browserConnectionEnabled: false, browserName: chrome, chrome: {chromedriverVersion: 2.35.528161 (5b82f2d2aae0ca..., userDataDir: C:\Users\kikosana\AppData\L...}, cssSelectorsEnabled: true, databaseEnabled: false, handlesAlerts: true, hasTouchScreen: false, javascriptEnabled: true, locationContextEnabled: true, mobileEmulationEnabled: false, nativeEvents: true, networkConnectionEnabled: false, pageLoadStrategy: normal, platform: XP, platformName: XP, rotatable: false, setWindowRect: true, takesHeapSnapshot: true, takesScreenshot: true, unexpectedAlertBehaviour: , unhandledPromptBehavior: , version: 68.0.3440.106, webStorageEnabled: true}
Session ID: d8dc36b02caae27b74c04ee041a17fd6)
[[ATTACHMENT|C:\\Users\\kikosana\\Downloads\\UAT_Commission-master (2)\\UAT_Commission-master\\Reports\\TestDemo\\20180910_111308\\1536603223310.png]]

2018-09-10 11:13:43 - [TEST_STEP][PASSED] - click: Object: 'Object Repository/Page_Callidus Cloud Commissions Man/a_Advanced Search' is clicked on

2018-09-10 11:13:43 - [MESSAGE][PASSED] - Object: 'Object Repository/Page_Callidus Cloud Commissions Man/a_Advanced Search' is clicked on

2018-09-10 11:13:43 - [TEST_STEP][PASSED] - click: Object: 'Object Repository/Page_Callidus Cloud Commissions Man/td_Field Name' is clicked on

2018-09-10 11:13:44 - [MESSAGE][PASSED] - Object: 'Object Repository/Page_Callidus Cloud Commissions Man/td_Field Name' is clicked on

2018-09-10 11:13:44 - [TEST_STEP][FAILED] - scrollToElement: Unable to scroll to object 'Object Repository/Page_Callidus Cloud Commissions Man/option_credit types id' (Root cause: com.kms.katalon.core.webui.exception.WebElementNotFoundException: Web element with id: 'Object Repository/Page_Callidus Cloud Commissions Man/option_credit types id' located by 'By.xpath: //option[@value='creditTypeId']' not found)

2018-09-10 11:14:16 - [MESSAGE][FAILED] - Unable to scroll to object 'Object Repository/Page_Callidus Cloud Commissions Man/option_credit types id' (Root cause: com.kms.katalon.core.webui.exception.WebElementNotFoundException: Web element with id: 'Object Repository/Page_Callidus Cloud Commissions Man/option_credit types id' located by 'By.xpath: //option[@value='creditTypeId']' not found)
[[ATTACHMENT|C:\\Users\\kikosana\\Downloads\\UAT_Commission-master (2)\\UAT_Commission-master\\Reports\\TestDemo\\20180910_111308\\1536603256571.png]]]]></system-out>
         <system-err><![CDATA[2018-09-10 11:13:35 - [TEST_CASE][FAILED] - Test Cases/Credit Types exist in the system: Test Cases/Credit Types exist in the system FAILED because (of) Unable to click on object 'Object Repository/Page_Callidus Cloud Commissions Man/a_Credit Types' (Root cause: org.openqa.selenium.ElementNotVisibleException: element not visible
  (Session info: chrome=68.0.3440.106)
  (Driver info: chromedriver=2.35.528161 (5b82f2d2aae0ca24b877009200ced9065a772e73),platform=Windows NT 10.0.17134 x86_64) (WARNING: The server did not provide any stacktrace information)
Command duration or timeout: 0 milliseconds
Build info: version: '3.7.1', revision: '8a0099a', time: '2017-11-06T21:07:36.161Z'
System info: host: 'KIKOSANA-T450S', ip: '10.125.199.25', os.name: 'Windows 10', os.arch: 'amd64', os.version: '10.0', java.version: '1.8.0_181'
Driver info: com.kms.katalon.selenium.driver.CChromeDriver
Capabilities {acceptInsecureCerts: false, acceptSslCerts: false, applicationCacheEnabled: false, browserConnectionEnabled: false, browserName: chrome, chrome: {chromedriverVersion: 2.35.528161 (5b82f2d2aae0ca..., userDataDir: C:\Users\kikosana\AppData\L...}, cssSelectorsEnabled: true, databaseEnabled: false, handlesAlerts: true, hasTouchScreen: false, javascriptEnabled: true, locationContextEnabled: true, mobileEmulationEnabled: false, nativeEvents: true, networkConnectionEnabled: false, pageLoadStrategy: normal, platform: XP, platformName: XP, rotatable: false, setWindowRect: true, takesHeapSnapshot: true, takesScreenshot: true, unexpectedAlertBehaviour: , unhandledPromptBehavior: , version: 68.0.3440.106, webStorageEnabled: true}
Session ID: d8dc36b02caae27b74c04ee041a17fd6)]]></system-err>
      </testcase>
      <testcase name="Test Cases/Deposit Rule exists in the system" classname="Test Cases/Deposit Rule exists in the system" status="PASSED">
         <system-out><![CDATA[2018-09-10 11:14:16 - [TEST_CASE][PASSED] - Test Cases/Deposit Rule exists in the system: Test Cases/Deposit Rule exists in the system

2018-09-10 11:14:17 - [TEST_STEP][NOT_RUN] - callTestCase: NOT_RUN: callTestCase

2018-09-10 11:14:17 - [MESSAGE][NOT_RUN] - NOT_RUN: callTestCase

2018-09-10 11:14:17 - [TEST_STEP][PASSED] - delay: Delayed 5 second(s)

2018-09-10 11:14:22 - [MESSAGE][PASSED] - Delayed 5 second(s)

2018-09-10 11:14:22 - [TEST_STEP][PASSED] - mouseOver: Object: 'Object Repository/Page_Plan Tab/a_Plan' is hovered

2018-09-10 11:14:22 - [MESSAGE][PASSED] - Object: 'Object Repository/Page_Plan Tab/a_Plan' is hovered

2018-09-10 11:14:22 - [TEST_STEP][PASSED] - delay: Delayed 3 second(s)

2018-09-10 11:14:25 - [MESSAGE][PASSED] - Delayed 3 second(s)

2018-09-10 11:14:25 - [TEST_STEP][PASSED] - scrollToElement: Scroll to object 'Object Repository/Page_Plan Tab/a_Rules' successfully

2018-09-10 11:14:25 - [MESSAGE][PASSED] - Scroll to object 'Object Repository/Page_Plan Tab/a_Rules' successfully

2018-09-10 11:14:25 - [TEST_STEP][PASSED] - delay: Delayed 2 second(s)

2018-09-10 11:14:27 - [MESSAGE][PASSED] - Delayed 2 second(s)

2018-09-10 11:14:27 - [TEST_STEP][PASSED] - click: Object: 'Object Repository/Page_Plan Tab/a_Rules' is clicked on

2018-09-10 11:14:28 - [MESSAGE][PASSED] - Object: 'Object Repository/Page_Plan Tab/a_Rules' is clicked on

2018-09-10 11:14:28 - [TEST_STEP][PASSED] - click: Object: 'Object Repository/Page_Callidus Cloud Commissions Man/a_Advanced Search' is clicked on

2018-09-10 11:14:28 - [MESSAGE][PASSED] - Object: 'Object Repository/Page_Callidus Cloud Commissions Man/a_Advanced Search' is clicked on

2018-09-10 11:14:28 - [TEST_STEP][PASSED] - delay: Delayed 3 second(s)

2018-09-10 11:14:31 - [MESSAGE][PASSED] - Delayed 3 second(s)

2018-09-10 11:14:31 - [TEST_STEP][PASSED] - click: Object: 'Object Repository/Page_Callidus Cloud Commissions Man/td_Field Name' is clicked on

2018-09-10 11:14:31 - [MESSAGE][PASSED] - Object: 'Object Repository/Page_Callidus Cloud Commissions Man/td_Field Name' is clicked on

2018-09-10 11:14:31 - [TEST_STEP][PASSED] - delay: Delayed 2 second(s)

2018-09-10 11:14:33 - [MESSAGE][PASSED] - Delayed 2 second(s)

2018-09-10 11:14:33 - [TEST_STEP][PASSED] - scrollToElement: Scroll to object 'Object Repository/Page_Plan Tab/a_Field_name' successfully

2018-09-10 11:14:33 - [MESSAGE][PASSED] - Scroll to object 'Object Repository/Page_Plan Tab/a_Field_name' successfully

2018-09-10 11:14:33 - [TEST_STEP][PASSED] - delay: Delayed 2 second(s)

2018-09-10 11:14:35 - [MESSAGE][PASSED] - Delayed 2 second(s)

2018-09-10 11:14:35 - [TEST_STEP][PASSED] - click: Object: 'Object Repository/Page_Plan Tab/a_Field_name' is clicked on

2018-09-10 11:14:36 - [MESSAGE][PASSED] - Object: 'Object Repository/Page_Plan Tab/a_Field_name' is clicked on

2018-09-10 11:14:36 - [TEST_STEP][PASSED] - click: Object: 'Object Repository/Page_Callidus Cloud Commissions Man/td_Comparision' is clicked on

2018-09-10 11:14:36 - [MESSAGE][PASSED] - Object: 'Object Repository/Page_Callidus Cloud Commissions Man/td_Comparision' is clicked on

2018-09-10 11:14:36 - [TEST_STEP][PASSED] - delay: Delayed 2 second(s)

2018-09-10 11:14:38 - [MESSAGE][PASSED] - Delayed 2 second(s)

2018-09-10 11:14:38 - [TEST_STEP][PASSED] - scrollToElement: Scroll to object 'Object Repository/Page_Callidus Cloud Commissions Man/option_Equals' successfully

2018-09-10 11:14:38 - [MESSAGE][PASSED] - Scroll to object 'Object Repository/Page_Callidus Cloud Commissions Man/option_Equals' successfully

2018-09-10 11:14:38 - [TEST_STEP][PASSED] - delay: Delayed 2 second(s)

2018-09-10 11:14:40 - [MESSAGE][PASSED] - Delayed 2 second(s)

2018-09-10 11:14:40 - [TEST_STEP][PASSED] - click: Object: 'Object Repository/Page_Callidus Cloud Commissions Man/option_Equals' is clicked on

2018-09-10 11:14:40 - [MESSAGE][PASSED] - Object: 'Object Repository/Page_Callidus Cloud Commissions Man/option_Equals' is clicked on

2018-09-10 11:14:40 - [TEST_STEP][PASSED] - delay: Delayed 2 second(s)

2018-09-10 11:14:42 - [MESSAGE][PASSED] - Delayed 2 second(s)

2018-09-10 11:14:42 - [TEST_STEP][PASSED] - setText: Text 'DR Base Commissions Flat Rate MTD' is set on object 'Object Repository/Page_Callidus Cloud Commissions Man/td_Value'

2018-09-10 11:14:43 - [MESSAGE][PASSED] - Text 'DR Base Commissions Flat Rate MTD' is set on object 'Object Repository/Page_Callidus Cloud Commissions Man/td_Value'

2018-09-10 11:14:43 - [TEST_STEP][PASSED] - delay: Delayed 2 second(s)

2018-09-10 11:14:45 - [MESSAGE][PASSED] - Delayed 2 second(s)

2018-09-10 11:14:45 - [TEST_STEP][PASSED] - click: Object: 'Object Repository/Page_Callidus Cloud Commissions Man/input_Apply Search' is clicked on

2018-09-10 11:14:45 - [MESSAGE][PASSED] - Object: 'Object Repository/Page_Callidus Cloud Commissions Man/input_Apply Search' is clicked on

2018-09-10 11:14:45 - [TEST_STEP][NOT_RUN] - acceptAlert: NOT_RUN: acceptAlert

2018-09-10 11:14:45 - [MESSAGE][NOT_RUN] - NOT_RUN: acceptAlert

2018-09-10 11:14:45 - [TEST_STEP][PASSED] - callTestCase: Call Test Case 'Test Cases/Commission Logout' successfully

2018-09-10 11:14:45 - [TEST_CASE][PASSED] - Test Cases/Commission Logout: Test Cases/Commission Logout

2018-09-10 11:14:45 - [TEST_STEP][PASSED] - click: Object: 'Object Repository/Page_Callidus Cloud Commissions Man/span_rkulkarncalliduscloud.com' is clicked on

2018-09-10 11:14:45 - [MESSAGE][PASSED] - Object: 'Object Repository/Page_Callidus Cloud Commissions Man/span_rkulkarncalliduscloud.com' is clicked on

2018-09-10 11:14:45 - [TEST_STEP][PASSED] - click: Object: 'Object Repository/Page_Callidus Cloud Commissions Man/div_Logout' is clicked on

2018-09-10 11:14:46 - [MESSAGE][PASSED] - Object: 'Object Repository/Page_Callidus Cloud Commissions Man/div_Logout' is clicked on

2018-09-10 11:14:46 - [TEST_STEP][PASSED] - closeBrowser: Browser is closed

2018-09-10 11:14:47 - [MESSAGE][PASSED] - Browser is closed

2018-09-10 11:14:47 - [MESSAGE][PASSED] - Call Test Case 'Test Cases/Commission Logout' successfully]]></system-out>
         <system-err><![CDATA[]]></system-err>
      </testcase>
      <testcase name="Test Cases/Earning Codes exist in the system" classname="Test Cases/Earning Codes exist in the system" status="PASSED">
         <system-out><![CDATA[2018-09-10 11:14:47 - [TEST_CASE][PASSED] - Test Cases/Earning Codes exist in the system: Test Cases/Earning Codes exist in the system

2018-09-10 11:14:48 - [TEST_STEP][PASSED] - callTestCase: Call Test Case 'Test Cases/Commission Login' successfully

2018-09-10 11:14:48 - [TEST_CASE][PASSED] - Test Cases/Commission Login: Test Cases/Commission Login

2018-09-10 11:14:48 - [TEST_STEP][PASSED] - openBrowser: Browser is opened with url: ''

2018-09-10 11:14:50 - [MESSAGE][PASSED] - Browser is opened with url: ''

2018-09-10 11:14:50 - [TEST_STEP][PASSED] - navigateToUrl: Navigate to 'https://biz3-tst.callidusondemand.com/SalesPortal/#!/' successfully

2018-09-10 11:14:51 - [MESSAGE][PASSED] - Navigate to 'https://biz3-tst.callidusondemand.com/SalesPortal/#!/' successfully

2018-09-10 11:14:51 - [TEST_STEP][PASSED] - maximizeWindow: Current window maximized

2018-09-10 11:14:53 - [MESSAGE][PASSED] - Current window maximized

2018-09-10 11:14:53 - [TEST_STEP][PASSED] - setText: Text 'kikosana@calliduscloud.com' is set on object 'Object Repository/Page_Sales Performance Home/input_username'

2018-09-10 11:14:53 - [MESSAGE][PASSED] - Text 'kikosana@calliduscloud.com' is set on object 'Object Repository/Page_Sales Performance Home/input_username'

2018-09-10 11:14:53 - [TEST_STEP][PASSED] - setText: Text 'Kiran09@@' is set on object 'Object Repository/Page_Sales Performance Home/input_password'

2018-09-10 11:14:53 - [MESSAGE][PASSED] - Text 'Kiran09@@' is set on object 'Object Repository/Page_Sales Performance Home/input_password'

2018-09-10 11:14:53 - [TEST_STEP][PASSED] - click: Object: 'Object Repository/Page_Sales Performance Home/button_Login' is clicked on

2018-09-10 11:14:53 - [MESSAGE][PASSED] - Object: 'Object Repository/Page_Sales Performance Home/button_Login' is clicked on

2018-09-10 11:14:53 - [TEST_STEP][PASSED] - click: Object: 'Object Repository/Page_Sales Performance Home/span_Sales Performance Home' is clicked on

2018-09-10 11:14:54 - [MESSAGE][PASSED] - Object: 'Object Repository/Page_Sales Performance Home/span_Sales Performance Home' is clicked on

2018-09-10 11:14:54 - [TEST_STEP][PASSED] - click: Object: 'Object Repository/Page_Sales Performance Home/a_Commissions' is clicked on

2018-09-10 11:14:55 - [MESSAGE][PASSED] - Object: 'Object Repository/Page_Sales Performance Home/a_Commissions' is clicked on

2018-09-10 11:14:55 - [TEST_STEP][PASSED] - click: Object: 'Object Repository/Page_Callidus Cloud Commissions Man/a_Manage Setup' is clicked on

2018-09-10 11:15:00 - [MESSAGE][PASSED] - Object: 'Object Repository/Page_Callidus Cloud Commissions Man/a_Manage Setup' is clicked on

2018-09-10 11:15:00 - [MESSAGE][PASSED] - Call Test Case 'Test Cases/Commission Login' successfully

2018-09-10 11:15:00 - [TEST_STEP][PASSED] - mouseOver: Object: 'Object Repository/Page_Callidus Cloud Commissions Man/div_ADMINISTRATION' is hovered

2018-09-10 11:15:01 - [MESSAGE][PASSED] - Object: 'Object Repository/Page_Callidus Cloud Commissions Man/div_ADMINISTRATION' is hovered

2018-09-10 11:15:01 - [TEST_STEP][PASSED] - delay: Delayed 5 second(s)

2018-09-10 11:15:06 - [MESSAGE][PASSED] - Delayed 5 second(s)

2018-09-10 11:15:06 - [TEST_STEP][PASSED] - scrollToElement: Scroll to object 'Object Repository/Page_Callidus Cloud Commissions Man/Reason Codes' successfully

2018-09-10 11:15:06 - [MESSAGE][PASSED] - Scroll to object 'Object Repository/Page_Callidus Cloud Commissions Man/Reason Codes' successfully

2018-09-10 11:15:06 - [TEST_STEP][PASSED] - click: Object: 'Object Repository/Page_Callidus Cloud Commissions Man/Reason Codes' is clicked on

2018-09-10 11:15:06 - [MESSAGE][PASSED] - Object: 'Object Repository/Page_Callidus Cloud Commissions Man/Reason Codes' is clicked on

2018-09-10 11:15:06 - [TEST_STEP][PASSED] - click: Object: 'Object Repository/Page_Callidus Cloud Commissions Man/a_Advanced Search' is clicked on

2018-09-10 11:15:06 - [MESSAGE][PASSED] - Object: 'Object Repository/Page_Callidus Cloud Commissions Man/a_Advanced Search' is clicked on

2018-09-10 11:15:06 - [TEST_STEP][NOT_RUN] - click: NOT_RUN: click

2018-09-10 11:15:06 - [MESSAGE][NOT_RUN] - NOT_RUN: click

2018-09-10 11:15:06 - [TEST_STEP][NOT_RUN] - scrollToElement: NOT_RUN: scrollToElement

2018-09-10 11:15:06 - [MESSAGE][NOT_RUN] - NOT_RUN: scrollToElement

2018-09-10 11:15:06 - [TEST_STEP][NOT_RUN] - click: NOT_RUN: click

2018-09-10 11:15:06 - [MESSAGE][NOT_RUN] - NOT_RUN: click

2018-09-10 11:15:06 - [TEST_STEP][NOT_RUN] - click: NOT_RUN: click

2018-09-10 11:15:06 - [MESSAGE][NOT_RUN] - NOT_RUN: click

2018-09-10 11:15:06 - [TEST_STEP][NOT_RUN] - scrollToElement: NOT_RUN: scrollToElement

2018-09-10 11:15:06 - [MESSAGE][NOT_RUN] - NOT_RUN: scrollToElement

2018-09-10 11:15:06 - [TEST_STEP][NOT_RUN] - click: NOT_RUN: click

2018-09-10 11:15:06 - [MESSAGE][NOT_RUN] - NOT_RUN: click

2018-09-10 11:15:06 - [TEST_STEP][NOT_RUN] - setText: NOT_RUN: setText

2018-09-10 11:15:06 - [MESSAGE][NOT_RUN] - NOT_RUN: setText

2018-09-10 11:15:06 - [TEST_STEP][NOT_RUN] - click: NOT_RUN: click

2018-09-10 11:15:06 - [MESSAGE][NOT_RUN] - NOT_RUN: click

2018-09-10 11:15:06 - [TEST_STEP][NOT_RUN] - callTestCase: NOT_RUN: callTestCase

2018-09-10 11:15:06 - [MESSAGE][NOT_RUN] - NOT_RUN: callTestCase]]></system-out>
         <system-err><![CDATA[]]></system-err>
      </testcase>
      <testcase name="Test Cases/Earning Groups exist in the system" classname="Test Cases/Earning Groups exist in the system" status="PASSED">
         <system-out><![CDATA[2018-09-10 11:15:06 - [TEST_CASE][PASSED] - Test Cases/Earning Groups exist in the system: Test Cases/Earning Groups exist in the system

2018-09-10 11:15:07 - [TEST_STEP][NOT_RUN] - callTestCase: NOT_RUN: callTestCase

2018-09-10 11:15:07 - [MESSAGE][NOT_RUN] - NOT_RUN: callTestCase

2018-09-10 11:15:07 - [TEST_STEP][PASSED] - mouseOver: Object: 'Object Repository/Page_Callidus Cloud Commissions Man/div_ADMINISTRATION' is hovered

2018-09-10 11:15:07 - [MESSAGE][PASSED] - Object: 'Object Repository/Page_Callidus Cloud Commissions Man/div_ADMINISTRATION' is hovered

2018-09-10 11:15:07 - [TEST_STEP][PASSED] - delay: Delayed 2 second(s)

2018-09-10 11:15:09 - [MESSAGE][PASSED] - Delayed 2 second(s)

2018-09-10 11:15:09 - [TEST_STEP][PASSED] - scrollToElement: Scroll to object 'Object Repository/Page_Callidus Cloud Commissions Man/a_Earning Groups' successfully

2018-09-10 11:15:09 - [MESSAGE][PASSED] - Scroll to object 'Object Repository/Page_Callidus Cloud Commissions Man/a_Earning Groups' successfully

2018-09-10 11:15:09 - [TEST_STEP][PASSED] - delay: Delayed 2 second(s)

2018-09-10 11:15:11 - [MESSAGE][PASSED] - Delayed 2 second(s)

2018-09-10 11:15:11 - [TEST_STEP][PASSED] - click: Object: 'Object Repository/Page_Callidus Cloud Commissions Man/a_Earning Groups' is clicked on

2018-09-10 11:15:11 - [MESSAGE][PASSED] - Object: 'Object Repository/Page_Callidus Cloud Commissions Man/a_Earning Groups' is clicked on

2018-09-10 11:15:11 - [TEST_STEP][PASSED] - click: Object: 'Object Repository/Page_Callidus Cloud Commissions Man/a_Advanced Search' is clicked on

2018-09-10 11:15:12 - [MESSAGE][PASSED] - Object: 'Object Repository/Page_Callidus Cloud Commissions Man/a_Advanced Search' is clicked on

2018-09-10 11:15:12 - [TEST_STEP][PASSED] - click: Object: 'Object Repository/Page_Callidus Cloud Commissions Man/td_Field Name' is clicked on

2018-09-10 11:15:12 - [MESSAGE][PASSED] - Object: 'Object Repository/Page_Callidus Cloud Commissions Man/td_Field Name' is clicked on

2018-09-10 11:15:12 - [TEST_STEP][PASSED] - delay: Delayed 2 second(s)

2018-09-10 11:15:14 - [MESSAGE][PASSED] - Delayed 2 second(s)

2018-09-10 11:15:14 - [TEST_STEP][PASSED] - scrollToElement: Scroll to object 'Object Repository/Page_Callidus Cloud Commissions Man/option_Earining Groups' successfully

2018-09-10 11:15:14 - [MESSAGE][PASSED] - Scroll to object 'Object Repository/Page_Callidus Cloud Commissions Man/option_Earining Groups' successfully

2018-09-10 11:15:14 - [TEST_STEP][PASSED] - delay: Delayed 2 second(s)

2018-09-10 11:15:16 - [MESSAGE][PASSED] - Delayed 2 second(s)

2018-09-10 11:15:16 - [TEST_STEP][PASSED] - click: Object: 'Object Repository/Page_Callidus Cloud Commissions Man/option_Earining Groups' is clicked on

2018-09-10 11:15:17 - [MESSAGE][PASSED] - Object: 'Object Repository/Page_Callidus Cloud Commissions Man/option_Earining Groups' is clicked on

2018-09-10 11:15:17 - [TEST_STEP][PASSED] - click: Object: 'Object Repository/Page_Callidus Cloud Commissions Man/td_Comparision' is clicked on

2018-09-10 11:15:17 - [MESSAGE][PASSED] - Object: 'Object Repository/Page_Callidus Cloud Commissions Man/td_Comparision' is clicked on

2018-09-10 11:15:17 - [TEST_STEP][PASSED] - delay: Delayed 2 second(s)

2018-09-10 11:15:19 - [MESSAGE][PASSED] - Delayed 2 second(s)

2018-09-10 11:15:19 - [TEST_STEP][PASSED] - scrollToElement: Scroll to object 'Object Repository/Page_Callidus Cloud Commissions Man/option_Equals' successfully

2018-09-10 11:15:19 - [MESSAGE][PASSED] - Scroll to object 'Object Repository/Page_Callidus Cloud Commissions Man/option_Equals' successfully

2018-09-10 11:15:19 - [TEST_STEP][PASSED] - delay: Delayed 2 second(s)

2018-09-10 11:15:21 - [MESSAGE][PASSED] - Delayed 2 second(s)

2018-09-10 11:15:21 - [TEST_STEP][PASSED] - click: Object: 'Object Repository/Page_Callidus Cloud Commissions Man/option_Equals' is clicked on

2018-09-10 11:15:21 - [MESSAGE][PASSED] - Object: 'Object Repository/Page_Callidus Cloud Commissions Man/option_Equals' is clicked on

2018-09-10 11:15:21 - [TEST_STEP][PASSED] - delay: Delayed 2 second(s)

2018-09-10 11:15:23 - [MESSAGE][PASSED] - Delayed 2 second(s)

2018-09-10 11:15:23 - [TEST_STEP][PASSED] - setText: Text 'commission' is set on object 'Object Repository/Page_Callidus Cloud Commissions Man/td_Value'

2018-09-10 11:15:23 - [MESSAGE][PASSED] - Text 'commission' is set on object 'Object Repository/Page_Callidus Cloud Commissions Man/td_Value'

2018-09-10 11:15:23 - [TEST_STEP][PASSED] - delay: Delayed 2 second(s)

2018-09-10 11:15:25 - [MESSAGE][PASSED] - Delayed 2 second(s)

2018-09-10 11:15:25 - [TEST_STEP][PASSED] - click: Object: 'Object Repository/Page_Callidus Cloud Commissions Man/input_Apply Search' is clicked on

2018-09-10 11:15:26 - [MESSAGE][PASSED] - Object: 'Object Repository/Page_Callidus Cloud Commissions Man/input_Apply Search' is clicked on

2018-09-10 11:15:26 - [TEST_STEP][NOT_RUN] - callTestCase: NOT_RUN: callTestCase

2018-09-10 11:15:26 - [MESSAGE][NOT_RUN] - NOT_RUN: callTestCase]]></system-out>
         <system-err><![CDATA[]]></system-err>
      </testcase>
      <testcase name="Test Cases/EventTypes exist in the System" classname="Test Cases/EventTypes exist in the System" status="PASSED">
         <system-out><![CDATA[2018-09-10 11:15:26 - [TEST_CASE][PASSED] - Test Cases/EventTypes exist in the System: Test Cases/EventTypes exist in the System

2018-09-10 11:15:26 - [TEST_STEP][NOT_RUN] - callTestCase: NOT_RUN: callTestCase

2018-09-10 11:15:26 - [MESSAGE][NOT_RUN] - NOT_RUN: callTestCase

2018-09-10 11:15:26 - [TEST_STEP][PASSED] - mouseOver: Object: 'Object Repository/Page_Callidus Cloud Commissions Man/div_ADMINISTRATION' is hovered

2018-09-10 11:15:26 - [MESSAGE][PASSED] - Object: 'Object Repository/Page_Callidus Cloud Commissions Man/div_ADMINISTRATION' is hovered

2018-09-10 11:15:26 - [TEST_STEP][PASSED] - delay: Delayed 2 second(s)

2018-09-10 11:15:28 - [MESSAGE][PASSED] - Delayed 2 second(s)

2018-09-10 11:15:28 - [TEST_STEP][PASSED] - scrollToElement: Scroll to object 'Object Repository/Page_Callidus Cloud Commissions Man/a_Event Types' successfully

2018-09-10 11:15:28 - [MESSAGE][PASSED] - Scroll to object 'Object Repository/Page_Callidus Cloud Commissions Man/a_Event Types' successfully

2018-09-10 11:15:28 - [TEST_STEP][PASSED] - delay: Delayed 2 second(s)

2018-09-10 11:15:30 - [MESSAGE][PASSED] - Delayed 2 second(s)

2018-09-10 11:15:30 - [TEST_STEP][PASSED] - click: Object: 'Object Repository/Page_Callidus Cloud Commissions Man/a_Event Types' is clicked on

2018-09-10 11:15:31 - [MESSAGE][PASSED] - Object: 'Object Repository/Page_Callidus Cloud Commissions Man/a_Event Types' is clicked on

2018-09-10 11:15:31 - [TEST_STEP][PASSED] - click: Object: 'Object Repository/Page_Callidus Cloud Commissions Man/a_Advanced Search' is clicked on

2018-09-10 11:15:31 - [MESSAGE][PASSED] - Object: 'Object Repository/Page_Callidus Cloud Commissions Man/a_Advanced Search' is clicked on

2018-09-10 11:15:31 - [TEST_STEP][PASSED] - delay: Delayed 3 second(s)

2018-09-10 11:15:34 - [MESSAGE][PASSED] - Delayed 3 second(s)

2018-09-10 11:15:34 - [TEST_STEP][PASSED] - click: Object: 'Object Repository/Page_Callidus Cloud Commissions Man/td_Field Name' is clicked on

2018-09-10 11:15:34 - [MESSAGE][PASSED] - Object: 'Object Repository/Page_Callidus Cloud Commissions Man/td_Field Name' is clicked on

2018-09-10 11:15:34 - [TEST_STEP][PASSED] - delay: Delayed 2 second(s)

2018-09-10 11:15:36 - [MESSAGE][PASSED] - Delayed 2 second(s)

2018-09-10 11:15:36 - [TEST_STEP][PASSED] - scrollToElement: Scroll to object 'Object Repository/Page_Callidus Cloud Commissions Man/a_eventTypeId' successfully

2018-09-10 11:15:36 - [MESSAGE][PASSED] - Scroll to object 'Object Repository/Page_Callidus Cloud Commissions Man/a_eventTypeId' successfully

2018-09-10 11:15:36 - [TEST_STEP][PASSED] - delay: Delayed 2 second(s)

2018-09-10 11:15:38 - [MESSAGE][PASSED] - Delayed 2 second(s)

2018-09-10 11:15:38 - [TEST_STEP][PASSED] - click: Object: 'Object Repository/Page_Callidus Cloud Commissions Man/a_eventTypeId' is clicked on

2018-09-10 11:15:38 - [MESSAGE][PASSED] - Object: 'Object Repository/Page_Callidus Cloud Commissions Man/a_eventTypeId' is clicked on

2018-09-10 11:15:38 - [TEST_STEP][PASSED] - click: Object: 'Object Repository/Page_Callidus Cloud Commissions Man/td_Comparision' is clicked on

2018-09-10 11:15:38 - [MESSAGE][PASSED] - Object: 'Object Repository/Page_Callidus Cloud Commissions Man/td_Comparision' is clicked on

2018-09-10 11:15:38 - [TEST_STEP][PASSED] - delay: Delayed 2 second(s)

2018-09-10 11:15:40 - [MESSAGE][PASSED] - Delayed 2 second(s)

2018-09-10 11:15:40 - [TEST_STEP][PASSED] - scrollToElement: Scroll to object 'Object Repository/Page_Callidus Cloud Commissions Man/option_Equals' successfully

2018-09-10 11:15:40 - [MESSAGE][PASSED] - Scroll to object 'Object Repository/Page_Callidus Cloud Commissions Man/option_Equals' successfully

2018-09-10 11:15:40 - [TEST_STEP][PASSED] - delay: Delayed 2 second(s)

2018-09-10 11:15:42 - [MESSAGE][PASSED] - Delayed 2 second(s)

2018-09-10 11:15:42 - [TEST_STEP][PASSED] - click: Object: 'Object Repository/Page_Callidus Cloud Commissions Man/option_Equals' is clicked on

2018-09-10 11:15:43 - [MESSAGE][PASSED] - Object: 'Object Repository/Page_Callidus Cloud Commissions Man/option_Equals' is clicked on

2018-09-10 11:15:43 - [TEST_STEP][PASSED] - delay: Delayed 2 second(s)

2018-09-10 11:15:45 - [MESSAGE][PASSED] - Delayed 2 second(s)

2018-09-10 11:15:45 - [TEST_STEP][PASSED] - setText: Text 'invoicing' is set on object 'Object Repository/Page_Callidus Cloud Commissions Man/td_Value'

2018-09-10 11:15:45 - [MESSAGE][PASSED] - Text 'invoicing' is set on object 'Object Repository/Page_Callidus Cloud Commissions Man/td_Value'

2018-09-10 11:15:45 - [TEST_STEP][PASSED] - click: Object: 'Object Repository/Page_Callidus Cloud Commissions Man/input_Apply Search' is clicked on

2018-09-10 11:15:45 - [MESSAGE][PASSED] - Object: 'Object Repository/Page_Callidus Cloud Commissions Man/input_Apply Search' is clicked on

2018-09-10 11:15:45 - [TEST_STEP][NOT_RUN] - callTestCase: NOT_RUN: callTestCase

2018-09-10 11:15:45 - [MESSAGE][NOT_RUN] - NOT_RUN: callTestCase]]></system-out>
         <system-err><![CDATA[]]></system-err>
      </testcase>
      <testcase name="Test Cases/Fixed ValueTypes exist in the system" classname="Test Cases/Fixed ValueTypes exist in the system" status="PASSED">
         <system-out><![CDATA[2018-09-10 11:15:45 - [TEST_CASE][PASSED] - Test Cases/Fixed ValueTypes exist in the system: Test Cases/Fixed ValueTypes exist in the system

2018-09-10 11:15:45 - [TEST_STEP][NOT_RUN] - callTestCase: NOT_RUN: callTestCase

2018-09-10 11:15:45 - [MESSAGE][NOT_RUN] - NOT_RUN: callTestCase

2018-09-10 11:15:45 - [TEST_STEP][PASSED] - delay: Delayed 6 second(s)

2018-09-10 11:15:51 - [MESSAGE][PASSED] - Delayed 6 second(s)

2018-09-10 11:15:51 - [TEST_STEP][PASSED] - mouseOver: Object: 'Object Repository/Page_Callidus Cloud Commissions Man/div_ADMINISTRATION' is hovered

2018-09-10 11:15:51 - [MESSAGE][PASSED] - Object: 'Object Repository/Page_Callidus Cloud Commissions Man/div_ADMINISTRATION' is hovered

2018-09-10 11:15:51 - [TEST_STEP][PASSED] - delay: Delayed 3 second(s)

2018-09-10 11:15:54 - [MESSAGE][PASSED] - Delayed 3 second(s)

2018-09-10 11:15:54 - [TEST_STEP][PASSED] - scrollToElement: Scroll to object 'Object Repository/Page_Callidus Cloud Commissions Man/a_Fixed Value Types' successfully

2018-09-10 11:15:55 - [MESSAGE][PASSED] - Scroll to object 'Object Repository/Page_Callidus Cloud Commissions Man/a_Fixed Value Types' successfully

2018-09-10 11:15:55 - [TEST_STEP][PASSED] - click: Object: 'Object Repository/Page_Callidus Cloud Commissions Man/a_Fixed Value Types' is clicked on

2018-09-10 11:15:55 - [MESSAGE][PASSED] - Object: 'Object Repository/Page_Callidus Cloud Commissions Man/a_Fixed Value Types' is clicked on

2018-09-10 11:15:55 - [TEST_STEP][PASSED] - click: Object: 'Object Repository/Page_Callidus Cloud Commissions Man/a_Advanced Search' is clicked on

2018-09-10 11:15:55 - [MESSAGE][PASSED] - Object: 'Object Repository/Page_Callidus Cloud Commissions Man/a_Advanced Search' is clicked on

2018-09-10 11:15:55 - [TEST_STEP][PASSED] - delay: Delayed 3 second(s)

2018-09-10 11:15:58 - [MESSAGE][PASSED] - Delayed 3 second(s)

2018-09-10 11:15:58 - [TEST_STEP][PASSED] - click: Object: 'Object Repository/Page_Callidus Cloud Commissions Man/td_Field Name' is clicked on

2018-09-10 11:15:59 - [MESSAGE][PASSED] - Object: 'Object Repository/Page_Callidus Cloud Commissions Man/td_Field Name' is clicked on

2018-09-10 11:15:59 - [TEST_STEP][PASSED] - delay: Delayed 2 second(s)

2018-09-10 11:16:01 - [MESSAGE][PASSED] - Delayed 2 second(s)

2018-09-10 11:16:01 - [TEST_STEP][PASSED] - scrollToElement: Scroll to object 'Object Repository/Page_Callidus Cloud Commissions Man/a_fixedValueTypeId' successfully

2018-09-10 11:16:01 - [MESSAGE][PASSED] - Scroll to object 'Object Repository/Page_Callidus Cloud Commissions Man/a_fixedValueTypeId' successfully

2018-09-10 11:16:01 - [TEST_STEP][PASSED] - delay: Delayed 2 second(s)

2018-09-10 11:16:03 - [MESSAGE][PASSED] - Delayed 2 second(s)

2018-09-10 11:16:03 - [TEST_STEP][PASSED] - click: Object: 'Object Repository/Page_Callidus Cloud Commissions Man/a_fixedValueTypeId' is clicked on

2018-09-10 11:16:03 - [MESSAGE][PASSED] - Object: 'Object Repository/Page_Callidus Cloud Commissions Man/a_fixedValueTypeId' is clicked on

2018-09-10 11:16:03 - [TEST_STEP][PASSED] - click: Object: 'Object Repository/Page_Callidus Cloud Commissions Man/td_Comparision' is clicked on

2018-09-10 11:16:03 - [MESSAGE][PASSED] - Object: 'Object Repository/Page_Callidus Cloud Commissions Man/td_Comparision' is clicked on

2018-09-10 11:16:03 - [TEST_STEP][PASSED] - scrollToElement: Scroll to object 'Object Repository/Page_Callidus Cloud Commissions Man/option_Equals' successfully

2018-09-10 11:16:03 - [MESSAGE][PASSED] - Scroll to object 'Object Repository/Page_Callidus Cloud Commissions Man/option_Equals' successfully

2018-09-10 11:16:03 - [TEST_STEP][PASSED] - delay: Delayed 2 second(s)

2018-09-10 11:16:05 - [MESSAGE][PASSED] - Delayed 2 second(s)

2018-09-10 11:16:05 - [TEST_STEP][PASSED] - click: Object: 'Object Repository/Page_Callidus Cloud Commissions Man/option_Equals' is clicked on

2018-09-10 11:16:05 - [MESSAGE][PASSED] - Object: 'Object Repository/Page_Callidus Cloud Commissions Man/option_Equals' is clicked on

2018-09-10 11:16:05 - [TEST_STEP][PASSED] - delay: Delayed 2 second(s)

2018-09-10 11:16:07 - [MESSAGE][PASSED] - Delayed 2 second(s)

2018-09-10 11:16:07 - [TEST_STEP][PASSED] - setText: Text 'Fix1' is set on object 'Object Repository/Page_Callidus Cloud Commissions Man/td_Value'

2018-09-10 11:16:07 - [MESSAGE][PASSED] - Text 'Fix1' is set on object 'Object Repository/Page_Callidus Cloud Commissions Man/td_Value'

2018-09-10 11:16:07 - [TEST_STEP][PASSED] - click: Object: 'Object Repository/Page_Callidus Cloud Commissions Man/input_Apply Search' is clicked on

2018-09-10 11:16:08 - [MESSAGE][PASSED] - Object: 'Object Repository/Page_Callidus Cloud Commissions Man/input_Apply Search' is clicked on

2018-09-10 11:16:08 - [TEST_STEP][NOT_RUN] - callTestCase: NOT_RUN: callTestCase

2018-09-10 11:16:08 - [MESSAGE][NOT_RUN] - NOT_RUN: callTestCase]]></system-out>
         <system-err><![CDATA[]]></system-err>
      </testcase>
      <testcase name="Test Cases/Fixed_Value_Variables_exist_in_the_System" classname="Test Cases/Fixed_Value_Variables_exist_in_the_System" status="PASSED">
         <system-out><![CDATA[2018-09-10 11:16:08 - [TEST_CASE][PASSED] - Test Cases/Fixed_Value_Variables_exist_in_the_System: Test Cases/Fixed_Value_Variables_exist_in_the_System

2018-09-10 11:16:08 - [TEST_STEP][NOT_RUN] - callTestCase: NOT_RUN: callTestCase

2018-09-10 11:16:08 - [MESSAGE][NOT_RUN] - NOT_RUN: callTestCase

2018-09-10 11:16:08 - [TEST_STEP][PASSED] - mouseOver: Object: 'Object Repository/Page_Callidus Cloud Commissions Man/div_PLAN' is hovered

2018-09-10 11:16:08 - [MESSAGE][PASSED] - Object: 'Object Repository/Page_Callidus Cloud Commissions Man/div_PLAN' is hovered

2018-09-10 11:16:08 - [TEST_STEP][PASSED] - delay: Delayed 2 second(s)

2018-09-10 11:16:10 - [MESSAGE][PASSED] - Delayed 2 second(s)

2018-09-10 11:16:10 - [TEST_STEP][PASSED] - scrollToElement: Scroll to object 'Object Repository/Page_Callidus Cloud Commissions Man/a_Plan Components' successfully

2018-09-10 11:16:10 - [MESSAGE][PASSED] - Scroll to object 'Object Repository/Page_Callidus Cloud Commissions Man/a_Plan Components' successfully

2018-09-10 11:16:10 - [TEST_STEP][PASSED] - delay: Delayed 2 second(s)

2018-09-10 11:16:12 - [MESSAGE][PASSED] - Delayed 2 second(s)

2018-09-10 11:16:12 - [TEST_STEP][PASSED] - scrollToElement: Scroll to object 'Object Repository/Page_Callidus Cloud Commissions Man/a_Variables' successfully

2018-09-10 11:16:12 - [MESSAGE][PASSED] - Scroll to object 'Object Repository/Page_Callidus Cloud Commissions Man/a_Variables' successfully

2018-09-10 11:16:12 - [TEST_STEP][PASSED] - delay: Delayed 2 second(s)

2018-09-10 11:16:14 - [MESSAGE][PASSED] - Delayed 2 second(s)

2018-09-10 11:16:14 - [TEST_STEP][PASSED] - click: Object: 'Object Repository/Page_Callidus Cloud Commissions Man/a_Variables' is clicked on

2018-09-10 11:16:15 - [MESSAGE][PASSED] - Object: 'Object Repository/Page_Callidus Cloud Commissions Man/a_Variables' is clicked on

2018-09-10 11:16:15 - [TEST_STEP][PASSED] - delay: Delayed 2 second(s)

2018-09-10 11:16:17 - [MESSAGE][PASSED] - Delayed 2 second(s)

2018-09-10 11:16:17 - [TEST_STEP][PASSED] - click: Object: 'Object Repository/Page_Callidus Cloud Commissions Man/a_Advanced Search' is clicked on

2018-09-10 11:16:17 - [MESSAGE][PASSED] - Object: 'Object Repository/Page_Callidus Cloud Commissions Man/a_Advanced Search' is clicked on

2018-09-10 11:16:17 - [TEST_STEP][PASSED] - delay: Delayed 2 second(s)

2018-09-10 11:16:19 - [MESSAGE][PASSED] - Delayed 2 second(s)

2018-09-10 11:16:19 - [TEST_STEP][PASSED] - click: Object: 'Object Repository/Page_Callidus Cloud Commissions Man/td_Field Name' is clicked on

2018-09-10 11:16:19 - [MESSAGE][PASSED] - Object: 'Object Repository/Page_Callidus Cloud Commissions Man/td_Field Name' is clicked on

2018-09-10 11:16:19 - [TEST_STEP][PASSED] - delay: Delayed 2 second(s)

2018-09-10 11:16:21 - [MESSAGE][PASSED] - Delayed 2 second(s)

2018-09-10 11:16:21 - [TEST_STEP][PASSED] - scrollToElement: Scroll to object 'Object Repository/Page_Callidus Cloud Commissions Man/option_Variables' successfully

2018-09-10 11:16:21 - [MESSAGE][PASSED] - Scroll to object 'Object Repository/Page_Callidus Cloud Commissions Man/option_Variables' successfully

2018-09-10 11:16:21 - [TEST_STEP][PASSED] - delay: Delayed 2 second(s)

2018-09-10 11:16:23 - [MESSAGE][PASSED] - Delayed 2 second(s)

2018-09-10 11:16:23 - [TEST_STEP][PASSED] - click: Object: 'Object Repository/Page_Callidus Cloud Commissions Man/option_Variables' is clicked on

2018-09-10 11:16:23 - [MESSAGE][PASSED] - Object: 'Object Repository/Page_Callidus Cloud Commissions Man/option_Variables' is clicked on

2018-09-10 11:16:23 - [TEST_STEP][PASSED] - click: Object: 'Object Repository/Page_Callidus Cloud Commissions Man/td_Comparision' is clicked on

2018-09-10 11:16:23 - [MESSAGE][PASSED] - Object: 'Object Repository/Page_Callidus Cloud Commissions Man/td_Comparision' is clicked on

2018-09-10 11:16:23 - [TEST_STEP][NOT_RUN] - delay: NOT_RUN: delay

2018-09-10 11:16:23 - [MESSAGE][NOT_RUN] - NOT_RUN: delay

2018-09-10 11:16:23 - [TEST_STEP][NOT_RUN] - deselectOptionByIndex: NOT_RUN: deselectOptionByIndex

2018-09-10 11:16:23 - [MESSAGE][NOT_RUN] - NOT_RUN: deselectOptionByIndex

2018-09-10 11:16:23 - [TEST_STEP][PASSED] - delay: Delayed 2 second(s)

2018-09-10 11:16:25 - [MESSAGE][PASSED] - Delayed 2 second(s)

2018-09-10 11:16:25 - [TEST_STEP][PASSED] - scrollToElement: Scroll to object 'Object Repository/Page_Callidus Cloud Commissions Man/option_Equals' successfully

2018-09-10 11:16:25 - [MESSAGE][PASSED] - Scroll to object 'Object Repository/Page_Callidus Cloud Commissions Man/option_Equals' successfully

2018-09-10 11:16:25 - [TEST_STEP][PASSED] - delay: Delayed 2 second(s)

2018-09-10 11:16:27 - [MESSAGE][PASSED] - Delayed 2 second(s)

2018-09-10 11:16:27 - [TEST_STEP][PASSED] - click: Object: 'Object Repository/Page_Callidus Cloud Commissions Man/option_Equals' is clicked on

2018-09-10 11:16:28 - [MESSAGE][PASSED] - Object: 'Object Repository/Page_Callidus Cloud Commissions Man/option_Equals' is clicked on

2018-09-10 11:16:28 - [TEST_STEP][PASSED] - delay: Delayed 2 second(s)

2018-09-10 11:16:30 - [MESSAGE][PASSED] - Delayed 2 second(s)

2018-09-10 11:16:30 - [TEST_STEP][PASSED] - setText: Text 'Var_FV_Demo1' is set on object 'Object Repository/Page_Callidus Cloud Commissions Man/td_Value'

2018-09-10 11:16:30 - [MESSAGE][PASSED] - Text 'Var_FV_Demo1' is set on object 'Object Repository/Page_Callidus Cloud Commissions Man/td_Value'

2018-09-10 11:16:30 - [TEST_STEP][PASSED] - delay: Delayed 2 second(s)

2018-09-10 11:16:32 - [MESSAGE][PASSED] - Delayed 2 second(s)

2018-09-10 11:16:32 - [TEST_STEP][PASSED] - click: Object: 'Object Repository/Page_Callidus Cloud Commissions Man/input_Apply Search' is clicked on

2018-09-10 11:16:32 - [MESSAGE][PASSED] - Object: 'Object Repository/Page_Callidus Cloud Commissions Man/input_Apply Search' is clicked on

2018-09-10 11:16:32 - [TEST_STEP][PASSED] - delay: Delayed 5 second(s)

2018-09-10 11:16:37 - [MESSAGE][PASSED] - Delayed 5 second(s)

2018-09-10 11:16:37 - [TEST_STEP][NOT_RUN] - callTestCase: NOT_RUN: callTestCase

2018-09-10 11:16:37 - [MESSAGE][NOT_RUN] - NOT_RUN: callTestCase]]></system-out>
         <system-err><![CDATA[]]></system-err>
      </testcase>
      <testcase name="Test Cases/Incentive Rule exists in the system" classname="Test Cases/Incentive Rule exists in the system" status="PASSED">
         <system-out><![CDATA[2018-09-10 11:16:37 - [TEST_CASE][PASSED] - Test Cases/Incentive Rule exists in the system: Test Cases/Incentive Rule exists in the system

2018-09-10 11:16:37 - [TEST_STEP][NOT_RUN] - callTestCase: NOT_RUN: callTestCase

2018-09-10 11:16:37 - [MESSAGE][NOT_RUN] - NOT_RUN: callTestCase

2018-09-10 11:16:37 - [TEST_STEP][PASSED] - delay: Delayed 5 second(s)

2018-09-10 11:16:42 - [MESSAGE][PASSED] - Delayed 5 second(s)

2018-09-10 11:16:42 - [TEST_STEP][PASSED] - mouseOver: Object: 'Object Repository/Page_Plan Tab/a_Plan' is hovered

2018-09-10 11:16:42 - [MESSAGE][PASSED] - Object: 'Object Repository/Page_Plan Tab/a_Plan' is hovered

2018-09-10 11:16:42 - [TEST_STEP][PASSED] - delay: Delayed 3 second(s)

2018-09-10 11:16:45 - [MESSAGE][PASSED] - Delayed 3 second(s)

2018-09-10 11:16:45 - [TEST_STEP][PASSED] - scrollToElement: Scroll to object 'Object Repository/Page_Plan Tab/a_Rules' successfully

2018-09-10 11:16:46 - [MESSAGE][PASSED] - Scroll to object 'Object Repository/Page_Plan Tab/a_Rules' successfully

2018-09-10 11:16:46 - [TEST_STEP][PASSED] - delay: Delayed 3 second(s)

2018-09-10 11:16:49 - [MESSAGE][PASSED] - Delayed 3 second(s)

2018-09-10 11:16:49 - [TEST_STEP][PASSED] - click: Object: 'Object Repository/Page_Plan Tab/a_Rules' is clicked on

2018-09-10 11:16:49 - [MESSAGE][PASSED] - Object: 'Object Repository/Page_Plan Tab/a_Rules' is clicked on

2018-09-10 11:16:49 - [TEST_STEP][PASSED] - delay: Delayed 2 second(s)

2018-09-10 11:16:51 - [MESSAGE][PASSED] - Delayed 2 second(s)

2018-09-10 11:16:51 - [TEST_STEP][PASSED] - click: Object: 'Object Repository/Page_Callidus Cloud Commissions Man/a_Advanced Search' is clicked on

2018-09-10 11:16:52 - [MESSAGE][PASSED] - Object: 'Object Repository/Page_Callidus Cloud Commissions Man/a_Advanced Search' is clicked on

2018-09-10 11:16:52 - [TEST_STEP][PASSED] - delay: Delayed 3 second(s)

2018-09-10 11:16:55 - [MESSAGE][PASSED] - Delayed 3 second(s)

2018-09-10 11:16:55 - [TEST_STEP][PASSED] - click: Object: 'Object Repository/Page_Callidus Cloud Commissions Man/td_Field Name' is clicked on

2018-09-10 11:16:55 - [MESSAGE][PASSED] - Object: 'Object Repository/Page_Callidus Cloud Commissions Man/td_Field Name' is clicked on

2018-09-10 11:16:55 - [TEST_STEP][PASSED] - delay: Delayed 2 second(s)

2018-09-10 11:16:57 - [MESSAGE][PASSED] - Delayed 2 second(s)

2018-09-10 11:16:57 - [TEST_STEP][PASSED] - scrollToElement: Scroll to object 'Object Repository/Page_Plan Tab/a_Field_name' successfully

2018-09-10 11:16:57 - [MESSAGE][PASSED] - Scroll to object 'Object Repository/Page_Plan Tab/a_Field_name' successfully

2018-09-10 11:16:57 - [TEST_STEP][PASSED] - delay: Delayed 2 second(s)

2018-09-10 11:16:59 - [MESSAGE][PASSED] - Delayed 2 second(s)

2018-09-10 11:16:59 - [TEST_STEP][PASSED] - click: Object: 'Object Repository/Page_Plan Tab/a_Field_name' is clicked on

2018-09-10 11:16:59 - [MESSAGE][PASSED] - Object: 'Object Repository/Page_Plan Tab/a_Field_name' is clicked on

2018-09-10 11:16:59 - [TEST_STEP][PASSED] - delay: Delayed 2 second(s)

2018-09-10 11:17:01 - [MESSAGE][PASSED] - Delayed 2 second(s)

2018-09-10 11:17:01 - [TEST_STEP][PASSED] - click: Object: 'Object Repository/Page_Callidus Cloud Commissions Man/td_Comparision' is clicked on

2018-09-10 11:17:01 - [MESSAGE][PASSED] - Object: 'Object Repository/Page_Callidus Cloud Commissions Man/td_Comparision' is clicked on

2018-09-10 11:17:01 - [TEST_STEP][PASSED] - delay: Delayed 2 second(s)

2018-09-10 11:17:03 - [MESSAGE][PASSED] - Delayed 2 second(s)

2018-09-10 11:17:03 - [TEST_STEP][PASSED] - scrollToElement: Scroll to object 'Object Repository/Page_Callidus Cloud Commissions Man/option_Equals' successfully

2018-09-10 11:17:03 - [MESSAGE][PASSED] - Scroll to object 'Object Repository/Page_Callidus Cloud Commissions Man/option_Equals' successfully

2018-09-10 11:17:03 - [TEST_STEP][PASSED] - delay: Delayed 2 second(s)

2018-09-10 11:17:05 - [MESSAGE][PASSED] - Delayed 2 second(s)

2018-09-10 11:17:05 - [TEST_STEP][PASSED] - click: Object: 'Object Repository/Page_Callidus Cloud Commissions Man/option_Equals' is clicked on

2018-09-10 11:17:05 - [MESSAGE][PASSED] - Object: 'Object Repository/Page_Callidus Cloud Commissions Man/option_Equals' is clicked on

2018-09-10 11:17:05 - [TEST_STEP][PASSED] - delay: Delayed 2 second(s)

2018-09-10 11:17:07 - [MESSAGE][PASSED] - Delayed 2 second(s)

2018-09-10 11:17:07 - [TEST_STEP][PASSED] - setText: Text 'IR Base Commissions Flat Rate Quota Based MTD' is set on object 'Object Repository/Page_Callidus Cloud Commissions Man/td_Value'

2018-09-10 11:17:08 - [MESSAGE][PASSED] - Text 'IR Base Commissions Flat Rate Quota Based MTD' is set on object 'Object Repository/Page_Callidus Cloud Commissions Man/td_Value'

2018-09-10 11:17:08 - [TEST_STEP][PASSED] - delay: Delayed 2 second(s)

2018-09-10 11:17:10 - [MESSAGE][PASSED] - Delayed 2 second(s)

2018-09-10 11:17:10 - [TEST_STEP][PASSED] - click: Object: 'Object Repository/Page_Callidus Cloud Commissions Man/input_Apply Search' is clicked on

2018-09-10 11:17:10 - [MESSAGE][PASSED] - Object: 'Object Repository/Page_Callidus Cloud Commissions Man/input_Apply Search' is clicked on

2018-09-10 11:17:10 - [TEST_STEP][NOT_RUN] - callTestCase: NOT_RUN: callTestCase

2018-09-10 11:17:10 - [MESSAGE][NOT_RUN] - NOT_RUN: callTestCase]]></system-out>
         <system-err><![CDATA[]]></system-err>
      </testcase>
      <testcase name="Test Cases/Lookup_Table_Varaibles_exist_in_the_system" classname="Test Cases/Lookup_Table_Varaibles_exist_in_the_system" status="PASSED">
         <system-out><![CDATA[2018-09-10 11:17:10 - [TEST_CASE][PASSED] - Test Cases/Lookup_Table_Varaibles_exist_in_the_system: Test Cases/Lookup_Table_Varaibles_exist_in_the_system

2018-09-10 11:17:11 - [TEST_STEP][NOT_RUN] - callTestCase: NOT_RUN: callTestCase

2018-09-10 11:17:11 - [MESSAGE][NOT_RUN] - NOT_RUN: callTestCase

2018-09-10 11:17:11 - [TEST_STEP][PASSED] - mouseOver: Object: 'Object Repository/Page_Callidus Cloud Commissions Man/div_PLAN' is hovered

2018-09-10 11:17:11 - [MESSAGE][PASSED] - Object: 'Object Repository/Page_Callidus Cloud Commissions Man/div_PLAN' is hovered

2018-09-10 11:17:11 - [TEST_STEP][PASSED] - delay: Delayed 2 second(s)

2018-09-10 11:17:13 - [MESSAGE][PASSED] - Delayed 2 second(s)

2018-09-10 11:17:13 - [TEST_STEP][PASSED] - scrollToElement: Scroll to object 'Object Repository/Page_Callidus Cloud Commissions Man/a_Plan Components' successfully

2018-09-10 11:17:14 - [MESSAGE][PASSED] - Scroll to object 'Object Repository/Page_Callidus Cloud Commissions Man/a_Plan Components' successfully

2018-09-10 11:17:14 - [TEST_STEP][PASSED] - delay: Delayed 2 second(s)

2018-09-10 11:17:16 - [MESSAGE][PASSED] - Delayed 2 second(s)

2018-09-10 11:17:16 - [TEST_STEP][PASSED] - scrollToElement: Scroll to object 'Object Repository/Page_Callidus Cloud Commissions Man/a_Variables' successfully

2018-09-10 11:17:16 - [MESSAGE][PASSED] - Scroll to object 'Object Repository/Page_Callidus Cloud Commissions Man/a_Variables' successfully

2018-09-10 11:17:16 - [TEST_STEP][PASSED] - delay: Delayed 2 second(s)

2018-09-10 11:17:18 - [MESSAGE][PASSED] - Delayed 2 second(s)

2018-09-10 11:17:18 - [TEST_STEP][PASSED] - click: Object: 'Object Repository/Page_Callidus Cloud Commissions Man/a_Variables' is clicked on

2018-09-10 11:17:19 - [MESSAGE][PASSED] - Object: 'Object Repository/Page_Callidus Cloud Commissions Man/a_Variables' is clicked on

2018-09-10 11:17:19 - [TEST_STEP][PASSED] - delay: Delayed 2 second(s)

2018-09-10 11:17:21 - [MESSAGE][PASSED] - Delayed 2 second(s)

2018-09-10 11:17:21 - [TEST_STEP][PASSED] - click: Object: 'Object Repository/Page_Callidus Cloud Commissions Man/a_Advanced Search' is clicked on

2018-09-10 11:17:22 - [MESSAGE][PASSED] - Object: 'Object Repository/Page_Callidus Cloud Commissions Man/a_Advanced Search' is clicked on

2018-09-10 11:17:22 - [TEST_STEP][PASSED] - delay: Delayed 2 second(s)

2018-09-10 11:17:24 - [MESSAGE][PASSED] - Delayed 2 second(s)

2018-09-10 11:17:24 - [TEST_STEP][PASSED] - click: Object: 'Object Repository/Page_Callidus Cloud Commissions Man/td_Field Name' is clicked on

2018-09-10 11:17:24 - [MESSAGE][PASSED] - Object: 'Object Repository/Page_Callidus Cloud Commissions Man/td_Field Name' is clicked on

2018-09-10 11:17:24 - [TEST_STEP][PASSED] - delay: Delayed 2 second(s)

2018-09-10 11:17:26 - [MESSAGE][PASSED] - Delayed 2 second(s)

2018-09-10 11:17:26 - [TEST_STEP][PASSED] - scrollToElement: Scroll to object 'Object Repository/Page_Callidus Cloud Commissions Man/option_Variables' successfully

2018-09-10 11:17:26 - [MESSAGE][PASSED] - Scroll to object 'Object Repository/Page_Callidus Cloud Commissions Man/option_Variables' successfully

2018-09-10 11:17:26 - [TEST_STEP][PASSED] - delay: Delayed 2 second(s)

2018-09-10 11:17:28 - [MESSAGE][PASSED] - Delayed 2 second(s)

2018-09-10 11:17:28 - [TEST_STEP][PASSED] - click: Object: 'Object Repository/Page_Callidus Cloud Commissions Man/option_Variables' is clicked on

2018-09-10 11:17:28 - [MESSAGE][PASSED] - Object: 'Object Repository/Page_Callidus Cloud Commissions Man/option_Variables' is clicked on

2018-09-10 11:17:28 - [TEST_STEP][PASSED] - delay: Delayed 2 second(s)

2018-09-10 11:17:30 - [MESSAGE][PASSED] - Delayed 2 second(s)

2018-09-10 11:17:30 - [TEST_STEP][PASSED] - click: Object: 'Object Repository/Page_Callidus Cloud Commissions Man/td_Comparision' is clicked on

2018-09-10 11:17:30 - [MESSAGE][PASSED] - Object: 'Object Repository/Page_Callidus Cloud Commissions Man/td_Comparision' is clicked on

2018-09-10 11:17:30 - [TEST_STEP][PASSED] - delay: Delayed 2 second(s)

2018-09-10 11:17:32 - [MESSAGE][PASSED] - Delayed 2 second(s)

2018-09-10 11:17:32 - [TEST_STEP][PASSED] - scrollToElement: Scroll to object 'Object Repository/Page_Callidus Cloud Commissions Man/option_Equals' successfully

2018-09-10 11:17:32 - [MESSAGE][PASSED] - Scroll to object 'Object Repository/Page_Callidus Cloud Commissions Man/option_Equals' successfully

2018-09-10 11:17:32 - [TEST_STEP][PASSED] - delay: Delayed 2 second(s)

2018-09-10 11:17:34 - [MESSAGE][PASSED] - Delayed 2 second(s)

2018-09-10 11:17:34 - [TEST_STEP][PASSED] - click: Object: 'Object Repository/Page_Callidus Cloud Commissions Man/option_Equals' is clicked on

2018-09-10 11:17:34 - [MESSAGE][PASSED] - Object: 'Object Repository/Page_Callidus Cloud Commissions Man/option_Equals' is clicked on

2018-09-10 11:17:34 - [TEST_STEP][PASSED] - delay: Delayed 2 second(s)

2018-09-10 11:17:36 - [MESSAGE][PASSED] - Delayed 2 second(s)

2018-09-10 11:17:36 - [TEST_STEP][PASSED] - setText: Text 'Var_LT_Demo4' is set on object 'Object Repository/Page_Callidus Cloud Commissions Man/td_Value'

2018-09-10 11:17:37 - [MESSAGE][PASSED] - Text 'Var_LT_Demo4' is set on object 'Object Repository/Page_Callidus Cloud Commissions Man/td_Value'

2018-09-10 11:17:37 - [TEST_STEP][PASSED] - click: Object: 'Object Repository/Page_Callidus Cloud Commissions Man/input_Apply Search' is clicked on

2018-09-10 11:17:37 - [MESSAGE][PASSED] - Object: 'Object Repository/Page_Callidus Cloud Commissions Man/input_Apply Search' is clicked on

2018-09-10 11:17:37 - [TEST_STEP][PASSED] - delay: Delayed 5 second(s)

2018-09-10 11:17:42 - [MESSAGE][PASSED] - Delayed 5 second(s)

2018-09-10 11:17:42 - [TEST_STEP][NOT_RUN] - callTestCase: NOT_RUN: callTestCase

2018-09-10 11:17:42 - [MESSAGE][NOT_RUN] - NOT_RUN: callTestCase]]></system-out>
         <system-err><![CDATA[]]></system-err>
      </testcase>
      <testcase name="Test Cases/Measurement Rule exists in the system" classname="Test Cases/Measurement Rule exists in the system" status="PASSED">
         <system-out><![CDATA[2018-09-10 11:17:42 - [TEST_CASE][PASSED] - Test Cases/Measurement Rule exists in the system: Test Cases/Measurement Rule exists in the system

2018-09-10 11:17:42 - [TEST_STEP][NOT_RUN] - callTestCase: NOT_RUN: callTestCase

2018-09-10 11:17:42 - [MESSAGE][NOT_RUN] - NOT_RUN: callTestCase

2018-09-10 11:17:42 - [TEST_STEP][PASSED] - delay: Delayed 5 second(s)

2018-09-10 11:17:47 - [MESSAGE][PASSED] - Delayed 5 second(s)

2018-09-10 11:17:47 - [TEST_STEP][PASSED] - mouseOver: Object: 'Object Repository/Page_Plan Tab/a_Plan' is hovered

2018-09-10 11:17:47 - [MESSAGE][PASSED] - Object: 'Object Repository/Page_Plan Tab/a_Plan' is hovered

2018-09-10 11:17:47 - [TEST_STEP][PASSED] - delay: Delayed 3 second(s)

2018-09-10 11:17:50 - [MESSAGE][PASSED] - Delayed 3 second(s)

2018-09-10 11:17:50 - [TEST_STEP][PASSED] - scrollToElement: Scroll to object 'Object Repository/Page_Plan Tab/a_Rules' successfully

2018-09-10 11:17:50 - [MESSAGE][PASSED] - Scroll to object 'Object Repository/Page_Plan Tab/a_Rules' successfully

2018-09-10 11:17:50 - [TEST_STEP][PASSED] - delay: Delayed 2 second(s)

2018-09-10 11:17:52 - [MESSAGE][PASSED] - Delayed 2 second(s)

2018-09-10 11:17:52 - [TEST_STEP][PASSED] - click: Object: 'Object Repository/Page_Plan Tab/a_Rules' is clicked on

2018-09-10 11:17:53 - [MESSAGE][PASSED] - Object: 'Object Repository/Page_Plan Tab/a_Rules' is clicked on

2018-09-10 11:17:53 - [TEST_STEP][PASSED] - delay: Delayed 2 second(s)

2018-09-10 11:17:55 - [MESSAGE][PASSED] - Delayed 2 second(s)

2018-09-10 11:17:55 - [TEST_STEP][PASSED] - click: Object: 'Object Repository/Page_Callidus Cloud Commissions Man/a_Advanced Search' is clicked on

2018-09-10 11:17:55 - [MESSAGE][PASSED] - Object: 'Object Repository/Page_Callidus Cloud Commissions Man/a_Advanced Search' is clicked on

2018-09-10 11:17:55 - [TEST_STEP][PASSED] - delay: Delayed 2 second(s)

2018-09-10 11:17:57 - [MESSAGE][PASSED] - Delayed 2 second(s)

2018-09-10 11:17:57 - [TEST_STEP][PASSED] - click: Object: 'Object Repository/Page_Callidus Cloud Commissions Man/td_Field Name' is clicked on

2018-09-10 11:17:57 - [MESSAGE][PASSED] - Object: 'Object Repository/Page_Callidus Cloud Commissions Man/td_Field Name' is clicked on

2018-09-10 11:17:57 - [TEST_STEP][PASSED] - delay: Delayed 2 second(s)

2018-09-10 11:17:59 - [MESSAGE][PASSED] - Delayed 2 second(s)

2018-09-10 11:17:59 - [TEST_STEP][PASSED] - scrollToElement: Scroll to object 'Object Repository/Page_Plan Tab/a_Field_name' successfully

2018-09-10 11:17:59 - [MESSAGE][PASSED] - Scroll to object 'Object Repository/Page_Plan Tab/a_Field_name' successfully

2018-09-10 11:17:59 - [TEST_STEP][PASSED] - delay: Delayed 2 second(s)

2018-09-10 11:18:01 - [MESSAGE][PASSED] - Delayed 2 second(s)

2018-09-10 11:18:01 - [TEST_STEP][PASSED] - click: Object: 'Object Repository/Page_Plan Tab/a_Field_name' is clicked on

2018-09-10 11:18:02 - [MESSAGE][PASSED] - Object: 'Object Repository/Page_Plan Tab/a_Field_name' is clicked on

2018-09-10 11:18:02 - [TEST_STEP][PASSED] - click: Object: 'Object Repository/Page_Callidus Cloud Commissions Man/td_Comparision' is clicked on

2018-09-10 11:18:02 - [MESSAGE][PASSED] - Object: 'Object Repository/Page_Callidus Cloud Commissions Man/td_Comparision' is clicked on

2018-09-10 11:18:02 - [TEST_STEP][PASSED] - delay: Delayed 2 second(s)

2018-09-10 11:18:04 - [MESSAGE][PASSED] - Delayed 2 second(s)

2018-09-10 11:18:04 - [TEST_STEP][PASSED] - scrollToElement: Scroll to object 'Object Repository/Page_Callidus Cloud Commissions Man/option_Equals' successfully

2018-09-10 11:18:04 - [MESSAGE][PASSED] - Scroll to object 'Object Repository/Page_Callidus Cloud Commissions Man/option_Equals' successfully

2018-09-10 11:18:04 - [TEST_STEP][PASSED] - delay: Delayed 2 second(s)

2018-09-10 11:18:06 - [MESSAGE][PASSED] - Delayed 2 second(s)

2018-09-10 11:18:06 - [TEST_STEP][PASSED] - click: Object: 'Object Repository/Page_Callidus Cloud Commissions Man/option_Equals' is clicked on

2018-09-10 11:18:06 - [MESSAGE][PASSED] - Object: 'Object Repository/Page_Callidus Cloud Commissions Man/option_Equals' is clicked on

2018-09-10 11:18:06 - [TEST_STEP][PASSED] - delay: Delayed 2 second(s)

2018-09-10 11:18:08 - [MESSAGE][PASSED] - Delayed 2 second(s)

2018-09-10 11:18:08 - [TEST_STEP][PASSED] - setText: Text 'MR Testrule' is set on object 'Object Repository/Page_Callidus Cloud Commissions Man/td_Value'

2018-09-10 11:18:08 - [MESSAGE][PASSED] - Text 'MR Testrule' is set on object 'Object Repository/Page_Callidus Cloud Commissions Man/td_Value'

2018-09-10 11:18:08 - [TEST_STEP][PASSED] - delay: Delayed 2 second(s)

2018-09-10 11:18:10 - [MESSAGE][PASSED] - Delayed 2 second(s)

2018-09-10 11:18:10 - [TEST_STEP][PASSED] - click: Object: 'Object Repository/Page_Callidus Cloud Commissions Man/input_Apply Search' is clicked on

2018-09-10 11:18:11 - [MESSAGE][PASSED] - Object: 'Object Repository/Page_Callidus Cloud Commissions Man/input_Apply Search' is clicked on

2018-09-10 11:18:11 - [TEST_STEP][NOT_RUN] - acceptAlert: NOT_RUN: acceptAlert

2018-09-10 11:18:11 - [MESSAGE][NOT_RUN] - NOT_RUN: acceptAlert

2018-09-10 11:18:11 - [TEST_STEP][NOT_RUN] - callTestCase: NOT_RUN: callTestCase

2018-09-10 11:18:11 - [MESSAGE][NOT_RUN] - NOT_RUN: callTestCase]]></system-out>
         <system-err><![CDATA[]]></system-err>
      </testcase>
      <testcase name="Test Cases/Plan Components exist in the system" classname="Test Cases/Plan Components exist in the system" status="PASSED">
         <system-out><![CDATA[2018-09-10 11:18:11 - [TEST_CASE][PASSED] - Test Cases/Plan Components exist in the system: Test Cases/Plan Components exist in the system

2018-09-10 11:18:11 - [TEST_STEP][NOT_RUN] - callTestCase: NOT_RUN: callTestCase

2018-09-10 11:18:11 - [MESSAGE][NOT_RUN] - NOT_RUN: callTestCase

2018-09-10 11:18:11 - [TEST_STEP][PASSED] - mouseOver: Object: 'Object Repository/Page_Callidus Cloud Commissions Man/div_PLAN' is hovered

2018-09-10 11:18:11 - [MESSAGE][PASSED] - Object: 'Object Repository/Page_Callidus Cloud Commissions Man/div_PLAN' is hovered

2018-09-10 11:18:11 - [TEST_STEP][PASSED] - delay: Delayed 2 second(s)

2018-09-10 11:18:13 - [MESSAGE][PASSED] - Delayed 2 second(s)

2018-09-10 11:18:13 - [TEST_STEP][PASSED] - scrollToElement: Scroll to object 'Object Repository/Page_Callidus Cloud Commissions Man/a_Plan Components' successfully

2018-09-10 11:18:13 - [MESSAGE][PASSED] - Scroll to object 'Object Repository/Page_Callidus Cloud Commissions Man/a_Plan Components' successfully

2018-09-10 11:18:13 - [TEST_STEP][PASSED] - delay: Delayed 2 second(s)

2018-09-10 11:18:15 - [MESSAGE][PASSED] - Delayed 2 second(s)

2018-09-10 11:18:15 - [TEST_STEP][PASSED] - click: Object: 'Object Repository/Page_Callidus Cloud Commissions Man/a_Plan Components' is clicked on

2018-09-10 11:18:16 - [MESSAGE][PASSED] - Object: 'Object Repository/Page_Callidus Cloud Commissions Man/a_Plan Components' is clicked on

2018-09-10 11:18:16 - [TEST_STEP][PASSED] - click: Object: 'Object Repository/Page_Callidus Cloud Commissions Man/a_Advanced Search' is clicked on

2018-09-10 11:18:17 - [MESSAGE][PASSED] - Object: 'Object Repository/Page_Callidus Cloud Commissions Man/a_Advanced Search' is clicked on

2018-09-10 11:18:17 - [TEST_STEP][PASSED] - click: Object: 'Object Repository/Page_Callidus Cloud Commissions Man/td_Field Name' is clicked on

2018-09-10 11:18:18 - [MESSAGE][PASSED] - Object: 'Object Repository/Page_Callidus Cloud Commissions Man/td_Field Name' is clicked on

2018-09-10 11:18:18 - [TEST_STEP][PASSED] - delay: Delayed 2 second(s)

2018-09-10 11:18:20 - [MESSAGE][PASSED] - Delayed 2 second(s)

2018-09-10 11:18:20 - [TEST_STEP][PASSED] - scrollToElement: Scroll to object 'Object Repository/Page_Callidus Cloud Commissions Man/option_Plan Components' successfully

2018-09-10 11:18:20 - [MESSAGE][PASSED] - Scroll to object 'Object Repository/Page_Callidus Cloud Commissions Man/option_Plan Components' successfully

2018-09-10 11:18:20 - [TEST_STEP][PASSED] - delay: Delayed 2 second(s)

2018-09-10 11:18:22 - [MESSAGE][PASSED] - Delayed 2 second(s)

2018-09-10 11:18:22 - [TEST_STEP][PASSED] - click: Object: 'Object Repository/Page_Callidus Cloud Commissions Man/option_Plan Components' is clicked on

2018-09-10 11:18:22 - [MESSAGE][PASSED] - Object: 'Object Repository/Page_Callidus Cloud Commissions Man/option_Plan Components' is clicked on

2018-09-10 11:18:22 - [TEST_STEP][PASSED] - click: Object: 'Object Repository/Page_Callidus Cloud Commissions Man/td_Comparision' is clicked on

2018-09-10 11:18:22 - [MESSAGE][PASSED] - Object: 'Object Repository/Page_Callidus Cloud Commissions Man/td_Comparision' is clicked on

2018-09-10 11:18:22 - [TEST_STEP][PASSED] - scrollToElement: Scroll to object 'Object Repository/Page_Callidus Cloud Commissions Man/option_Equals' successfully

2018-09-10 11:18:22 - [MESSAGE][PASSED] - Scroll to object 'Object Repository/Page_Callidus Cloud Commissions Man/option_Equals' successfully

2018-09-10 11:18:22 - [TEST_STEP][PASSED] - delay: Delayed 2 second(s)

2018-09-10 11:18:24 - [MESSAGE][PASSED] - Delayed 2 second(s)

2018-09-10 11:18:24 - [TEST_STEP][PASSED] - click: Object: 'Object Repository/Page_Callidus Cloud Commissions Man/option_Equals' is clicked on

2018-09-10 11:18:24 - [MESSAGE][PASSED] - Object: 'Object Repository/Page_Callidus Cloud Commissions Man/option_Equals' is clicked on

2018-09-10 11:18:24 - [TEST_STEP][PASSED] - delay: Delayed 2 second(s)

2018-09-10 11:18:26 - [MESSAGE][PASSED] - Delayed 2 second(s)

2018-09-10 11:18:26 - [TEST_STEP][PASSED] - setText: Text 'Aggregated Revenue against Territory based on Flat Rate' is set on object 'Object Repository/Page_Callidus Cloud Commissions Man/td_Value'

2018-09-10 11:18:28 - [MESSAGE][PASSED] - Text 'Aggregated Revenue against Territory based on Flat Rate' is set on object 'Object Repository/Page_Callidus Cloud Commissions Man/td_Value'

2018-09-10 11:18:28 - [TEST_STEP][PASSED] - click: Object: 'Object Repository/Page_Callidus Cloud Commissions Man/input_Apply Search' is clicked on

2018-09-10 11:18:28 - [MESSAGE][PASSED] - Object: 'Object Repository/Page_Callidus Cloud Commissions Man/input_Apply Search' is clicked on

2018-09-10 11:18:28 - [TEST_STEP][NOT_RUN] - callTestCase: NOT_RUN: callTestCase

2018-09-10 11:18:28 - [MESSAGE][NOT_RUN] - NOT_RUN: callTestCase]]></system-out>
         <system-err><![CDATA[]]></system-err>
      </testcase>
      <testcase name="Test Cases/Plans exist in the system" classname="Test Cases/Plans exist in the system" status="PASSED">
         <system-out><![CDATA[2018-09-10 11:18:28 - [TEST_CASE][PASSED] - Test Cases/Plans exist in the system: Test Cases/Plans exist in the system

2018-09-10 11:18:28 - [TEST_STEP][NOT_RUN] - callTestCase: NOT_RUN: callTestCase

2018-09-10 11:18:28 - [MESSAGE][NOT_RUN] - NOT_RUN: callTestCase

2018-09-10 11:18:28 - [TEST_STEP][PASSED] - mouseOver: Object: 'Object Repository/Page_Callidus Cloud Commissions Man/div_PLAN' is hovered

2018-09-10 11:18:28 - [MESSAGE][PASSED] - Object: 'Object Repository/Page_Callidus Cloud Commissions Man/div_PLAN' is hovered

2018-09-10 11:18:28 - [TEST_STEP][PASSED] - delay: Delayed 5 second(s)

2018-09-10 11:18:33 - [MESSAGE][PASSED] - Delayed 5 second(s)

2018-09-10 11:18:33 - [TEST_STEP][PASSED] - scrollToElement: Scroll to object 'Object Repository/Page_Callidus Cloud Commissions Man/a_Plans' successfully

2018-09-10 11:18:33 - [MESSAGE][PASSED] - Scroll to object 'Object Repository/Page_Callidus Cloud Commissions Man/a_Plans' successfully

2018-09-10 11:18:33 - [TEST_STEP][PASSED] - click: Object: 'Object Repository/Page_Callidus Cloud Commissions Man/a_Plans' is clicked on

2018-09-10 11:18:34 - [MESSAGE][PASSED] - Object: 'Object Repository/Page_Callidus Cloud Commissions Man/a_Plans' is clicked on

2018-09-10 11:18:34 - [TEST_STEP][PASSED] - click: Object: 'Object Repository/Page_Callidus Cloud Commissions Man/a_Advanced Search' is clicked on

2018-09-10 11:18:34 - [MESSAGE][PASSED] - Object: 'Object Repository/Page_Callidus Cloud Commissions Man/a_Advanced Search' is clicked on

2018-09-10 11:18:34 - [TEST_STEP][PASSED] - click: Object: 'Object Repository/Page_Callidus Cloud Commissions Man/td_Field Name' is clicked on

2018-09-10 11:18:35 - [MESSAGE][PASSED] - Object: 'Object Repository/Page_Callidus Cloud Commissions Man/td_Field Name' is clicked on

2018-09-10 11:18:35 - [TEST_STEP][PASSED] - scrollToElement: Scroll to object 'Object Repository/Page_Callidus Cloud Commissions Man/option_Plans' successfully

2018-09-10 11:18:35 - [MESSAGE][PASSED] - Scroll to object 'Object Repository/Page_Callidus Cloud Commissions Man/option_Plans' successfully

2018-09-10 11:18:35 - [TEST_STEP][PASSED] - delay: Delayed 2 second(s)

2018-09-10 11:18:37 - [MESSAGE][PASSED] - Delayed 2 second(s)

2018-09-10 11:18:37 - [TEST_STEP][PASSED] - click: Object: 'Object Repository/Page_Callidus Cloud Commissions Man/option_Plans' is clicked on

2018-09-10 11:18:37 - [MESSAGE][PASSED] - Object: 'Object Repository/Page_Callidus Cloud Commissions Man/option_Plans' is clicked on

2018-09-10 11:18:37 - [TEST_STEP][PASSED] - click: Object: 'Object Repository/Page_Callidus Cloud Commissions Man/td_Comparision' is clicked on

2018-09-10 11:18:37 - [MESSAGE][PASSED] - Object: 'Object Repository/Page_Callidus Cloud Commissions Man/td_Comparision' is clicked on

2018-09-10 11:18:37 - [TEST_STEP][PASSED] - scrollToElement: Scroll to object 'Object Repository/Page_Callidus Cloud Commissions Man/option_Equals' successfully

2018-09-10 11:18:37 - [MESSAGE][PASSED] - Scroll to object 'Object Repository/Page_Callidus Cloud Commissions Man/option_Equals' successfully

2018-09-10 11:18:37 - [TEST_STEP][PASSED] - delay: Delayed 2 second(s)

2018-09-10 11:18:39 - [MESSAGE][PASSED] - Delayed 2 second(s)

2018-09-10 11:18:39 - [TEST_STEP][PASSED] - click: Object: 'Object Repository/Page_Callidus Cloud Commissions Man/option_Equals' is clicked on

2018-09-10 11:18:40 - [MESSAGE][PASSED] - Object: 'Object Repository/Page_Callidus Cloud Commissions Man/option_Equals' is clicked on

2018-09-10 11:18:40 - [TEST_STEP][PASSED] - delay: Delayed 2 second(s)

2018-09-10 11:18:42 - [MESSAGE][PASSED] - Delayed 2 second(s)

2018-09-10 11:18:42 - [TEST_STEP][PASSED] - setText: Text 'compensation plan' is set on object 'Object Repository/Page_Callidus Cloud Commissions Man/td_Value'

2018-09-10 11:18:42 - [MESSAGE][PASSED] - Text 'compensation plan' is set on object 'Object Repository/Page_Callidus Cloud Commissions Man/td_Value'

2018-09-10 11:18:42 - [TEST_STEP][PASSED] - click: Object: 'Object Repository/Page_Callidus Cloud Commissions Man/input_Apply Search' is clicked on

2018-09-10 11:18:42 - [MESSAGE][PASSED] - Object: 'Object Repository/Page_Callidus Cloud Commissions Man/input_Apply Search' is clicked on

2018-09-10 11:18:42 - [TEST_STEP][NOT_RUN] - callTestCase: NOT_RUN: callTestCase

2018-09-10 11:18:42 - [MESSAGE][NOT_RUN] - NOT_RUN: callTestCase]]></system-out>
         <system-err><![CDATA[]]></system-err>
      </testcase>
      <testcase name="Test Cases/Position Groups exist in the system" classname="Test Cases/Position Groups exist in the system" status="PASSED">
         <system-out><![CDATA[2018-09-10 11:18:42 - [TEST_CASE][PASSED] - Test Cases/Position Groups exist in the system: Test Cases/Position Groups exist in the system

2018-09-10 11:18:43 - [TEST_STEP][NOT_RUN] - callTestCase: NOT_RUN: callTestCase

2018-09-10 11:18:43 - [MESSAGE][NOT_RUN] - NOT_RUN: callTestCase

2018-09-10 11:18:43 - [TEST_STEP][PASSED] - mouseOver: Object: 'Object Repository/Page_Callidus Cloud Commissions Man/div_ADMINISTRATION' is hovered

2018-09-10 11:18:43 - [MESSAGE][PASSED] - Object: 'Object Repository/Page_Callidus Cloud Commissions Man/div_ADMINISTRATION' is hovered

2018-09-10 11:18:43 - [TEST_STEP][PASSED] - delay: Delayed 2 second(s)

2018-09-10 11:18:45 - [MESSAGE][PASSED] - Delayed 2 second(s)

2018-09-10 11:18:45 - [TEST_STEP][PASSED] - scrollToElement: Scroll to object 'Object Repository/Page_Callidus Cloud Commissions Man/a_Position Groups' successfully

2018-09-10 11:18:45 - [MESSAGE][PASSED] - Scroll to object 'Object Repository/Page_Callidus Cloud Commissions Man/a_Position Groups' successfully

2018-09-10 11:18:45 - [TEST_STEP][PASSED] - delay: Delayed 2 second(s)

2018-09-10 11:18:47 - [MESSAGE][PASSED] - Delayed 2 second(s)

2018-09-10 11:18:47 - [TEST_STEP][PASSED] - click: Object: 'Object Repository/Page_Callidus Cloud Commissions Man/a_Position Groups' is clicked on

2018-09-10 11:18:47 - [MESSAGE][PASSED] - Object: 'Object Repository/Page_Callidus Cloud Commissions Man/a_Position Groups' is clicked on

2018-09-10 11:18:47 - [TEST_STEP][PASSED] - delay: Delayed 2 second(s)

2018-09-10 11:18:49 - [MESSAGE][PASSED] - Delayed 2 second(s)

2018-09-10 11:18:49 - [TEST_STEP][PASSED] - click: Object: 'Object Repository/Page_Callidus Cloud Commissions Man/a_Advanced Search' is clicked on

2018-09-10 11:18:49 - [MESSAGE][PASSED] - Object: 'Object Repository/Page_Callidus Cloud Commissions Man/a_Advanced Search' is clicked on

2018-09-10 11:18:49 - [TEST_STEP][PASSED] - click: Object: 'Object Repository/Page_Callidus Cloud Commissions Man/td_Field Name' is clicked on

2018-09-10 11:18:50 - [MESSAGE][PASSED] - Object: 'Object Repository/Page_Callidus Cloud Commissions Man/td_Field Name' is clicked on

2018-09-10 11:18:50 - [TEST_STEP][PASSED] - delay: Delayed 2 second(s)

2018-09-10 11:18:52 - [MESSAGE][PASSED] - Delayed 2 second(s)

2018-09-10 11:18:52 - [TEST_STEP][PASSED] - scrollToElement: Scroll to object 'Object Repository/Page_Callidus Cloud Commissions Man/option_Position Groups' successfully

2018-09-10 11:18:52 - [MESSAGE][PASSED] - Scroll to object 'Object Repository/Page_Callidus Cloud Commissions Man/option_Position Groups' successfully

2018-09-10 11:18:52 - [TEST_STEP][PASSED] - delay: Delayed 2 second(s)

2018-09-10 11:18:54 - [MESSAGE][PASSED] - Delayed 2 second(s)

2018-09-10 11:18:54 - [TEST_STEP][PASSED] - click: Object: 'Object Repository/Page_Callidus Cloud Commissions Man/option_Position Groups' is clicked on

2018-09-10 11:18:54 - [MESSAGE][PASSED] - Object: 'Object Repository/Page_Callidus Cloud Commissions Man/option_Position Groups' is clicked on

2018-09-10 11:18:54 - [TEST_STEP][PASSED] - click: Object: 'Object Repository/Page_Callidus Cloud Commissions Man/td_Comparision' is clicked on

2018-09-10 11:18:55 - [MESSAGE][PASSED] - Object: 'Object Repository/Page_Callidus Cloud Commissions Man/td_Comparision' is clicked on

2018-09-10 11:18:55 - [TEST_STEP][PASSED] - delay: Delayed 2 second(s)

2018-09-10 11:18:57 - [MESSAGE][PASSED] - Delayed 2 second(s)

2018-09-10 11:18:57 - [TEST_STEP][PASSED] - scrollToElement: Scroll to object 'Object Repository/Page_Callidus Cloud Commissions Man/option_Equals' successfully

2018-09-10 11:18:57 - [MESSAGE][PASSED] - Scroll to object 'Object Repository/Page_Callidus Cloud Commissions Man/option_Equals' successfully

2018-09-10 11:18:57 - [TEST_STEP][PASSED] - delay: Delayed 2 second(s)

2018-09-10 11:18:59 - [MESSAGE][PASSED] - Delayed 2 second(s)

2018-09-10 11:18:59 - [TEST_STEP][PASSED] - click: Object: 'Object Repository/Page_Callidus Cloud Commissions Man/option_Equals' is clicked on

2018-09-10 11:18:59 - [MESSAGE][PASSED] - Object: 'Object Repository/Page_Callidus Cloud Commissions Man/option_Equals' is clicked on

2018-09-10 11:18:59 - [TEST_STEP][PASSED] - delay: Delayed 2 second(s)

2018-09-10 11:19:01 - [MESSAGE][PASSED] - Delayed 2 second(s)

2018-09-10 11:19:01 - [TEST_STEP][PASSED] - setText: Text 'P_G_Demo1' is set on object 'Object Repository/Page_Callidus Cloud Commissions Man/td_Value'

2018-09-10 11:19:01 - [MESSAGE][PASSED] - Text 'P_G_Demo1' is set on object 'Object Repository/Page_Callidus Cloud Commissions Man/td_Value'

2018-09-10 11:19:01 - [TEST_STEP][PASSED] - delay: Delayed 2 second(s)

2018-09-10 11:19:03 - [MESSAGE][PASSED] - Delayed 2 second(s)

2018-09-10 11:19:03 - [TEST_STEP][PASSED] - click: Object: 'Object Repository/Page_Callidus Cloud Commissions Man/input_Apply Search' is clicked on

2018-09-10 11:19:03 - [MESSAGE][PASSED] - Object: 'Object Repository/Page_Callidus Cloud Commissions Man/input_Apply Search' is clicked on

2018-09-10 11:19:03 - [TEST_STEP][NOT_RUN] - callTestCase: NOT_RUN: callTestCase

2018-09-10 11:19:03 - [MESSAGE][NOT_RUN] - NOT_RUN: callTestCase]]></system-out>
         <system-err><![CDATA[]]></system-err>
      </testcase>
      <testcase name="Test Cases/Rate_Tables_exist_in_the_system" classname="Test Cases/Rate_Tables_exist_in_the_system" status="PASSED">
         <system-out><![CDATA[2018-09-10 11:19:03 - [TEST_CASE][PASSED] - Test Cases/Rate_Tables_exist_in_the_system: Test Cases/Rate_Tables_exist_in_the_system

2018-09-10 11:19:04 - [TEST_STEP][NOT_RUN] - callTestCase: NOT_RUN: callTestCase

2018-09-10 11:19:04 - [MESSAGE][NOT_RUN] - NOT_RUN: callTestCase

2018-09-10 11:19:04 - [TEST_STEP][PASSED] - mouseOver: Object: 'Object Repository/Page_Callidus Cloud Commissions Man/div_PLAN' is hovered

2018-09-10 11:19:04 - [MESSAGE][PASSED] - Object: 'Object Repository/Page_Callidus Cloud Commissions Man/div_PLAN' is hovered

2018-09-10 11:19:04 - [TEST_STEP][PASSED] - delay: Delayed 2 second(s)

2018-09-10 11:19:06 - [MESSAGE][PASSED] - Delayed 2 second(s)

2018-09-10 11:19:06 - [TEST_STEP][PASSED] - scrollToElement: Scroll to object 'Object Repository/Page_Callidus Cloud Commissions Man/a_Plan Components' successfully

2018-09-10 11:19:06 - [MESSAGE][PASSED] - Scroll to object 'Object Repository/Page_Callidus Cloud Commissions Man/a_Plan Components' successfully

2018-09-10 11:19:06 - [TEST_STEP][PASSED] - delay: Delayed 2 second(s)

2018-09-10 11:19:08 - [MESSAGE][PASSED] - Delayed 2 second(s)

2018-09-10 11:19:08 - [TEST_STEP][PASSED] - scrollToElement: Scroll to object 'Object Repository/Page_Callidus Cloud Commissions Man/a_Rate Tables' successfully

2018-09-10 11:19:08 - [MESSAGE][PASSED] - Scroll to object 'Object Repository/Page_Callidus Cloud Commissions Man/a_Rate Tables' successfully

2018-09-10 11:19:08 - [TEST_STEP][PASSED] - delay: Delayed 2 second(s)

2018-09-10 11:19:10 - [MESSAGE][PASSED] - Delayed 2 second(s)

2018-09-10 11:19:10 - [TEST_STEP][PASSED] - click: Object: 'Object Repository/Page_Callidus Cloud Commissions Man/a_Rate Tables' is clicked on

2018-09-10 11:19:10 - [MESSAGE][PASSED] - Object: 'Object Repository/Page_Callidus Cloud Commissions Man/a_Rate Tables' is clicked on

2018-09-10 11:19:10 - [TEST_STEP][PASSED] - click: Object: 'Object Repository/Page_Callidus Cloud Commissions Man/a_Advanced Search' is clicked on

2018-09-10 11:19:11 - [MESSAGE][PASSED] - Object: 'Object Repository/Page_Callidus Cloud Commissions Man/a_Advanced Search' is clicked on

2018-09-10 11:19:11 - [TEST_STEP][PASSED] - click: Object: 'Object Repository/Page_Callidus Cloud Commissions Man/td_Field Name' is clicked on

2018-09-10 11:19:12 - [MESSAGE][PASSED] - Object: 'Object Repository/Page_Callidus Cloud Commissions Man/td_Field Name' is clicked on

2018-09-10 11:19:12 - [TEST_STEP][PASSED] - delay: Delayed 2 second(s)

2018-09-10 11:19:14 - [MESSAGE][PASSED] - Delayed 2 second(s)

2018-09-10 11:19:14 - [TEST_STEP][PASSED] - scrollToElement: Scroll to object 'Object Repository/Page_Callidus Cloud Commissions Man/option_Territory' successfully

2018-09-10 11:19:14 - [MESSAGE][PASSED] - Scroll to object 'Object Repository/Page_Callidus Cloud Commissions Man/option_Territory' successfully

2018-09-10 11:19:14 - [TEST_STEP][PASSED] - delay: Delayed 2 second(s)

2018-09-10 11:19:16 - [MESSAGE][PASSED] - Delayed 2 second(s)

2018-09-10 11:19:16 - [TEST_STEP][PASSED] - click: Object: 'Object Repository/Page_Callidus Cloud Commissions Man/option_Territory' is clicked on

2018-09-10 11:19:16 - [MESSAGE][PASSED] - Object: 'Object Repository/Page_Callidus Cloud Commissions Man/option_Territory' is clicked on

2018-09-10 11:19:16 - [TEST_STEP][PASSED] - click: Object: 'Object Repository/Page_Callidus Cloud Commissions Man/td_Comparision' is clicked on

2018-09-10 11:19:16 - [MESSAGE][PASSED] - Object: 'Object Repository/Page_Callidus Cloud Commissions Man/td_Comparision' is clicked on

2018-09-10 11:19:16 - [TEST_STEP][PASSED] - delay: Delayed 2 second(s)

2018-09-10 11:19:18 - [MESSAGE][PASSED] - Delayed 2 second(s)

2018-09-10 11:19:18 - [TEST_STEP][PASSED] - scrollToElement: Scroll to object 'Object Repository/Page_Callidus Cloud Commissions Man/option_Equals' successfully

2018-09-10 11:19:18 - [MESSAGE][PASSED] - Scroll to object 'Object Repository/Page_Callidus Cloud Commissions Man/option_Equals' successfully

2018-09-10 11:19:18 - [TEST_STEP][PASSED] - delay: Delayed 2 second(s)

2018-09-10 11:19:20 - [MESSAGE][PASSED] - Delayed 2 second(s)

2018-09-10 11:19:20 - [TEST_STEP][PASSED] - click: Object: 'Object Repository/Page_Callidus Cloud Commissions Man/option_Equals' is clicked on

2018-09-10 11:19:20 - [MESSAGE][PASSED] - Object: 'Object Repository/Page_Callidus Cloud Commissions Man/option_Equals' is clicked on

2018-09-10 11:19:20 - [TEST_STEP][PASSED] - delay: Delayed 2 second(s)

2018-09-10 11:19:22 - [MESSAGE][PASSED] - Delayed 2 second(s)

2018-09-10 11:19:22 - [TEST_STEP][PASSED] - setText: Text 'R_T_Demo1' is set on object 'Object Repository/Page_Callidus Cloud Commissions Man/td_Value'

2018-09-10 11:19:23 - [MESSAGE][PASSED] - Text 'R_T_Demo1' is set on object 'Object Repository/Page_Callidus Cloud Commissions Man/td_Value'

2018-09-10 11:19:23 - [TEST_STEP][PASSED] - click: Object: 'Object Repository/Page_Callidus Cloud Commissions Man/input_Apply Search' is clicked on

2018-09-10 11:19:23 - [MESSAGE][PASSED] - Object: 'Object Repository/Page_Callidus Cloud Commissions Man/input_Apply Search' is clicked on

2018-09-10 11:19:23 - [TEST_STEP][NOT_RUN] - callTestCase: NOT_RUN: callTestCase

2018-09-10 11:19:23 - [MESSAGE][NOT_RUN] - NOT_RUN: callTestCase]]></system-out>
         <system-err><![CDATA[]]></system-err>
      </testcase>
      <testcase name="Test Cases/Rate_Table_Variable_exist_in_the_system" classname="Test Cases/Rate_Table_Variable_exist_in_the_system" status="PASSED">
         <system-out><![CDATA[2018-09-10 11:19:23 - [TEST_CASE][PASSED] - Test Cases/Rate_Table_Variable_exist_in_the_system: Test Cases/Rate_Table_Variable_exist_in_the_system

2018-09-10 11:19:23 - [TEST_STEP][NOT_RUN] - callTestCase: NOT_RUN: callTestCase

2018-09-10 11:19:23 - [MESSAGE][NOT_RUN] - NOT_RUN: callTestCase

2018-09-10 11:19:23 - [TEST_STEP][PASSED] - mouseOver: Object: 'Object Repository/Page_Callidus Cloud Commissions Man/div_PLAN' is hovered

2018-09-10 11:19:23 - [MESSAGE][PASSED] - Object: 'Object Repository/Page_Callidus Cloud Commissions Man/div_PLAN' is hovered

2018-09-10 11:19:23 - [TEST_STEP][PASSED] - delay: Delayed 2 second(s)

2018-09-10 11:19:25 - [MESSAGE][PASSED] - Delayed 2 second(s)

2018-09-10 11:19:25 - [TEST_STEP][PASSED] - scrollToElement: Scroll to object 'Object Repository/Page_Callidus Cloud Commissions Man/a_Plan Components' successfully

2018-09-10 11:19:26 - [MESSAGE][PASSED] - Scroll to object 'Object Repository/Page_Callidus Cloud Commissions Man/a_Plan Components' successfully

2018-09-10 11:19:26 - [TEST_STEP][PASSED] - delay: Delayed 2 second(s)

2018-09-10 11:19:28 - [MESSAGE][PASSED] - Delayed 2 second(s)

2018-09-10 11:19:28 - [TEST_STEP][PASSED] - scrollToElement: Scroll to object 'Object Repository/Page_Callidus Cloud Commissions Man/a_Variables' successfully

2018-09-10 11:19:28 - [MESSAGE][PASSED] - Scroll to object 'Object Repository/Page_Callidus Cloud Commissions Man/a_Variables' successfully

2018-09-10 11:19:28 - [TEST_STEP][PASSED] - delay: Delayed 2 second(s)

2018-09-10 11:19:30 - [MESSAGE][PASSED] - Delayed 2 second(s)

2018-09-10 11:19:30 - [TEST_STEP][PASSED] - click: Object: 'Object Repository/Page_Callidus Cloud Commissions Man/a_Variables' is clicked on

2018-09-10 11:19:30 - [MESSAGE][PASSED] - Object: 'Object Repository/Page_Callidus Cloud Commissions Man/a_Variables' is clicked on

2018-09-10 11:19:30 - [TEST_STEP][PASSED] - click: Object: 'Object Repository/Page_Callidus Cloud Commissions Man/a_Advanced Search' is clicked on

2018-09-10 11:19:31 - [MESSAGE][PASSED] - Object: 'Object Repository/Page_Callidus Cloud Commissions Man/a_Advanced Search' is clicked on

2018-09-10 11:19:31 - [TEST_STEP][PASSED] - delay: Delayed 2 second(s)

2018-09-10 11:19:33 - [MESSAGE][PASSED] - Delayed 2 second(s)

2018-09-10 11:19:33 - [TEST_STEP][PASSED] - click: Object: 'Object Repository/Page_Callidus Cloud Commissions Man/td_Field Name' is clicked on

2018-09-10 11:19:33 - [MESSAGE][PASSED] - Object: 'Object Repository/Page_Callidus Cloud Commissions Man/td_Field Name' is clicked on

2018-09-10 11:19:33 - [TEST_STEP][PASSED] - delay: Delayed 2 second(s)

2018-09-10 11:19:35 - [MESSAGE][PASSED] - Delayed 2 second(s)

2018-09-10 11:19:35 - [TEST_STEP][PASSED] - scrollToElement: Scroll to object 'Object Repository/Page_Callidus Cloud Commissions Man/option_Variables' successfully

2018-09-10 11:19:35 - [MESSAGE][PASSED] - Scroll to object 'Object Repository/Page_Callidus Cloud Commissions Man/option_Variables' successfully

2018-09-10 11:19:35 - [TEST_STEP][PASSED] - delay: Delayed 2 second(s)

2018-09-10 11:19:37 - [MESSAGE][PASSED] - Delayed 2 second(s)

2018-09-10 11:19:37 - [TEST_STEP][PASSED] - click: Object: 'Object Repository/Page_Callidus Cloud Commissions Man/option_Variables' is clicked on

2018-09-10 11:19:37 - [MESSAGE][PASSED] - Object: 'Object Repository/Page_Callidus Cloud Commissions Man/option_Variables' is clicked on

2018-09-10 11:19:37 - [TEST_STEP][PASSED] - click: Object: 'Object Repository/Page_Callidus Cloud Commissions Man/td_Comparision' is clicked on

2018-09-10 11:19:37 - [MESSAGE][PASSED] - Object: 'Object Repository/Page_Callidus Cloud Commissions Man/td_Comparision' is clicked on

2018-09-10 11:19:37 - [TEST_STEP][PASSED] - delay: Delayed 2 second(s)

2018-09-10 11:19:39 - [MESSAGE][PASSED] - Delayed 2 second(s)

2018-09-10 11:19:39 - [TEST_STEP][PASSED] - scrollToElement: Scroll to object 'Object Repository/Page_Callidus Cloud Commissions Man/option_Equals' successfully

2018-09-10 11:19:39 - [MESSAGE][PASSED] - Scroll to object 'Object Repository/Page_Callidus Cloud Commissions Man/option_Equals' successfully

2018-09-10 11:19:39 - [TEST_STEP][PASSED] - delay: Delayed 2 second(s)

2018-09-10 11:19:41 - [MESSAGE][PASSED] - Delayed 2 second(s)

2018-09-10 11:19:41 - [TEST_STEP][PASSED] - click: Object: 'Object Repository/Page_Callidus Cloud Commissions Man/option_Equals' is clicked on

2018-09-10 11:19:41 - [MESSAGE][PASSED] - Object: 'Object Repository/Page_Callidus Cloud Commissions Man/option_Equals' is clicked on

2018-09-10 11:19:41 - [TEST_STEP][PASSED] - delay: Delayed 2 second(s)

2018-09-10 11:19:43 - [MESSAGE][PASSED] - Delayed 2 second(s)

2018-09-10 11:19:43 - [TEST_STEP][PASSED] - setText: Text 'Var_RT_Demo2' is set on object 'Object Repository/Page_Callidus Cloud Commissions Man/td_Value'

2018-09-10 11:19:44 - [MESSAGE][PASSED] - Text 'Var_RT_Demo2' is set on object 'Object Repository/Page_Callidus Cloud Commissions Man/td_Value'

2018-09-10 11:19:44 - [TEST_STEP][PASSED] - delay: Delayed 2 second(s)

2018-09-10 11:19:46 - [MESSAGE][PASSED] - Delayed 2 second(s)

2018-09-10 11:19:46 - [TEST_STEP][PASSED] - click: Object: 'Object Repository/Page_Callidus Cloud Commissions Man/input_Apply Search' is clicked on

2018-09-10 11:19:46 - [MESSAGE][PASSED] - Object: 'Object Repository/Page_Callidus Cloud Commissions Man/input_Apply Search' is clicked on

2018-09-10 11:19:46 - [TEST_STEP][PASSED] - delay: Delayed 5 second(s)

2018-09-10 11:19:51 - [MESSAGE][PASSED] - Delayed 5 second(s)

2018-09-10 11:19:51 - [TEST_STEP][NOT_RUN] - callTestCase: NOT_RUN: callTestCase

2018-09-10 11:19:51 - [MESSAGE][NOT_RUN] - NOT_RUN: callTestCase]]></system-out>
         <system-err><![CDATA[]]></system-err>
      </testcase>
      <testcase name="Test Cases/Reason_Codes" classname="Test Cases/Reason_Codes" status="FAILED">
         <failure type="FAILED" message="Unable to click on object 'Object Repository/Page_Callidus Cloud Commissions Man/Reason Codes' (Root cause: org.openqa.selenium.ElementNotVisibleException: element not visible
  (Session info: chrome=68.0.3440.106)
  (Driver info: chromedriver=2.35.528161 (5b82f2d2aae0ca24b877009200ced9065a772e73),platform=Windows NT 10.0.17134 x86_64) (WARNING: The server did not provide any stacktrace information)
Command duration or timeout: 0 milliseconds
Build info: version: '3.7.1', revision: '8a0099a', time: '2017-11-06T21:07:36.161Z'
System info: host: 'KIKOSANA-T450S', ip: '10.125.199.25', os.name: 'Windows 10', os.arch: 'amd64', os.version: '10.0', java.version: '1.8.0_181'
Driver info: com.kms.katalon.selenium.driver.CChromeDriver
Capabilities {acceptInsecureCerts: false, acceptSslCerts: false, applicationCacheEnabled: false, browserConnectionEnabled: false, browserName: chrome, chrome: {chromedriverVersion: 2.35.528161 (5b82f2d2aae0ca..., userDataDir: C:\Users\kikosana\AppData\L...}, cssSelectorsEnabled: true, databaseEnabled: false, handlesAlerts: true, hasTouchScreen: false, javascriptEnabled: true, locationContextEnabled: true, mobileEmulationEnabled: false, nativeEvents: true, networkConnectionEnabled: false, pageLoadStrategy: normal, platform: XP, platformName: XP, rotatable: false, setWindowRect: true, takesHeapSnapshot: true, takesScreenshot: true, unexpectedAlertBehaviour: , unhandledPromptBehavior: , version: 68.0.3440.106, webStorageEnabled: true}
Session ID: 8de86e46fa35ad604e619fad48af8d5f)"/>
         <system-out><![CDATA[2018-09-10 11:19:51 - [TEST_CASE][FAILED] - Test Cases/Reason_Codes: Test Cases/Reason_Codes FAILED because (of) Unable to click on object 'Object Repository/Page_Callidus Cloud Commissions Man/Reason Codes' (Root cause: org.openqa.selenium.ElementNotVisibleException: element not visible
  (Session info: chrome=68.0.3440.106)
  (Driver info: chromedriver=2.35.528161 (5b82f2d2aae0ca24b877009200ced9065a772e73),platform=Windows NT 10.0.17134 x86_64) (WARNING: The server did not provide any stacktrace information)
Command duration or timeout: 0 milliseconds
Build info: version: '3.7.1', revision: '8a0099a', time: '2017-11-06T21:07:36.161Z'
System info: host: 'KIKOSANA-T450S', ip: '10.125.199.25', os.name: 'Windows 10', os.arch: 'amd64', os.version: '10.0', java.version: '1.8.0_181'
Driver info: com.kms.katalon.selenium.driver.CChromeDriver
Capabilities {acceptInsecureCerts: false, acceptSslCerts: false, applicationCacheEnabled: false, browserConnectionEnabled: false, browserName: chrome, chrome: {chromedriverVersion: 2.35.528161 (5b82f2d2aae0ca..., userDataDir: C:\Users\kikosana\AppData\L...}, cssSelectorsEnabled: true, databaseEnabled: false, handlesAlerts: true, hasTouchScreen: false, javascriptEnabled: true, locationContextEnabled: true, mobileEmulationEnabled: false, nativeEvents: true, networkConnectionEnabled: false, pageLoadStrategy: normal, platform: XP, platformName: XP, rotatable: false, setWindowRect: true, takesHeapSnapshot: true, takesScreenshot: true, unexpectedAlertBehaviour: , unhandledPromptBehavior: , version: 68.0.3440.106, webStorageEnabled: true}
Session ID: 8de86e46fa35ad604e619fad48af8d5f)

2018-09-10 11:19:51 - [TEST_STEP][PASSED] - callTestCase: Call Test Case 'Test Cases/Commission Login' successfully

2018-09-10 11:19:51 - [TEST_CASE][PASSED] - Test Cases/Commission Login: Test Cases/Commission Login

2018-09-10 11:19:51 - [TEST_STEP][PASSED] - openBrowser: Browser is opened with url: ''

2018-09-10 11:19:51 - [MESSAGE][WARNING] - A browser is already opened. Closing browser and opening a new one

2018-09-10 11:19:54 - [MESSAGE][PASSED] - Browser is opened with url: ''

2018-09-10 11:19:54 - [TEST_STEP][PASSED] - navigateToUrl: Navigate to 'https://biz3-tst.callidusondemand.com/SalesPortal/#!/' successfully

2018-09-10 11:19:56 - [MESSAGE][PASSED] - Navigate to 'https://biz3-tst.callidusondemand.com/SalesPortal/#!/' successfully

2018-09-10 11:19:56 - [TEST_STEP][PASSED] - maximizeWindow: Current window maximized

2018-09-10 11:19:57 - [MESSAGE][PASSED] - Current window maximized

2018-09-10 11:19:57 - [TEST_STEP][PASSED] - setText: Text 'kikosana@calliduscloud.com' is set on object 'Object Repository/Page_Sales Performance Home/input_username'

2018-09-10 11:19:58 - [MESSAGE][PASSED] - Text 'kikosana@calliduscloud.com' is set on object 'Object Repository/Page_Sales Performance Home/input_username'

2018-09-10 11:19:58 - [TEST_STEP][PASSED] - setText: Text 'Kiran09@@' is set on object 'Object Repository/Page_Sales Performance Home/input_password'

2018-09-10 11:19:58 - [MESSAGE][PASSED] - Text 'Kiran09@@' is set on object 'Object Repository/Page_Sales Performance Home/input_password'

2018-09-10 11:19:58 - [TEST_STEP][PASSED] - click: Object: 'Object Repository/Page_Sales Performance Home/button_Login' is clicked on

2018-09-10 11:19:58 - [MESSAGE][PASSED] - Object: 'Object Repository/Page_Sales Performance Home/button_Login' is clicked on

2018-09-10 11:19:58 - [TEST_STEP][PASSED] - click: Object: 'Object Repository/Page_Sales Performance Home/span_Sales Performance Home' is clicked on

2018-09-10 11:19:59 - [MESSAGE][PASSED] - Object: 'Object Repository/Page_Sales Performance Home/span_Sales Performance Home' is clicked on

2018-09-10 11:19:59 - [TEST_STEP][PASSED] - click: Object: 'Object Repository/Page_Sales Performance Home/a_Commissions' is clicked on

2018-09-10 11:20:00 - [MESSAGE][PASSED] - Object: 'Object Repository/Page_Sales Performance Home/a_Commissions' is clicked on

2018-09-10 11:20:00 - [TEST_STEP][PASSED] - click: Object: 'Object Repository/Page_Callidus Cloud Commissions Man/a_Manage Setup' is clicked on

2018-09-10 11:20:06 - [MESSAGE][PASSED] - Object: 'Object Repository/Page_Callidus Cloud Commissions Man/a_Manage Setup' is clicked on

2018-09-10 11:20:06 - [MESSAGE][PASSED] - Call Test Case 'Test Cases/Commission Login' successfully

2018-09-10 11:20:06 - [TEST_STEP][NOT_RUN] - click: NOT_RUN: click

2018-09-10 11:20:06 - [MESSAGE][NOT_RUN] - NOT_RUN: click

2018-09-10 11:20:06 - [TEST_STEP][PASSED] - mouseOver: Object: 'Object Repository/Page_Callidus Cloud Commissions Man/div_ADMINISTRATION' is hovered

2018-09-10 11:20:06 - [MESSAGE][PASSED] - Object: 'Object Repository/Page_Callidus Cloud Commissions Man/div_ADMINISTRATION' is hovered

2018-09-10 11:20:06 - [TEST_STEP][PASSED] - delay: Delayed 2 second(s)

2018-09-10 11:20:08 - [MESSAGE][PASSED] - Delayed 2 second(s)

2018-09-10 11:20:08 - [TEST_STEP][PASSED] - scrollToElement: Scroll to object 'Object Repository/Page_Callidus Cloud Commissions Man/Reason Codes' successfully

2018-09-10 11:20:09 - [MESSAGE][PASSED] - Scroll to object 'Object Repository/Page_Callidus Cloud Commissions Man/Reason Codes' successfully

2018-09-10 11:20:09 - [TEST_STEP][PASSED] - delay: Delayed 2 second(s)

2018-09-10 11:20:11 - [MESSAGE][PASSED] - Delayed 2 second(s)

2018-09-10 11:20:11 - [TEST_STEP][FAILED] - click: Unable to click on object 'Object Repository/Page_Callidus Cloud Commissions Man/Reason Codes' (Root cause: org.openqa.selenium.ElementNotVisibleException: element not visible
  (Session info: chrome=68.0.3440.106)
  (Driver info: chromedriver=2.35.528161 (5b82f2d2aae0ca24b877009200ced9065a772e73),platform=Windows NT 10.0.17134 x86_64) (WARNING: The server did not provide any stacktrace information)
Command duration or timeout: 0 milliseconds
Build info: version: '3.7.1', revision: '8a0099a', time: '2017-11-06T21:07:36.161Z'
System info: host: 'KIKOSANA-T450S', ip: '10.125.199.25', os.name: 'Windows 10', os.arch: 'amd64', os.version: '10.0', java.version: '1.8.0_181'
Driver info: com.kms.katalon.selenium.driver.CChromeDriver
Capabilities {acceptInsecureCerts: false, acceptSslCerts: false, applicationCacheEnabled: false, browserConnectionEnabled: false, browserName: chrome, chrome: {chromedriverVersion: 2.35.528161 (5b82f2d2aae0ca..., userDataDir: C:\Users\kikosana\AppData\L...}, cssSelectorsEnabled: true, databaseEnabled: false, handlesAlerts: true, hasTouchScreen: false, javascriptEnabled: true, locationContextEnabled: true, mobileEmulationEnabled: false, nativeEvents: true, networkConnectionEnabled: false, pageLoadStrategy: normal, platform: XP, platformName: XP, rotatable: false, setWindowRect: true, takesHeapSnapshot: true, takesScreenshot: true, unexpectedAlertBehaviour: , unhandledPromptBehavior: , version: 68.0.3440.106, webStorageEnabled: true}
Session ID: 8de86e46fa35ad604e619fad48af8d5f)

2018-09-10 11:20:11 - [MESSAGE][FAILED] - Unable to click on object 'Object Repository/Page_Callidus Cloud Commissions Man/Reason Codes' (Root cause: org.openqa.selenium.ElementNotVisibleException: element not visible
  (Session info: chrome=68.0.3440.106)
  (Driver info: chromedriver=2.35.528161 (5b82f2d2aae0ca24b877009200ced9065a772e73),platform=Windows NT 10.0.17134 x86_64) (WARNING: The server did not provide any stacktrace information)
Command duration or timeout: 0 milliseconds
Build info: version: '3.7.1', revision: '8a0099a', time: '2017-11-06T21:07:36.161Z'
System info: host: 'KIKOSANA-T450S', ip: '10.125.199.25', os.name: 'Windows 10', os.arch: 'amd64', os.version: '10.0', java.version: '1.8.0_181'
Driver info: com.kms.katalon.selenium.driver.CChromeDriver
Capabilities {acceptInsecureCerts: false, acceptSslCerts: false, applicationCacheEnabled: false, browserConnectionEnabled: false, browserName: chrome, chrome: {chromedriverVersion: 2.35.528161 (5b82f2d2aae0ca..., userDataDir: C:\Users\kikosana\AppData\L...}, cssSelectorsEnabled: true, databaseEnabled: false, handlesAlerts: true, hasTouchScreen: false, javascriptEnabled: true, locationContextEnabled: true, mobileEmulationEnabled: false, nativeEvents: true, networkConnectionEnabled: false, pageLoadStrategy: normal, platform: XP, platformName: XP, rotatable: false, setWindowRect: true, takesHeapSnapshot: true, takesScreenshot: true, unexpectedAlertBehaviour: , unhandledPromptBehavior: , version: 68.0.3440.106, webStorageEnabled: true}
Session ID: 8de86e46fa35ad604e619fad48af8d5f)
[[ATTACHMENT|C:\\Users\\kikosana\\Downloads\\UAT_Commission-master (2)\\UAT_Commission-master\\Reports\\TestDemo\\20180910_111308\\1536603611494.png]]]]></system-out>
         <system-err><![CDATA[2018-09-10 11:19:51 - [TEST_CASE][FAILED] - Test Cases/Reason_Codes: Test Cases/Reason_Codes FAILED because (of) Unable to click on object 'Object Repository/Page_Callidus Cloud Commissions Man/Reason Codes' (Root cause: org.openqa.selenium.ElementNotVisibleException: element not visible
  (Session info: chrome=68.0.3440.106)
  (Driver info: chromedriver=2.35.528161 (5b82f2d2aae0ca24b877009200ced9065a772e73),platform=Windows NT 10.0.17134 x86_64) (WARNING: The server did not provide any stacktrace information)
Command duration or timeout: 0 milliseconds
Build info: version: '3.7.1', revision: '8a0099a', time: '2017-11-06T21:07:36.161Z'
System info: host: 'KIKOSANA-T450S', ip: '10.125.199.25', os.name: 'Windows 10', os.arch: 'amd64', os.version: '10.0', java.version: '1.8.0_181'
Driver info: com.kms.katalon.selenium.driver.CChromeDriver
Capabilities {acceptInsecureCerts: false, acceptSslCerts: false, applicationCacheEnabled: false, browserConnectionEnabled: false, browserName: chrome, chrome: {chromedriverVersion: 2.35.528161 (5b82f2d2aae0ca..., userDataDir: C:\Users\kikosana\AppData\L...}, cssSelectorsEnabled: true, databaseEnabled: false, handlesAlerts: true, hasTouchScreen: false, javascriptEnabled: true, locationContextEnabled: true, mobileEmulationEnabled: false, nativeEvents: true, networkConnectionEnabled: false, pageLoadStrategy: normal, platform: XP, platformName: XP, rotatable: false, setWindowRect: true, takesHeapSnapshot: true, takesScreenshot: true, unexpectedAlertBehaviour: , unhandledPromptBehavior: , version: 68.0.3440.106, webStorageEnabled: true}
Session ID: 8de86e46fa35ad604e619fad48af8d5f)]]></system-err>
      </testcase>
      <testcase name="Test Cases/Territory_Elements_exist_in_the_system" classname="Test Cases/Territory_Elements_exist_in_the_system" status="PASSED">
         <system-out><![CDATA[2018-09-10 11:20:11 - [TEST_CASE][PASSED] - Test Cases/Territory_Elements_exist_in_the_system: Test Cases/Territory_Elements_exist_in_the_system

2018-09-10 11:20:12 - [TEST_STEP][NOT_RUN] - callTestCase: NOT_RUN: callTestCase

2018-09-10 11:20:12 - [MESSAGE][NOT_RUN] - NOT_RUN: callTestCase

2018-09-10 11:20:12 - [TEST_STEP][PASSED] - mouseOver: Object: 'Object Repository/Page_Callidus Cloud Commissions Man/div_PLAN' is hovered

2018-09-10 11:20:12 - [MESSAGE][PASSED] - Object: 'Object Repository/Page_Callidus Cloud Commissions Man/div_PLAN' is hovered

2018-09-10 11:20:12 - [TEST_STEP][PASSED] - scrollToElement: Scroll to object 'Object Repository/Page_Callidus Cloud Commissions Man/a_Plan Components' successfully

2018-09-10 11:20:12 - [MESSAGE][PASSED] - Scroll to object 'Object Repository/Page_Callidus Cloud Commissions Man/a_Plan Components' successfully

2018-09-10 11:20:12 - [TEST_STEP][PASSED] - delay: Delayed 2 second(s)

2018-09-10 11:20:14 - [MESSAGE][PASSED] - Delayed 2 second(s)

2018-09-10 11:20:14 - [TEST_STEP][PASSED] - scrollToElement: Scroll to object 'Object Repository/Page_Callidus Cloud Commissions Man/a_Territory' successfully

2018-09-10 11:20:14 - [MESSAGE][PASSED] - Scroll to object 'Object Repository/Page_Callidus Cloud Commissions Man/a_Territory' successfully

2018-09-10 11:20:14 - [TEST_STEP][PASSED] - delay: Delayed 2 second(s)

2018-09-10 11:20:16 - [MESSAGE][PASSED] - Delayed 2 second(s)

2018-09-10 11:20:16 - [TEST_STEP][PASSED] - click: Object: 'Object Repository/Page_Callidus Cloud Commissions Man/a_Territory' is clicked on

2018-09-10 11:20:17 - [MESSAGE][PASSED] - Object: 'Object Repository/Page_Callidus Cloud Commissions Man/a_Territory' is clicked on

2018-09-10 11:20:17 - [TEST_STEP][PASSED] - delay: Delayed 2 second(s)

2018-09-10 11:20:19 - [MESSAGE][PASSED] - Delayed 2 second(s)

2018-09-10 11:20:19 - [TEST_STEP][PASSED] - click: Object: 'Object Repository/Page_Callidus Cloud Commissions Man/a_Advanced Search' is clicked on

2018-09-10 11:20:19 - [MESSAGE][PASSED] - Object: 'Object Repository/Page_Callidus Cloud Commissions Man/a_Advanced Search' is clicked on

2018-09-10 11:20:19 - [TEST_STEP][PASSED] - click: Object: 'Object Repository/Page_Callidus Cloud Commissions Man/td_Field Name' is clicked on

2018-09-10 11:20:20 - [MESSAGE][PASSED] - Object: 'Object Repository/Page_Callidus Cloud Commissions Man/td_Field Name' is clicked on

2018-09-10 11:20:20 - [TEST_STEP][PASSED] - delay: Delayed 2 second(s)

2018-09-10 11:20:22 - [MESSAGE][PASSED] - Delayed 2 second(s)

2018-09-10 11:20:22 - [TEST_STEP][PASSED] - scrollToElement: Scroll to object 'Object Repository/Page_Callidus Cloud Commissions Man/option_Territory' successfully

2018-09-10 11:20:22 - [MESSAGE][PASSED] - Scroll to object 'Object Repository/Page_Callidus Cloud Commissions Man/option_Territory' successfully

2018-09-10 11:20:22 - [TEST_STEP][PASSED] - delay: Delayed 2 second(s)

2018-09-10 11:20:24 - [MESSAGE][PASSED] - Delayed 2 second(s)

2018-09-10 11:20:24 - [TEST_STEP][PASSED] - click: Object: 'Object Repository/Page_Callidus Cloud Commissions Man/option_Territory' is clicked on

2018-09-10 11:20:24 - [MESSAGE][PASSED] - Object: 'Object Repository/Page_Callidus Cloud Commissions Man/option_Territory' is clicked on

2018-09-10 11:20:24 - [TEST_STEP][PASSED] - click: Object: 'Object Repository/Page_Callidus Cloud Commissions Man/td_Comparision' is clicked on

2018-09-10 11:20:24 - [MESSAGE][PASSED] - Object: 'Object Repository/Page_Callidus Cloud Commissions Man/td_Comparision' is clicked on

2018-09-10 11:20:24 - [TEST_STEP][PASSED] - delay: Delayed 2 second(s)

2018-09-10 11:20:26 - [MESSAGE][PASSED] - Delayed 2 second(s)

2018-09-10 11:20:26 - [TEST_STEP][PASSED] - scrollToElement: Scroll to object 'Object Repository/Page_Callidus Cloud Commissions Man/option_Equals' successfully

2018-09-10 11:20:26 - [MESSAGE][PASSED] - Scroll to object 'Object Repository/Page_Callidus Cloud Commissions Man/option_Equals' successfully

2018-09-10 11:20:26 - [TEST_STEP][PASSED] - delay: Delayed 2 second(s)

2018-09-10 11:20:28 - [MESSAGE][PASSED] - Delayed 2 second(s)

2018-09-10 11:20:28 - [TEST_STEP][PASSED] - click: Object: 'Object Repository/Page_Callidus Cloud Commissions Man/option_Equals' is clicked on

2018-09-10 11:20:28 - [MESSAGE][PASSED] - Object: 'Object Repository/Page_Callidus Cloud Commissions Man/option_Equals' is clicked on

2018-09-10 11:20:28 - [TEST_STEP][PASSED] - delay: Delayed 2 second(s)

2018-09-10 11:20:30 - [MESSAGE][PASSED] - Delayed 2 second(s)

2018-09-10 11:20:30 - [TEST_STEP][PASSED] - setText: Text 'Territory_Demo' is set on object 'Object Repository/Page_Callidus Cloud Commissions Man/td_Value'

2018-09-10 11:20:31 - [MESSAGE][PASSED] - Text 'Territory_Demo' is set on object 'Object Repository/Page_Callidus Cloud Commissions Man/td_Value'

2018-09-10 11:20:31 - [TEST_STEP][PASSED] - delay: Delayed 2 second(s)

2018-09-10 11:20:33 - [MESSAGE][PASSED] - Delayed 2 second(s)

2018-09-10 11:20:33 - [TEST_STEP][PASSED] - click: Object: 'Object Repository/Page_Callidus Cloud Commissions Man/input_Apply Search' is clicked on

2018-09-10 11:20:33 - [MESSAGE][PASSED] - Object: 'Object Repository/Page_Callidus Cloud Commissions Man/input_Apply Search' is clicked on

2018-09-10 11:20:33 - [TEST_STEP][NOT_RUN] - callTestCase: NOT_RUN: callTestCase

2018-09-10 11:20:33 - [MESSAGE][NOT_RUN] - NOT_RUN: callTestCase]]></system-out>
         <system-err><![CDATA[]]></system-err>
      </testcase>
      <testcase name="Test Cases/Territory_Variables_exist_in_the_system" classname="Test Cases/Territory_Variables_exist_in_the_system" status="PASSED">
         <system-out><![CDATA[2018-09-10 11:20:33 - [TEST_CASE][PASSED] - Test Cases/Territory_Variables_exist_in_the_system: Test Cases/Territory_Variables_exist_in_the_system

2018-09-10 11:20:33 - [TEST_STEP][NOT_RUN] - callTestCase: NOT_RUN: callTestCase

2018-09-10 11:20:33 - [MESSAGE][NOT_RUN] - NOT_RUN: callTestCase

2018-09-10 11:20:33 - [TEST_STEP][PASSED] - mouseOver: Object: 'Object Repository/Page_Callidus Cloud Commissions Man/div_PLAN' is hovered

2018-09-10 11:20:33 - [MESSAGE][PASSED] - Object: 'Object Repository/Page_Callidus Cloud Commissions Man/div_PLAN' is hovered

2018-09-10 11:20:33 - [TEST_STEP][PASSED] - delay: Delayed 2 second(s)

2018-09-10 11:20:35 - [MESSAGE][PASSED] - Delayed 2 second(s)

2018-09-10 11:20:35 - [TEST_STEP][PASSED] - scrollToElement: Scroll to object 'Object Repository/Page_Callidus Cloud Commissions Man/a_Plan Components' successfully

2018-09-10 11:20:35 - [MESSAGE][PASSED] - Scroll to object 'Object Repository/Page_Callidus Cloud Commissions Man/a_Plan Components' successfully

2018-09-10 11:20:35 - [TEST_STEP][PASSED] - delay: Delayed 2 second(s)

2018-09-10 11:20:37 - [MESSAGE][PASSED] - Delayed 2 second(s)

2018-09-10 11:20:37 - [TEST_STEP][PASSED] - scrollToElement: Scroll to object 'Object Repository/Page_Callidus Cloud Commissions Man/a_Variables' successfully

2018-09-10 11:20:37 - [MESSAGE][PASSED] - Scroll to object 'Object Repository/Page_Callidus Cloud Commissions Man/a_Variables' successfully

2018-09-10 11:20:37 - [TEST_STEP][PASSED] - delay: Delayed 2 second(s)

2018-09-10 11:20:39 - [MESSAGE][PASSED] - Delayed 2 second(s)

2018-09-10 11:20:39 - [TEST_STEP][PASSED] - click: Object: 'Object Repository/Page_Callidus Cloud Commissions Man/a_Variables' is clicked on

2018-09-10 11:20:40 - [MESSAGE][PASSED] - Object: 'Object Repository/Page_Callidus Cloud Commissions Man/a_Variables' is clicked on

2018-09-10 11:20:40 - [TEST_STEP][PASSED] - delay: Delayed 2 second(s)

2018-09-10 11:20:42 - [MESSAGE][PASSED] - Delayed 2 second(s)

2018-09-10 11:20:42 - [TEST_STEP][PASSED] - click: Object: 'Object Repository/Page_Callidus Cloud Commissions Man/a_Advanced Search' is clicked on

2018-09-10 11:20:42 - [MESSAGE][PASSED] - Object: 'Object Repository/Page_Callidus Cloud Commissions Man/a_Advanced Search' is clicked on

2018-09-10 11:20:42 - [TEST_STEP][PASSED] - click: Object: 'Object Repository/Page_Callidus Cloud Commissions Man/td_Field Name' is clicked on

2018-09-10 11:20:43 - [MESSAGE][PASSED] - Object: 'Object Repository/Page_Callidus Cloud Commissions Man/td_Field Name' is clicked on

2018-09-10 11:20:43 - [TEST_STEP][PASSED] - scrollToElement: Scroll to object 'Object Repository/Page_Callidus Cloud Commissions Man/option_Variables' successfully

2018-09-10 11:20:43 - [MESSAGE][PASSED] - Scroll to object 'Object Repository/Page_Callidus Cloud Commissions Man/option_Variables' successfully

2018-09-10 11:20:43 - [TEST_STEP][PASSED] - delay: Delayed 2 second(s)

2018-09-10 11:20:45 - [MESSAGE][PASSED] - Delayed 2 second(s)

2018-09-10 11:20:45 - [TEST_STEP][PASSED] - click: Object: 'Object Repository/Page_Callidus Cloud Commissions Man/option_Variables' is clicked on

2018-09-10 11:20:45 - [MESSAGE][PASSED] - Object: 'Object Repository/Page_Callidus Cloud Commissions Man/option_Variables' is clicked on

2018-09-10 11:20:45 - [TEST_STEP][PASSED] - click: Object: 'Object Repository/Page_Callidus Cloud Commissions Man/td_Comparision' is clicked on

2018-09-10 11:20:45 - [MESSAGE][PASSED] - Object: 'Object Repository/Page_Callidus Cloud Commissions Man/td_Comparision' is clicked on

2018-09-10 11:20:45 - [TEST_STEP][PASSED] - scrollToElement: Scroll to object 'Object Repository/Page_Callidus Cloud Commissions Man/option_Equals' successfully

2018-09-10 11:20:46 - [MESSAGE][PASSED] - Scroll to object 'Object Repository/Page_Callidus Cloud Commissions Man/option_Equals' successfully

2018-09-10 11:20:46 - [TEST_STEP][PASSED] - delay: Delayed 2 second(s)

2018-09-10 11:20:48 - [MESSAGE][PASSED] - Delayed 2 second(s)

2018-09-10 11:20:48 - [TEST_STEP][PASSED] - click: Object: 'Object Repository/Page_Callidus Cloud Commissions Man/option_Equals' is clicked on

2018-09-10 11:20:48 - [MESSAGE][PASSED] - Object: 'Object Repository/Page_Callidus Cloud Commissions Man/option_Equals' is clicked on

2018-09-10 11:20:48 - [TEST_STEP][PASSED] - delay: Delayed 2 second(s)

2018-09-10 11:20:50 - [MESSAGE][PASSED] - Delayed 2 second(s)

2018-09-10 11:20:50 - [TEST_STEP][PASSED] - setText: Text 'Var_T_Demo3' is set on object 'Object Repository/Page_Callidus Cloud Commissions Man/td_Value'

2018-09-10 11:20:50 - [MESSAGE][PASSED] - Text 'Var_T_Demo3' is set on object 'Object Repository/Page_Callidus Cloud Commissions Man/td_Value'

2018-09-10 11:20:50 - [TEST_STEP][PASSED] - click: Object: 'Object Repository/Page_Callidus Cloud Commissions Man/input_Apply Search' is clicked on

2018-09-10 11:20:50 - [MESSAGE][PASSED] - Object: 'Object Repository/Page_Callidus Cloud Commissions Man/input_Apply Search' is clicked on

2018-09-10 11:20:50 - [TEST_STEP][PASSED] - delay: Delayed 5 second(s)

2018-09-10 11:20:55 - [MESSAGE][PASSED] - Delayed 5 second(s)

2018-09-10 11:20:55 - [TEST_STEP][NOT_RUN] - callTestCase: NOT_RUN: callTestCase

2018-09-10 11:20:55 - [MESSAGE][NOT_RUN] - NOT_RUN: callTestCase]]></system-out>
         <system-err><![CDATA[]]></system-err>
      </testcase>
      <testcase name="Test Cases/UnitType exists in the system" classname="Test Cases/UnitType exists in the system" status="PASSED">
         <system-out><![CDATA[2018-09-10 11:20:55 - [TEST_CASE][PASSED] - Test Cases/UnitType exists in the system: Test Cases/UnitType exists in the system

2018-09-10 11:20:55 - [TEST_STEP][NOT_RUN] - callTestCase: NOT_RUN: callTestCase

2018-09-10 11:20:55 - [MESSAGE][NOT_RUN] - NOT_RUN: callTestCase

2018-09-10 11:20:55 - [TEST_STEP][PASSED] - mouseOver: Object: 'Object Repository/Page_Callidus Cloud Commissions Man/div_ADMINISTRATION' is hovered

2018-09-10 11:20:56 - [MESSAGE][PASSED] - Object: 'Object Repository/Page_Callidus Cloud Commissions Man/div_ADMINISTRATION' is hovered

2018-09-10 11:20:56 - [TEST_STEP][PASSED] - delay: Delayed 3 second(s)

2018-09-10 11:20:59 - [MESSAGE][PASSED] - Delayed 3 second(s)

2018-09-10 11:20:59 - [TEST_STEP][PASSED] - scrollToElement: Scroll to object 'Object Repository/Page_Callidus Cloud Commissions Man/a_Unit Types' successfully

2018-09-10 11:20:59 - [MESSAGE][PASSED] - Scroll to object 'Object Repository/Page_Callidus Cloud Commissions Man/a_Unit Types' successfully

2018-09-10 11:20:59 - [TEST_STEP][PASSED] - delay: Delayed 3 second(s)

2018-09-10 11:21:02 - [MESSAGE][PASSED] - Delayed 3 second(s)

2018-09-10 11:21:02 - [TEST_STEP][PASSED] - click: Object: 'Object Repository/Page_Callidus Cloud Commissions Man/a_Unit Types' is clicked on

2018-09-10 11:21:02 - [MESSAGE][PASSED] - Object: 'Object Repository/Page_Callidus Cloud Commissions Man/a_Unit Types' is clicked on

2018-09-10 11:21:02 - [TEST_STEP][PASSED] - setText: Text 'USD' is set on object 'Object Repository/Page_Callidus Cloud Commissions Man/input_Enter Search Terms'

2018-09-10 11:21:02 - [MESSAGE][PASSED] - Text 'USD' is set on object 'Object Repository/Page_Callidus Cloud Commissions Man/input_Enter Search Terms'

2018-09-10 11:21:02 - [TEST_STEP][PASSED] - click: Object: 'Object Repository/Page_Callidus Cloud Commissions Man/a_Advanced Search' is clicked on

2018-09-10 11:21:02 - [MESSAGE][PASSED] - Object: 'Object Repository/Page_Callidus Cloud Commissions Man/a_Advanced Search' is clicked on

2018-09-10 11:21:02 - [TEST_STEP][PASSED] - delay: Delayed 3 second(s)

2018-09-10 11:21:05 - [MESSAGE][PASSED] - Delayed 3 second(s)

2018-09-10 11:21:05 - [TEST_STEP][PASSED] - click: Object: 'Object Repository/Page_Callidus Cloud Commissions Man/td_Field Name' is clicked on

2018-09-10 11:21:06 - [MESSAGE][PASSED] - Object: 'Object Repository/Page_Callidus Cloud Commissions Man/td_Field Name' is clicked on

2018-09-10 11:21:06 - [TEST_STEP][PASSED] - scrollToElement: Scroll to object 'Object Repository/Page_Callidus Cloud Commissions Man/a_UnitTypeId' successfully

2018-09-10 11:21:06 - [MESSAGE][PASSED] - Scroll to object 'Object Repository/Page_Callidus Cloud Commissions Man/a_UnitTypeId' successfully

2018-09-10 11:21:06 - [TEST_STEP][PASSED] - delay: Delayed 2 second(s)

2018-09-10 11:21:08 - [MESSAGE][PASSED] - Delayed 2 second(s)

2018-09-10 11:21:08 - [TEST_STEP][PASSED] - click: Object: 'Object Repository/Page_Callidus Cloud Commissions Man/a_UnitTypeId' is clicked on

2018-09-10 11:21:08 - [MESSAGE][PASSED] - Object: 'Object Repository/Page_Callidus Cloud Commissions Man/a_UnitTypeId' is clicked on

2018-09-10 11:21:08 - [TEST_STEP][PASSED] - click: Object: 'Object Repository/Page_Callidus Cloud Commissions Man/td_Comparision' is clicked on

2018-09-10 11:21:08 - [MESSAGE][PASSED] - Object: 'Object Repository/Page_Callidus Cloud Commissions Man/td_Comparision' is clicked on

2018-09-10 11:21:08 - [TEST_STEP][PASSED] - scrollToElement: Scroll to object 'Object Repository/Page_Callidus Cloud Commissions Man/option_Equals' successfully

2018-09-10 11:21:08 - [MESSAGE][PASSED] - Scroll to object 'Object Repository/Page_Callidus Cloud Commissions Man/option_Equals' successfully

2018-09-10 11:21:08 - [TEST_STEP][PASSED] - delay: Delayed 2 second(s)

2018-09-10 11:21:10 - [MESSAGE][PASSED] - Delayed 2 second(s)

2018-09-10 11:21:10 - [TEST_STEP][PASSED] - click: Object: 'Object Repository/Page_Callidus Cloud Commissions Man/option_Equals' is clicked on

2018-09-10 11:21:10 - [MESSAGE][PASSED] - Object: 'Object Repository/Page_Callidus Cloud Commissions Man/option_Equals' is clicked on

2018-09-10 11:21:10 - [TEST_STEP][PASSED] - setText: Text 'USD' is set on object 'Object Repository/Page_Callidus Cloud Commissions Man/td_Value'

2018-09-10 11:21:11 - [MESSAGE][PASSED] - Text 'USD' is set on object 'Object Repository/Page_Callidus Cloud Commissions Man/td_Value'

2018-09-10 11:21:11 - [TEST_STEP][PASSED] - delay: Delayed 2 second(s)

2018-09-10 11:21:13 - [MESSAGE][PASSED] - Delayed 2 second(s)

2018-09-10 11:21:13 - [TEST_STEP][PASSED] - click: Object: 'Object Repository/Page_Callidus Cloud Commissions Man/input_Apply Search' is clicked on

2018-09-10 11:21:13 - [MESSAGE][PASSED] - Object: 'Object Repository/Page_Callidus Cloud Commissions Man/input_Apply Search' is clicked on

2018-09-10 11:21:13 - [TEST_STEP][NOT_RUN] - callTestCase: NOT_RUN: callTestCase

2018-09-10 11:21:13 - [MESSAGE][NOT_RUN] - NOT_RUN: callTestCase]]></system-out>
         <system-err><![CDATA[]]></system-err>
      </testcase>
      <testcase name="Test Cases/Commission Logout" classname="Test Cases/Commission Logout" status="PASSED">
         <system-out><![CDATA[2018-09-10 11:21:13 - [TEST_CASE][PASSED] - Test Cases/Commission Logout: Test Cases/Commission Logout

2018-09-10 11:21:13 - [TEST_STEP][PASSED] - click: Object: 'Object Repository/Page_Callidus Cloud Commissions Man/span_rkulkarncalliduscloud.com' is clicked on

2018-09-10 11:21:13 - [MESSAGE][PASSED] - Object: 'Object Repository/Page_Callidus Cloud Commissions Man/span_rkulkarncalliduscloud.com' is clicked on

2018-09-10 11:21:13 - [TEST_STEP][PASSED] - click: Object: 'Object Repository/Page_Callidus Cloud Commissions Man/div_Logout' is clicked on

2018-09-10 11:21:14 - [MESSAGE][PASSED] - Object: 'Object Repository/Page_Callidus Cloud Commissions Man/div_Logout' is clicked on

2018-09-10 11:21:14 - [TEST_STEP][PASSED] - closeBrowser: Browser is closed

2018-09-10 11:21:15 - [MESSAGE][PASSED] - Browser is closed]]></system-out>
         <system-err><![CDATA[]]></system-err>
      </testcase>
      <system-out><![CDATA[2018-09-10 11:13:10 - [TEST_SUITE][FAILED] - TestDemo: Test Cases/Credit Rule exists in the system FAILED because (of) Unable to click on object 'Object Repository/Page_Plan Tab/a_Rules' (Root cause: org.openqa.selenium.ElementNotVisibleException: element not visible
  (Session info: chrome=68.0.3440.106)
  (Driver info: chromedriver=2.35.528161 (5b82f2d2aae0ca24b877009200ced9065a772e73),platform=Windows NT 10.0.17134 x86_64) (WARNING: The server did not provide any stacktrace information)
Command duration or timeout: 0 milliseconds
Build info: version: '3.7.1', revision: '8a0099a', time: '2017-11-06T21:07:36.161Z'
System info: host: 'KIKOSANA-T450S', ip: '10.125.199.25', os.name: 'Windows 10', os.arch: 'amd64', os.version: '10.0', java.version: '1.8.0_181'
Driver info: com.kms.katalon.selenium.driver.CChromeDriver
Capabilities {acceptInsecureCerts: false, acceptSslCerts: false, applicationCacheEnabled: false, browserConnectionEnabled: false, browserName: chrome, chrome: {chromedriverVersion: 2.35.528161 (5b82f2d2aae0ca..., userDataDir: C:\Users\kikosana\AppData\L...}, cssSelectorsEnabled: true, databaseEnabled: false, handlesAlerts: true, hasTouchScreen: false, javascriptEnabled: true, locationContextEnabled: true, mobileEmulationEnabled: false, nativeEvents: true, networkConnectionEnabled: false, pageLoadStrategy: normal, platform: XP, platformName: XP, rotatable: false, setWindowRect: true, takesHeapSnapshot: true, takesScreenshot: true, unexpectedAlertBehaviour: , unhandledPromptBehavior: , version: 68.0.3440.106, webStorageEnabled: true}
Session ID: d8dc36b02caae27b74c04ee041a17fd6)]]></system-out>
      <system-err><![CDATA[2018-09-10 11:13:10 - [TEST_SUITE][FAILED] - TestDemo: Test Cases/Credit Rule exists in the system FAILED because (of) Unable to click on object 'Object Repository/Page_Plan Tab/a_Rules' (Root cause: org.openqa.selenium.ElementNotVisibleException: element not visible
  (Session info: chrome=68.0.3440.106)
  (Driver info: chromedriver=2.35.528161 (5b82f2d2aae0ca24b877009200ced9065a772e73),platform=Windows NT 10.0.17134 x86_64) (WARNING: The server did not provide any stacktrace information)
Command duration or timeout: 0 milliseconds
Build info: version: '3.7.1', revision: '8a0099a', time: '2017-11-06T21:07:36.161Z'
System info: host: 'KIKOSANA-T450S', ip: '10.125.199.25', os.name: 'Windows 10', os.arch: 'amd64', os.version: '10.0', java.version: '1.8.0_181'
Driver info: com.kms.katalon.selenium.driver.CChromeDriver
Capabilities {acceptInsecureCerts: false, acceptSslCerts: false, applicationCacheEnabled: false, browserConnectionEnabled: false, browserName: chrome, chrome: {chromedriverVersion: 2.35.528161 (5b82f2d2aae0ca..., userDataDir: C:\Users\kikosana\AppData\L...}, cssSelectorsEnabled: true, databaseEnabled: false, handlesAlerts: true, hasTouchScreen: false, javascriptEnabled: true, locationContextEnabled: true, mobileEmulationEnabled: false, nativeEvents: true, networkConnectionEnabled: false, pageLoadStrategy: normal, platform: XP, platformName: XP, rotatable: false, setWindowRect: true, takesHeapSnapshot: true, takesScreenshot: true, unexpectedAlertBehaviour: , unhandledPromptBehavior: , version: 68.0.3440.106, webStorageEnabled: true}
Session ID: d8dc36b02caae27b74c04ee041a17fd6)]]></system-err>
   </testsuite>
</testsuites>
