<?xml version="1.0" encoding="UTF-8"?>
<testsuites name="TestDemo" time="470" tests="20" failures="2" errors="0">
   <testsuite name="TestDemo" tests="20" failures="2" errors="0" time="470" timestamp="2018-09-10 11:00:54" hostname="kikosana - KIKOSANA-T450S.callidussoftware.com" id="Test Suites/TestDemo">
      <properties>
         <property name="deviceName" value=""/>
         <property name="devicePlatform" value=""/>
         <property name="logFolder" value="C:\\Users\\kikosana\\Downloads\\UAT_Commission-master (2)\\UAT_Commission-master\\Reports\\TestDemo\\20180910_110052"/>
         <property name="logFiles" value="C:\\Users\\kikosana\\Downloads\\UAT_Commission-master (2)\\UAT_Commission-master\\Reports\\TestDemo\\20180910_110052\\execution0.log"/>
         <property name="attachments" value="C:\\Users\\kikosana\\Downloads\\UAT_Commission-master (2)\\UAT_Commission-master\\Reports\\TestDemo\\20180910_110052\\1536602666246.png, C:\\Users\\kikosana\\Downloads\\UAT_Commission-master (2)\\UAT_Commission-master\\Reports\\TestDemo\\20180910_110052\\1536602694752.png"/>
         <property name="hostName" value="kikosana - KIKOSANA-T450S.callidussoftware.com"/>
         <property name="os" value="Windows 10 64bit"/>
         <property name="katalonVersion" value="5.6.3.1"/>
         <property name="browser" value="Chrome 68.0.3440.106"/>
         <property name="hostAddress" value="10.125.199.25"/>
         <property name="sessionId" value="f4e47696b1de970c5d52a175e3cb9862"/>
         <property name="seleniumVersion" value="3.7.1"/>
         <property name="proxyInformation" value="ProxyInformation{proxyOption=NO_PROXY, proxyServerType=HTTP, password=, proxyServerAddress=, proxyServerPort=0}"/>
         <property name="platform" value="Windows 10"/>
      </properties>
      <testcase name="Test Cases/Commission Login" classname="Test Cases/Commission Login" status="PASSED">
         <system-out><![CDATA[2018-09-10 11:00:54 - [TEST_CASE][PASSED] - Test Cases/Commission Login: Test Cases/Commission Login

2018-09-10 11:00:55 - [TEST_STEP][PASSED] - openBrowser: Browser is opened with url: ''

2018-09-10 11:00:59 - [MESSAGE][PASSED] - Browser is opened with url: ''

2018-09-10 11:00:59 - [TEST_STEP][PASSED] - navigateToUrl: Navigate to 'https://biz3-tst.callidusondemand.com/SalesPortal/#!/' successfully

2018-09-10 11:01:00 - [MESSAGE][PASSED] - Navigate to 'https://biz3-tst.callidusondemand.com/SalesPortal/#!/' successfully

2018-09-10 11:01:00 - [TEST_STEP][PASSED] - maximizeWindow: Current window maximized

2018-09-10 11:01:01 - [MESSAGE][PASSED] - Current window maximized

2018-09-10 11:01:01 - [TEST_STEP][PASSED] - setText: Text 'kikosana@calliduscloud.com' is set on object 'Object Repository/Page_Sales Performance Home/input_username'

2018-09-10 11:01:02 - [MESSAGE][PASSED] - Text 'kikosana@calliduscloud.com' is set on object 'Object Repository/Page_Sales Performance Home/input_username'

2018-09-10 11:01:02 - [TEST_STEP][PASSED] - setText: Text 'Kiran09@@' is set on object 'Object Repository/Page_Sales Performance Home/input_password'

2018-09-10 11:01:02 - [MESSAGE][PASSED] - Text 'Kiran09@@' is set on object 'Object Repository/Page_Sales Performance Home/input_password'

2018-09-10 11:01:02 - [TEST_STEP][PASSED] - click: Object: 'Object Repository/Page_Sales Performance Home/button_Login' is clicked on

2018-09-10 11:01:02 - [MESSAGE][PASSED] - Object: 'Object Repository/Page_Sales Performance Home/button_Login' is clicked on

2018-09-10 11:01:02 - [TEST_STEP][PASSED] - click: Object: 'Object Repository/Page_Sales Performance Home/span_Sales Performance Home' is clicked on

2018-09-10 11:01:04 - [MESSAGE][PASSED] - Object: 'Object Repository/Page_Sales Performance Home/span_Sales Performance Home' is clicked on

2018-09-10 11:01:04 - [TEST_STEP][PASSED] - click: Object: 'Object Repository/Page_Sales Performance Home/a_Commissions' is clicked on

2018-09-10 11:01:04 - [MESSAGE][PASSED] - Object: 'Object Repository/Page_Sales Performance Home/a_Commissions' is clicked on

2018-09-10 11:01:04 - [TEST_STEP][PASSED] - click: Object: 'Object Repository/Page_Callidus Cloud Commissions Man/a_Manage Setup' is clicked on

2018-09-10 11:01:10 - [MESSAGE][PASSED] - Object: 'Object Repository/Page_Callidus Cloud Commissions Man/a_Manage Setup' is clicked on]]></system-out>
         <system-err><![CDATA[]]></system-err>
      </testcase>
      <testcase name="Test Cases/Credit Rule exists in the system" classname="Test Cases/Credit Rule exists in the system" status="PASSED">
         <system-out><![CDATA[2018-09-10 11:01:10 - [TEST_CASE][PASSED] - Test Cases/Credit Rule exists in the system: Test Cases/Credit Rule exists in the system

2018-09-10 11:01:10 - [TEST_STEP][NOT_RUN] - callTestCase: NOT_RUN: callTestCase

2018-09-10 11:01:10 - [MESSAGE][NOT_RUN] - NOT_RUN: callTestCase

2018-09-10 11:01:10 - [TEST_STEP][PASSED] - delay: Delayed 5 second(s)

2018-09-10 11:01:15 - [MESSAGE][PASSED] - Delayed 5 second(s)

2018-09-10 11:01:15 - [TEST_STEP][PASSED] - mouseOver: Object: 'Object Repository/Page_Plan Tab/a_Plan' is hovered

2018-09-10 11:01:15 - [MESSAGE][PASSED] - Object: 'Object Repository/Page_Plan Tab/a_Plan' is hovered

2018-09-10 11:01:15 - [TEST_STEP][PASSED] - delay: Delayed 3 second(s)

2018-09-10 11:01:18 - [MESSAGE][PASSED] - Delayed 3 second(s)

2018-09-10 11:01:18 - [TEST_STEP][PASSED] - scrollToElement: Scroll to object 'Object Repository/Page_Plan Tab/a_Rules' successfully

2018-09-10 11:01:18 - [MESSAGE][PASSED] - Scroll to object 'Object Repository/Page_Plan Tab/a_Rules' successfully

2018-09-10 11:01:18 - [TEST_STEP][PASSED] - delay: Delayed 2 second(s)

2018-09-10 11:01:20 - [MESSAGE][PASSED] - Delayed 2 second(s)

2018-09-10 11:01:20 - [TEST_STEP][PASSED] - click: Object: 'Object Repository/Page_Plan Tab/a_Rules' is clicked on

2018-09-10 11:01:21 - [MESSAGE][PASSED] - Object: 'Object Repository/Page_Plan Tab/a_Rules' is clicked on

2018-09-10 11:01:21 - [TEST_STEP][PASSED] - click: Object: 'Object Repository/Page_Callidus Cloud Commissions Man/a_Advanced Search' is clicked on

2018-09-10 11:01:21 - [MESSAGE][PASSED] - Object: 'Object Repository/Page_Callidus Cloud Commissions Man/a_Advanced Search' is clicked on

2018-09-10 11:01:21 - [TEST_STEP][PASSED] - delay: Delayed 3 second(s)

2018-09-10 11:01:24 - [MESSAGE][PASSED] - Delayed 3 second(s)

2018-09-10 11:01:24 - [TEST_STEP][PASSED] - click: Object: 'Object Repository/Page_Callidus Cloud Commissions Man/td_Field Name' is clicked on

2018-09-10 11:01:25 - [MESSAGE][PASSED] - Object: 'Object Repository/Page_Callidus Cloud Commissions Man/td_Field Name' is clicked on

2018-09-10 11:01:25 - [TEST_STEP][PASSED] - delay: Delayed 2 second(s)

2018-09-10 11:01:27 - [MESSAGE][PASSED] - Delayed 2 second(s)

2018-09-10 11:01:27 - [TEST_STEP][PASSED] - scrollToElement: Scroll to object 'Object Repository/Page_Plan Tab/a_Field_name' successfully

2018-09-10 11:01:27 - [MESSAGE][PASSED] - Scroll to object 'Object Repository/Page_Plan Tab/a_Field_name' successfully

2018-09-10 11:01:27 - [TEST_STEP][PASSED] - delay: Delayed 2 second(s)

2018-09-10 11:01:29 - [MESSAGE][PASSED] - Delayed 2 second(s)

2018-09-10 11:01:29 - [TEST_STEP][PASSED] - click: Object: 'Object Repository/Page_Plan Tab/a_Field_name' is clicked on

2018-09-10 11:01:29 - [MESSAGE][PASSED] - Object: 'Object Repository/Page_Plan Tab/a_Field_name' is clicked on

2018-09-10 11:01:29 - [TEST_STEP][PASSED] - click: Object: 'Object Repository/Page_Callidus Cloud Commissions Man/td_Comparision' is clicked on

2018-09-10 11:01:29 - [MESSAGE][PASSED] - Object: 'Object Repository/Page_Callidus Cloud Commissions Man/td_Comparision' is clicked on

2018-09-10 11:01:29 - [TEST_STEP][PASSED] - delay: Delayed 2 second(s)

2018-09-10 11:01:31 - [MESSAGE][PASSED] - Delayed 2 second(s)

2018-09-10 11:01:31 - [TEST_STEP][PASSED] - scrollToElement: Scroll to object 'Object Repository/Page_Callidus Cloud Commissions Man/option_Equals' successfully

2018-09-10 11:01:31 - [MESSAGE][PASSED] - Scroll to object 'Object Repository/Page_Callidus Cloud Commissions Man/option_Equals' successfully

2018-09-10 11:01:31 - [TEST_STEP][PASSED] - delay: Delayed 2 second(s)

2018-09-10 11:01:33 - [MESSAGE][PASSED] - Delayed 2 second(s)

2018-09-10 11:01:33 - [TEST_STEP][PASSED] - click: Object: 'Object Repository/Page_Callidus Cloud Commissions Man/option_Equals' is clicked on

2018-09-10 11:01:33 - [MESSAGE][PASSED] - Object: 'Object Repository/Page_Callidus Cloud Commissions Man/option_Equals' is clicked on

2018-09-10 11:01:33 - [TEST_STEP][PASSED] - delay: Delayed 2 second(s)

2018-09-10 11:01:35 - [MESSAGE][PASSED] - Delayed 2 second(s)

2018-09-10 11:01:35 - [TEST_STEP][PASSED] - setText: Text 'CR Territory Booking' is set on object 'Object Repository/Page_Callidus Cloud Commissions Man/td_Value'

2018-09-10 11:01:36 - [MESSAGE][PASSED] - Text 'CR Territory Booking' is set on object 'Object Repository/Page_Callidus Cloud Commissions Man/td_Value'

2018-09-10 11:01:36 - [TEST_STEP][PASSED] - delay: Delayed 2 second(s)

2018-09-10 11:01:38 - [MESSAGE][PASSED] - Delayed 2 second(s)

2018-09-10 11:01:38 - [TEST_STEP][PASSED] - click: Object: 'Object Repository/Page_Callidus Cloud Commissions Man/input_Apply Search' is clicked on

2018-09-10 11:01:38 - [MESSAGE][PASSED] - Object: 'Object Repository/Page_Callidus Cloud Commissions Man/input_Apply Search' is clicked on

2018-09-10 11:01:38 - [TEST_STEP][NOT_RUN] - acceptAlert: NOT_RUN: acceptAlert

2018-09-10 11:01:38 - [MESSAGE][NOT_RUN] - NOT_RUN: acceptAlert

2018-09-10 11:01:38 - [TEST_STEP][NOT_RUN] - callTestCase: NOT_RUN: callTestCase

2018-09-10 11:01:38 - [MESSAGE][NOT_RUN] - NOT_RUN: callTestCase]]></system-out>
         <system-err><![CDATA[]]></system-err>
      </testcase>
      <testcase name="Test Cases/Credit Types exist in the system" classname="Test Cases/Credit Types exist in the system" status="PASSED">
         <system-out><![CDATA[2018-09-10 11:01:38 - [TEST_CASE][PASSED] - Test Cases/Credit Types exist in the system: Test Cases/Credit Types exist in the system

2018-09-10 11:01:38 - [TEST_STEP][NOT_RUN] - callTestCase: NOT_RUN: callTestCase

2018-09-10 11:01:38 - [MESSAGE][NOT_RUN] - NOT_RUN: callTestCase

2018-09-10 11:01:38 - [TEST_STEP][PASSED] - mouseOver: Object: 'Object Repository/Page_Callidus Cloud Commissions Man/div_ADMINISTRATION' is hovered

2018-09-10 11:01:38 - [MESSAGE][PASSED] - Object: 'Object Repository/Page_Callidus Cloud Commissions Man/div_ADMINISTRATION' is hovered

2018-09-10 11:01:38 - [TEST_STEP][PASSED] - delay: Delayed 5 second(s)

2018-09-10 11:01:43 - [MESSAGE][PASSED] - Delayed 5 second(s)

2018-09-10 11:01:43 - [TEST_STEP][PASSED] - scrollToElement: Scroll to object 'Object Repository/Page_Callidus Cloud Commissions Man/a_Credit Types' successfully

2018-09-10 11:01:44 - [MESSAGE][PASSED] - Scroll to object 'Object Repository/Page_Callidus Cloud Commissions Man/a_Credit Types' successfully

2018-09-10 11:01:44 - [TEST_STEP][PASSED] - delay: Delayed 2 second(s)

2018-09-10 11:01:46 - [MESSAGE][PASSED] - Delayed 2 second(s)

2018-09-10 11:01:46 - [TEST_STEP][PASSED] - click: Object: 'Object Repository/Page_Callidus Cloud Commissions Man/a_Credit Types' is clicked on

2018-09-10 11:01:46 - [MESSAGE][PASSED] - Object: 'Object Repository/Page_Callidus Cloud Commissions Man/a_Credit Types' is clicked on

2018-09-10 11:01:46 - [TEST_STEP][PASSED] - click: Object: 'Object Repository/Page_Callidus Cloud Commissions Man/a_Advanced Search' is clicked on

2018-09-10 11:01:46 - [MESSAGE][PASSED] - Object: 'Object Repository/Page_Callidus Cloud Commissions Man/a_Advanced Search' is clicked on

2018-09-10 11:01:46 - [TEST_STEP][PASSED] - click: Object: 'Object Repository/Page_Callidus Cloud Commissions Man/td_Field Name' is clicked on

2018-09-10 11:01:47 - [MESSAGE][PASSED] - Object: 'Object Repository/Page_Callidus Cloud Commissions Man/td_Field Name' is clicked on

2018-09-10 11:01:47 - [TEST_STEP][PASSED] - scrollToElement: Scroll to object 'Object Repository/Page_Callidus Cloud Commissions Man/option_credit types id' successfully

2018-09-10 11:01:47 - [MESSAGE][PASSED] - Scroll to object 'Object Repository/Page_Callidus Cloud Commissions Man/option_credit types id' successfully

2018-09-10 11:01:47 - [TEST_STEP][PASSED] - delay: Delayed 2 second(s)

2018-09-10 11:01:49 - [MESSAGE][PASSED] - Delayed 2 second(s)

2018-09-10 11:01:49 - [TEST_STEP][PASSED] - click: Object: 'Object Repository/Page_Callidus Cloud Commissions Man/option_credit types id' is clicked on

2018-09-10 11:01:49 - [MESSAGE][PASSED] - Object: 'Object Repository/Page_Callidus Cloud Commissions Man/option_credit types id' is clicked on

2018-09-10 11:01:49 - [TEST_STEP][PASSED] - click: Object: 'Object Repository/Page_Callidus Cloud Commissions Man/td_Comparision' is clicked on

2018-09-10 11:01:49 - [MESSAGE][PASSED] - Object: 'Object Repository/Page_Callidus Cloud Commissions Man/td_Comparision' is clicked on

2018-09-10 11:01:49 - [TEST_STEP][PASSED] - scrollToElement: Scroll to object 'Object Repository/Page_Callidus Cloud Commissions Man/option_Equals' successfully

2018-09-10 11:01:49 - [MESSAGE][PASSED] - Scroll to object 'Object Repository/Page_Callidus Cloud Commissions Man/option_Equals' successfully

2018-09-10 11:01:49 - [TEST_STEP][PASSED] - delay: Delayed 2 second(s)

2018-09-10 11:01:51 - [MESSAGE][PASSED] - Delayed 2 second(s)

2018-09-10 11:01:51 - [TEST_STEP][PASSED] - click: Object: 'Object Repository/Page_Callidus Cloud Commissions Man/option_Equals' is clicked on

2018-09-10 11:01:52 - [MESSAGE][PASSED] - Object: 'Object Repository/Page_Callidus Cloud Commissions Man/option_Equals' is clicked on

2018-09-10 11:01:52 - [TEST_STEP][PASSED] - delay: Delayed 2 second(s)

2018-09-10 11:01:54 - [MESSAGE][PASSED] - Delayed 2 second(s)

2018-09-10 11:01:54 - [TEST_STEP][PASSED] - setText: Text 'Bonus123' is set on object 'Object Repository/Page_Callidus Cloud Commissions Man/td_Value'

2018-09-10 11:01:54 - [MESSAGE][PASSED] - Text 'Bonus123' is set on object 'Object Repository/Page_Callidus Cloud Commissions Man/td_Value'

2018-09-10 11:01:54 - [TEST_STEP][PASSED] - delay: Delayed 2 second(s)

2018-09-10 11:01:56 - [MESSAGE][PASSED] - Delayed 2 second(s)

2018-09-10 11:01:56 - [TEST_STEP][PASSED] - click: Object: 'Object Repository/Page_Callidus Cloud Commissions Man/input_Apply Search' is clicked on

2018-09-10 11:01:56 - [MESSAGE][PASSED] - Object: 'Object Repository/Page_Callidus Cloud Commissions Man/input_Apply Search' is clicked on

2018-09-10 11:01:56 - [TEST_STEP][NOT_RUN] - callTestCase: NOT_RUN: callTestCase

2018-09-10 11:01:56 - [MESSAGE][NOT_RUN] - NOT_RUN: callTestCase]]></system-out>
         <system-err><![CDATA[]]></system-err>
      </testcase>
      <testcase name="Test Cases/Deposit Rule exists in the system" classname="Test Cases/Deposit Rule exists in the system" status="PASSED">
         <system-out><![CDATA[2018-09-10 11:01:56 - [TEST_CASE][PASSED] - Test Cases/Deposit Rule exists in the system: Test Cases/Deposit Rule exists in the system

2018-09-10 11:01:57 - [TEST_STEP][NOT_RUN] - callTestCase: NOT_RUN: callTestCase

2018-09-10 11:01:57 - [MESSAGE][NOT_RUN] - NOT_RUN: callTestCase

2018-09-10 11:01:57 - [TEST_STEP][PASSED] - delay: Delayed 5 second(s)

2018-09-10 11:02:02 - [MESSAGE][PASSED] - Delayed 5 second(s)

2018-09-10 11:02:02 - [TEST_STEP][PASSED] - mouseOver: Object: 'Object Repository/Page_Plan Tab/a_Plan' is hovered

2018-09-10 11:02:02 - [MESSAGE][PASSED] - Object: 'Object Repository/Page_Plan Tab/a_Plan' is hovered

2018-09-10 11:02:02 - [TEST_STEP][PASSED] - delay: Delayed 3 second(s)

2018-09-10 11:02:05 - [MESSAGE][PASSED] - Delayed 3 second(s)

2018-09-10 11:02:05 - [TEST_STEP][PASSED] - scrollToElement: Scroll to object 'Object Repository/Page_Plan Tab/a_Rules' successfully

2018-09-10 11:02:05 - [MESSAGE][PASSED] - Scroll to object 'Object Repository/Page_Plan Tab/a_Rules' successfully

2018-09-10 11:02:05 - [TEST_STEP][PASSED] - delay: Delayed 2 second(s)

2018-09-10 11:02:07 - [MESSAGE][PASSED] - Delayed 2 second(s)

2018-09-10 11:02:07 - [TEST_STEP][PASSED] - click: Object: 'Object Repository/Page_Plan Tab/a_Rules' is clicked on

2018-09-10 11:02:07 - [MESSAGE][PASSED] - Object: 'Object Repository/Page_Plan Tab/a_Rules' is clicked on

2018-09-10 11:02:07 - [TEST_STEP][PASSED] - click: Object: 'Object Repository/Page_Callidus Cloud Commissions Man/a_Advanced Search' is clicked on

2018-09-10 11:02:08 - [MESSAGE][PASSED] - Object: 'Object Repository/Page_Callidus Cloud Commissions Man/a_Advanced Search' is clicked on

2018-09-10 11:02:08 - [TEST_STEP][PASSED] - delay: Delayed 3 second(s)

2018-09-10 11:02:11 - [MESSAGE][PASSED] - Delayed 3 second(s)

2018-09-10 11:02:11 - [TEST_STEP][PASSED] - click: Object: 'Object Repository/Page_Callidus Cloud Commissions Man/td_Field Name' is clicked on

2018-09-10 11:02:11 - [MESSAGE][PASSED] - Object: 'Object Repository/Page_Callidus Cloud Commissions Man/td_Field Name' is clicked on

2018-09-10 11:02:11 - [TEST_STEP][PASSED] - delay: Delayed 2 second(s)

2018-09-10 11:02:13 - [MESSAGE][PASSED] - Delayed 2 second(s)

2018-09-10 11:02:13 - [TEST_STEP][PASSED] - scrollToElement: Scroll to object 'Object Repository/Page_Plan Tab/a_Field_name' successfully

2018-09-10 11:02:13 - [MESSAGE][PASSED] - Scroll to object 'Object Repository/Page_Plan Tab/a_Field_name' successfully

2018-09-10 11:02:13 - [TEST_STEP][PASSED] - delay: Delayed 2 second(s)

2018-09-10 11:02:15 - [MESSAGE][PASSED] - Delayed 2 second(s)

2018-09-10 11:02:15 - [TEST_STEP][PASSED] - click: Object: 'Object Repository/Page_Plan Tab/a_Field_name' is clicked on

2018-09-10 11:02:15 - [MESSAGE][PASSED] - Object: 'Object Repository/Page_Plan Tab/a_Field_name' is clicked on

2018-09-10 11:02:15 - [TEST_STEP][PASSED] - click: Object: 'Object Repository/Page_Callidus Cloud Commissions Man/td_Comparision' is clicked on

2018-09-10 11:02:15 - [MESSAGE][PASSED] - Object: 'Object Repository/Page_Callidus Cloud Commissions Man/td_Comparision' is clicked on

2018-09-10 11:02:15 - [TEST_STEP][PASSED] - delay: Delayed 2 second(s)

2018-09-10 11:02:17 - [MESSAGE][PASSED] - Delayed 2 second(s)

2018-09-10 11:02:17 - [TEST_STEP][PASSED] - scrollToElement: Scroll to object 'Object Repository/Page_Callidus Cloud Commissions Man/option_Equals' successfully

2018-09-10 11:02:17 - [MESSAGE][PASSED] - Scroll to object 'Object Repository/Page_Callidus Cloud Commissions Man/option_Equals' successfully

2018-09-10 11:02:17 - [TEST_STEP][PASSED] - delay: Delayed 2 second(s)

2018-09-10 11:02:19 - [MESSAGE][PASSED] - Delayed 2 second(s)

2018-09-10 11:02:19 - [TEST_STEP][PASSED] - click: Object: 'Object Repository/Page_Callidus Cloud Commissions Man/option_Equals' is clicked on

2018-09-10 11:02:19 - [MESSAGE][PASSED] - Object: 'Object Repository/Page_Callidus Cloud Commissions Man/option_Equals' is clicked on

2018-09-10 11:02:19 - [TEST_STEP][PASSED] - delay: Delayed 2 second(s)

2018-09-10 11:02:21 - [MESSAGE][PASSED] - Delayed 2 second(s)

2018-09-10 11:02:21 - [TEST_STEP][PASSED] - setText: Text 'DR Base Commissions Flat Rate MTD' is set on object 'Object Repository/Page_Callidus Cloud Commissions Man/td_Value'

2018-09-10 11:02:22 - [MESSAGE][PASSED] - Text 'DR Base Commissions Flat Rate MTD' is set on object 'Object Repository/Page_Callidus Cloud Commissions Man/td_Value'

2018-09-10 11:02:22 - [TEST_STEP][PASSED] - delay: Delayed 2 second(s)

2018-09-10 11:02:24 - [MESSAGE][PASSED] - Delayed 2 second(s)

2018-09-10 11:02:24 - [TEST_STEP][PASSED] - click: Object: 'Object Repository/Page_Callidus Cloud Commissions Man/input_Apply Search' is clicked on

2018-09-10 11:02:24 - [MESSAGE][PASSED] - Object: 'Object Repository/Page_Callidus Cloud Commissions Man/input_Apply Search' is clicked on

2018-09-10 11:02:24 - [TEST_STEP][NOT_RUN] - acceptAlert: NOT_RUN: acceptAlert

2018-09-10 11:02:24 - [MESSAGE][NOT_RUN] - NOT_RUN: acceptAlert

2018-09-10 11:02:24 - [TEST_STEP][PASSED] - callTestCase: Call Test Case 'Test Cases/Commission Logout' successfully

2018-09-10 11:02:25 - [TEST_CASE][PASSED] - Test Cases/Commission Logout: Test Cases/Commission Logout

2018-09-10 11:02:25 - [TEST_STEP][PASSED] - click: Object: 'Object Repository/Page_Callidus Cloud Commissions Man/span_rkulkarncalliduscloud.com' is clicked on

2018-09-10 11:02:25 - [MESSAGE][PASSED] - Object: 'Object Repository/Page_Callidus Cloud Commissions Man/span_rkulkarncalliduscloud.com' is clicked on

2018-09-10 11:02:25 - [TEST_STEP][PASSED] - click: Object: 'Object Repository/Page_Callidus Cloud Commissions Man/div_Logout' is clicked on

2018-09-10 11:02:26 - [MESSAGE][PASSED] - Object: 'Object Repository/Page_Callidus Cloud Commissions Man/div_Logout' is clicked on

2018-09-10 11:02:26 - [TEST_STEP][PASSED] - closeBrowser: Browser is closed

2018-09-10 11:02:27 - [MESSAGE][PASSED] - Browser is closed

2018-09-10 11:02:27 - [MESSAGE][PASSED] - Call Test Case 'Test Cases/Commission Logout' successfully]]></system-out>
         <system-err><![CDATA[]]></system-err>
      </testcase>
      <testcase name="Test Cases/Earning Codes exist in the system" classname="Test Cases/Earning Codes exist in the system" status="PASSED">
         <system-out><![CDATA[2018-09-10 11:02:27 - [TEST_CASE][PASSED] - Test Cases/Earning Codes exist in the system: Test Cases/Earning Codes exist in the system

2018-09-10 11:02:27 - [TEST_STEP][PASSED] - callTestCase: Call Test Case 'Test Cases/Commission Login' successfully

2018-09-10 11:02:27 - [TEST_CASE][PASSED] - Test Cases/Commission Login: Test Cases/Commission Login

2018-09-10 11:02:27 - [TEST_STEP][PASSED] - openBrowser: Browser is opened with url: ''

2018-09-10 11:02:30 - [MESSAGE][PASSED] - Browser is opened with url: ''

2018-09-10 11:02:30 - [TEST_STEP][PASSED] - navigateToUrl: Navigate to 'https://biz3-tst.callidusondemand.com/SalesPortal/#!/' successfully

2018-09-10 11:02:31 - [MESSAGE][PASSED] - Navigate to 'https://biz3-tst.callidusondemand.com/SalesPortal/#!/' successfully

2018-09-10 11:02:31 - [TEST_STEP][PASSED] - maximizeWindow: Current window maximized

2018-09-10 11:02:32 - [MESSAGE][PASSED] - Current window maximized

2018-09-10 11:02:32 - [TEST_STEP][PASSED] - setText: Text 'kikosana@calliduscloud.com' is set on object 'Object Repository/Page_Sales Performance Home/input_username'

2018-09-10 11:02:32 - [MESSAGE][PASSED] - Text 'kikosana@calliduscloud.com' is set on object 'Object Repository/Page_Sales Performance Home/input_username'

2018-09-10 11:02:32 - [TEST_STEP][PASSED] - setText: Text 'Kiran09@@' is set on object 'Object Repository/Page_Sales Performance Home/input_password'

2018-09-10 11:02:32 - [MESSAGE][PASSED] - Text 'Kiran09@@' is set on object 'Object Repository/Page_Sales Performance Home/input_password'

2018-09-10 11:02:32 - [TEST_STEP][PASSED] - click: Object: 'Object Repository/Page_Sales Performance Home/button_Login' is clicked on

2018-09-10 11:02:33 - [MESSAGE][PASSED] - Object: 'Object Repository/Page_Sales Performance Home/button_Login' is clicked on

2018-09-10 11:02:33 - [TEST_STEP][PASSED] - click: Object: 'Object Repository/Page_Sales Performance Home/span_Sales Performance Home' is clicked on

2018-09-10 11:02:34 - [MESSAGE][PASSED] - Object: 'Object Repository/Page_Sales Performance Home/span_Sales Performance Home' is clicked on

2018-09-10 11:02:34 - [TEST_STEP][PASSED] - click: Object: 'Object Repository/Page_Sales Performance Home/a_Commissions' is clicked on

2018-09-10 11:02:34 - [MESSAGE][PASSED] - Object: 'Object Repository/Page_Sales Performance Home/a_Commissions' is clicked on

2018-09-10 11:02:34 - [TEST_STEP][PASSED] - click: Object: 'Object Repository/Page_Callidus Cloud Commissions Man/a_Manage Setup' is clicked on

2018-09-10 11:02:39 - [MESSAGE][PASSED] - Object: 'Object Repository/Page_Callidus Cloud Commissions Man/a_Manage Setup' is clicked on

2018-09-10 11:02:39 - [MESSAGE][PASSED] - Call Test Case 'Test Cases/Commission Login' successfully

2018-09-10 11:02:39 - [TEST_STEP][PASSED] - mouseOver: Object: 'Object Repository/Page_Callidus Cloud Commissions Man/div_ADMINISTRATION' is hovered

2018-09-10 11:02:39 - [MESSAGE][PASSED] - Object: 'Object Repository/Page_Callidus Cloud Commissions Man/div_ADMINISTRATION' is hovered

2018-09-10 11:02:39 - [TEST_STEP][PASSED] - delay: Delayed 5 second(s)

2018-09-10 11:02:44 - [MESSAGE][PASSED] - Delayed 5 second(s)

2018-09-10 11:02:44 - [TEST_STEP][PASSED] - scrollToElement: Scroll to object 'Object Repository/Page_Callidus Cloud Commissions Man/Reason Codes' successfully

2018-09-10 11:02:44 - [MESSAGE][PASSED] - Scroll to object 'Object Repository/Page_Callidus Cloud Commissions Man/Reason Codes' successfully

2018-09-10 11:02:44 - [TEST_STEP][PASSED] - click: Object: 'Object Repository/Page_Callidus Cloud Commissions Man/Reason Codes' is clicked on

2018-09-10 11:02:45 - [MESSAGE][PASSED] - Object: 'Object Repository/Page_Callidus Cloud Commissions Man/Reason Codes' is clicked on

2018-09-10 11:02:45 - [TEST_STEP][PASSED] - click: Object: 'Object Repository/Page_Callidus Cloud Commissions Man/a_Advanced Search' is clicked on

2018-09-10 11:02:45 - [MESSAGE][PASSED] - Object: 'Object Repository/Page_Callidus Cloud Commissions Man/a_Advanced Search' is clicked on

2018-09-10 11:02:45 - [TEST_STEP][NOT_RUN] - click: NOT_RUN: click

2018-09-10 11:02:45 - [MESSAGE][NOT_RUN] - NOT_RUN: click

2018-09-10 11:02:45 - [TEST_STEP][NOT_RUN] - scrollToElement: NOT_RUN: scrollToElement

2018-09-10 11:02:45 - [MESSAGE][NOT_RUN] - NOT_RUN: scrollToElement

2018-09-10 11:02:45 - [TEST_STEP][NOT_RUN] - click: NOT_RUN: click

2018-09-10 11:02:45 - [MESSAGE][NOT_RUN] - NOT_RUN: click

2018-09-10 11:02:45 - [TEST_STEP][NOT_RUN] - click: NOT_RUN: click

2018-09-10 11:02:45 - [MESSAGE][NOT_RUN] - NOT_RUN: click

2018-09-10 11:02:45 - [TEST_STEP][NOT_RUN] - scrollToElement: NOT_RUN: scrollToElement

2018-09-10 11:02:45 - [MESSAGE][NOT_RUN] - NOT_RUN: scrollToElement

2018-09-10 11:02:45 - [TEST_STEP][NOT_RUN] - click: NOT_RUN: click

2018-09-10 11:02:45 - [MESSAGE][NOT_RUN] - NOT_RUN: click

2018-09-10 11:02:45 - [TEST_STEP][NOT_RUN] - setText: NOT_RUN: setText

2018-09-10 11:02:45 - [MESSAGE][NOT_RUN] - NOT_RUN: setText

2018-09-10 11:02:45 - [TEST_STEP][NOT_RUN] - click: NOT_RUN: click

2018-09-10 11:02:45 - [MESSAGE][NOT_RUN] - NOT_RUN: click

2018-09-10 11:02:45 - [TEST_STEP][NOT_RUN] - callTestCase: NOT_RUN: callTestCase

2018-09-10 11:02:45 - [MESSAGE][NOT_RUN] - NOT_RUN: callTestCase]]></system-out>
         <system-err><![CDATA[]]></system-err>
      </testcase>
      <testcase name="Test Cases/Earning Groups exist in the system" classname="Test Cases/Earning Groups exist in the system" status="PASSED">
         <system-out><![CDATA[2018-09-10 11:02:45 - [TEST_CASE][PASSED] - Test Cases/Earning Groups exist in the system: Test Cases/Earning Groups exist in the system

2018-09-10 11:02:45 - [TEST_STEP][NOT_RUN] - callTestCase: NOT_RUN: callTestCase

2018-09-10 11:02:45 - [MESSAGE][NOT_RUN] - NOT_RUN: callTestCase

2018-09-10 11:02:45 - [TEST_STEP][PASSED] - mouseOver: Object: 'Object Repository/Page_Callidus Cloud Commissions Man/div_ADMINISTRATION' is hovered

2018-09-10 11:02:45 - [MESSAGE][PASSED] - Object: 'Object Repository/Page_Callidus Cloud Commissions Man/div_ADMINISTRATION' is hovered

2018-09-10 11:02:45 - [TEST_STEP][PASSED] - delay: Delayed 2 second(s)

2018-09-10 11:02:47 - [MESSAGE][PASSED] - Delayed 2 second(s)

2018-09-10 11:02:47 - [TEST_STEP][PASSED] - scrollToElement: Scroll to object 'Object Repository/Page_Callidus Cloud Commissions Man/a_Earning Groups' successfully

2018-09-10 11:02:48 - [MESSAGE][PASSED] - Scroll to object 'Object Repository/Page_Callidus Cloud Commissions Man/a_Earning Groups' successfully

2018-09-10 11:02:48 - [TEST_STEP][PASSED] - delay: Delayed 2 second(s)

2018-09-10 11:02:50 - [MESSAGE][PASSED] - Delayed 2 second(s)

2018-09-10 11:02:50 - [TEST_STEP][PASSED] - click: Object: 'Object Repository/Page_Callidus Cloud Commissions Man/a_Earning Groups' is clicked on

2018-09-10 11:02:50 - [MESSAGE][PASSED] - Object: 'Object Repository/Page_Callidus Cloud Commissions Man/a_Earning Groups' is clicked on

2018-09-10 11:02:50 - [TEST_STEP][PASSED] - click: Object: 'Object Repository/Page_Callidus Cloud Commissions Man/a_Advanced Search' is clicked on

2018-09-10 11:02:50 - [MESSAGE][PASSED] - Object: 'Object Repository/Page_Callidus Cloud Commissions Man/a_Advanced Search' is clicked on

2018-09-10 11:02:50 - [TEST_STEP][PASSED] - click: Object: 'Object Repository/Page_Callidus Cloud Commissions Man/td_Field Name' is clicked on

2018-09-10 11:02:51 - [MESSAGE][PASSED] - Object: 'Object Repository/Page_Callidus Cloud Commissions Man/td_Field Name' is clicked on

2018-09-10 11:02:51 - [TEST_STEP][PASSED] - delay: Delayed 2 second(s)

2018-09-10 11:02:53 - [MESSAGE][PASSED] - Delayed 2 second(s)

2018-09-10 11:02:53 - [TEST_STEP][PASSED] - scrollToElement: Scroll to object 'Object Repository/Page_Callidus Cloud Commissions Man/option_Earining Groups' successfully

2018-09-10 11:02:53 - [MESSAGE][PASSED] - Scroll to object 'Object Repository/Page_Callidus Cloud Commissions Man/option_Earining Groups' successfully

2018-09-10 11:02:53 - [TEST_STEP][PASSED] - delay: Delayed 2 second(s)

2018-09-10 11:02:55 - [MESSAGE][PASSED] - Delayed 2 second(s)

2018-09-10 11:02:55 - [TEST_STEP][PASSED] - click: Object: 'Object Repository/Page_Callidus Cloud Commissions Man/option_Earining Groups' is clicked on

2018-09-10 11:02:55 - [MESSAGE][PASSED] - Object: 'Object Repository/Page_Callidus Cloud Commissions Man/option_Earining Groups' is clicked on

2018-09-10 11:02:55 - [TEST_STEP][PASSED] - click: Object: 'Object Repository/Page_Callidus Cloud Commissions Man/td_Comparision' is clicked on

2018-09-10 11:02:55 - [MESSAGE][PASSED] - Object: 'Object Repository/Page_Callidus Cloud Commissions Man/td_Comparision' is clicked on

2018-09-10 11:02:55 - [TEST_STEP][PASSED] - delay: Delayed 2 second(s)

2018-09-10 11:02:57 - [MESSAGE][PASSED] - Delayed 2 second(s)

2018-09-10 11:02:57 - [TEST_STEP][PASSED] - scrollToElement: Scroll to object 'Object Repository/Page_Callidus Cloud Commissions Man/option_Equals' successfully

2018-09-10 11:02:57 - [MESSAGE][PASSED] - Scroll to object 'Object Repository/Page_Callidus Cloud Commissions Man/option_Equals' successfully

2018-09-10 11:02:57 - [TEST_STEP][PASSED] - delay: Delayed 2 second(s)

2018-09-10 11:02:59 - [MESSAGE][PASSED] - Delayed 2 second(s)

2018-09-10 11:02:59 - [TEST_STEP][PASSED] - click: Object: 'Object Repository/Page_Callidus Cloud Commissions Man/option_Equals' is clicked on

2018-09-10 11:02:59 - [MESSAGE][PASSED] - Object: 'Object Repository/Page_Callidus Cloud Commissions Man/option_Equals' is clicked on

2018-09-10 11:02:59 - [TEST_STEP][PASSED] - delay: Delayed 2 second(s)

2018-09-10 11:03:01 - [MESSAGE][PASSED] - Delayed 2 second(s)

2018-09-10 11:03:01 - [TEST_STEP][PASSED] - setText: Text 'commission' is set on object 'Object Repository/Page_Callidus Cloud Commissions Man/td_Value'

2018-09-10 11:03:02 - [MESSAGE][PASSED] - Text 'commission' is set on object 'Object Repository/Page_Callidus Cloud Commissions Man/td_Value'

2018-09-10 11:03:02 - [TEST_STEP][PASSED] - delay: Delayed 2 second(s)

2018-09-10 11:03:04 - [MESSAGE][PASSED] - Delayed 2 second(s)

2018-09-10 11:03:04 - [TEST_STEP][PASSED] - click: Object: 'Object Repository/Page_Callidus Cloud Commissions Man/input_Apply Search' is clicked on

2018-09-10 11:03:04 - [MESSAGE][PASSED] - Object: 'Object Repository/Page_Callidus Cloud Commissions Man/input_Apply Search' is clicked on

2018-09-10 11:03:04 - [TEST_STEP][NOT_RUN] - callTestCase: NOT_RUN: callTestCase

2018-09-10 11:03:04 - [MESSAGE][NOT_RUN] - NOT_RUN: callTestCase]]></system-out>
         <system-err><![CDATA[]]></system-err>
      </testcase>
      <testcase name="Test Cases/EventTypes exist in the System" classname="Test Cases/EventTypes exist in the System" status="PASSED">
         <system-out><![CDATA[2018-09-10 11:03:04 - [TEST_CASE][PASSED] - Test Cases/EventTypes exist in the System: Test Cases/EventTypes exist in the System

2018-09-10 11:03:04 - [TEST_STEP][NOT_RUN] - callTestCase: NOT_RUN: callTestCase

2018-09-10 11:03:04 - [MESSAGE][NOT_RUN] - NOT_RUN: callTestCase

2018-09-10 11:03:04 - [TEST_STEP][PASSED] - mouseOver: Object: 'Object Repository/Page_Callidus Cloud Commissions Man/div_ADMINISTRATION' is hovered

2018-09-10 11:03:04 - [MESSAGE][PASSED] - Object: 'Object Repository/Page_Callidus Cloud Commissions Man/div_ADMINISTRATION' is hovered

2018-09-10 11:03:04 - [TEST_STEP][PASSED] - delay: Delayed 2 second(s)

2018-09-10 11:03:06 - [MESSAGE][PASSED] - Delayed 2 second(s)

2018-09-10 11:03:06 - [TEST_STEP][PASSED] - scrollToElement: Scroll to object 'Object Repository/Page_Callidus Cloud Commissions Man/a_Event Types' successfully

2018-09-10 11:03:06 - [MESSAGE][PASSED] - Scroll to object 'Object Repository/Page_Callidus Cloud Commissions Man/a_Event Types' successfully

2018-09-10 11:03:06 - [TEST_STEP][PASSED] - delay: Delayed 2 second(s)

2018-09-10 11:03:08 - [MESSAGE][PASSED] - Delayed 2 second(s)

2018-09-10 11:03:08 - [TEST_STEP][PASSED] - click: Object: 'Object Repository/Page_Callidus Cloud Commissions Man/a_Event Types' is clicked on

2018-09-10 11:03:09 - [MESSAGE][PASSED] - Object: 'Object Repository/Page_Callidus Cloud Commissions Man/a_Event Types' is clicked on

2018-09-10 11:03:09 - [TEST_STEP][PASSED] - click: Object: 'Object Repository/Page_Callidus Cloud Commissions Man/a_Advanced Search' is clicked on

2018-09-10 11:03:09 - [MESSAGE][PASSED] - Object: 'Object Repository/Page_Callidus Cloud Commissions Man/a_Advanced Search' is clicked on

2018-09-10 11:03:09 - [TEST_STEP][PASSED] - delay: Delayed 3 second(s)

2018-09-10 11:03:12 - [MESSAGE][PASSED] - Delayed 3 second(s)

2018-09-10 11:03:12 - [TEST_STEP][PASSED] - click: Object: 'Object Repository/Page_Callidus Cloud Commissions Man/td_Field Name' is clicked on

2018-09-10 11:03:12 - [MESSAGE][PASSED] - Object: 'Object Repository/Page_Callidus Cloud Commissions Man/td_Field Name' is clicked on

2018-09-10 11:03:12 - [TEST_STEP][PASSED] - delay: Delayed 2 second(s)

2018-09-10 11:03:14 - [MESSAGE][PASSED] - Delayed 2 second(s)

2018-09-10 11:03:14 - [TEST_STEP][PASSED] - scrollToElement: Scroll to object 'Object Repository/Page_Callidus Cloud Commissions Man/a_eventTypeId' successfully

2018-09-10 11:03:14 - [MESSAGE][PASSED] - Scroll to object 'Object Repository/Page_Callidus Cloud Commissions Man/a_eventTypeId' successfully

2018-09-10 11:03:14 - [TEST_STEP][PASSED] - delay: Delayed 2 second(s)

2018-09-10 11:03:16 - [MESSAGE][PASSED] - Delayed 2 second(s)

2018-09-10 11:03:16 - [TEST_STEP][PASSED] - click: Object: 'Object Repository/Page_Callidus Cloud Commissions Man/a_eventTypeId' is clicked on

2018-09-10 11:03:16 - [MESSAGE][PASSED] - Object: 'Object Repository/Page_Callidus Cloud Commissions Man/a_eventTypeId' is clicked on

2018-09-10 11:03:16 - [TEST_STEP][PASSED] - click: Object: 'Object Repository/Page_Callidus Cloud Commissions Man/td_Comparision' is clicked on

2018-09-10 11:03:17 - [MESSAGE][PASSED] - Object: 'Object Repository/Page_Callidus Cloud Commissions Man/td_Comparision' is clicked on

2018-09-10 11:03:17 - [TEST_STEP][PASSED] - delay: Delayed 2 second(s)

2018-09-10 11:03:19 - [MESSAGE][PASSED] - Delayed 2 second(s)

2018-09-10 11:03:19 - [TEST_STEP][PASSED] - scrollToElement: Scroll to object 'Object Repository/Page_Callidus Cloud Commissions Man/option_Equals' successfully

2018-09-10 11:03:19 - [MESSAGE][PASSED] - Scroll to object 'Object Repository/Page_Callidus Cloud Commissions Man/option_Equals' successfully

2018-09-10 11:03:19 - [TEST_STEP][PASSED] - delay: Delayed 2 second(s)

2018-09-10 11:03:21 - [MESSAGE][PASSED] - Delayed 2 second(s)

2018-09-10 11:03:21 - [TEST_STEP][PASSED] - click: Object: 'Object Repository/Page_Callidus Cloud Commissions Man/option_Equals' is clicked on

2018-09-10 11:03:21 - [MESSAGE][PASSED] - Object: 'Object Repository/Page_Callidus Cloud Commissions Man/option_Equals' is clicked on

2018-09-10 11:03:21 - [TEST_STEP][PASSED] - delay: Delayed 2 second(s)

2018-09-10 11:03:23 - [MESSAGE][PASSED] - Delayed 2 second(s)

2018-09-10 11:03:23 - [TEST_STEP][PASSED] - setText: Text 'invoicing' is set on object 'Object Repository/Page_Callidus Cloud Commissions Man/td_Value'

2018-09-10 11:03:23 - [MESSAGE][PASSED] - Text 'invoicing' is set on object 'Object Repository/Page_Callidus Cloud Commissions Man/td_Value'

2018-09-10 11:03:23 - [TEST_STEP][PASSED] - click: Object: 'Object Repository/Page_Callidus Cloud Commissions Man/input_Apply Search' is clicked on

2018-09-10 11:03:23 - [MESSAGE][PASSED] - Object: 'Object Repository/Page_Callidus Cloud Commissions Man/input_Apply Search' is clicked on

2018-09-10 11:03:23 - [TEST_STEP][NOT_RUN] - callTestCase: NOT_RUN: callTestCase

2018-09-10 11:03:23 - [MESSAGE][NOT_RUN] - NOT_RUN: callTestCase]]></system-out>
         <system-err><![CDATA[]]></system-err>
      </testcase>
      <testcase name="Test Cases/Fixed ValueTypes exist in the system" classname="Test Cases/Fixed ValueTypes exist in the system" status="PASSED">
         <system-out><![CDATA[2018-09-10 11:03:23 - [TEST_CASE][PASSED] - Test Cases/Fixed ValueTypes exist in the system: Test Cases/Fixed ValueTypes exist in the system

2018-09-10 11:03:24 - [TEST_STEP][NOT_RUN] - callTestCase: NOT_RUN: callTestCase

2018-09-10 11:03:24 - [MESSAGE][NOT_RUN] - NOT_RUN: callTestCase

2018-09-10 11:03:24 - [TEST_STEP][PASSED] - delay: Delayed 6 second(s)

2018-09-10 11:03:30 - [MESSAGE][PASSED] - Delayed 6 second(s)

2018-09-10 11:03:30 - [TEST_STEP][PASSED] - mouseOver: Object: 'Object Repository/Page_Callidus Cloud Commissions Man/div_ADMINISTRATION' is hovered

2018-09-10 11:03:30 - [MESSAGE][PASSED] - Object: 'Object Repository/Page_Callidus Cloud Commissions Man/div_ADMINISTRATION' is hovered

2018-09-10 11:03:30 - [TEST_STEP][PASSED] - delay: Delayed 3 second(s)

2018-09-10 11:03:33 - [MESSAGE][PASSED] - Delayed 3 second(s)

2018-09-10 11:03:33 - [TEST_STEP][PASSED] - scrollToElement: Scroll to object 'Object Repository/Page_Callidus Cloud Commissions Man/a_Fixed Value Types' successfully

2018-09-10 11:03:33 - [MESSAGE][PASSED] - Scroll to object 'Object Repository/Page_Callidus Cloud Commissions Man/a_Fixed Value Types' successfully

2018-09-10 11:03:33 - [TEST_STEP][PASSED] - click: Object: 'Object Repository/Page_Callidus Cloud Commissions Man/a_Fixed Value Types' is clicked on

2018-09-10 11:03:33 - [MESSAGE][PASSED] - Object: 'Object Repository/Page_Callidus Cloud Commissions Man/a_Fixed Value Types' is clicked on

2018-09-10 11:03:33 - [TEST_STEP][PASSED] - click: Object: 'Object Repository/Page_Callidus Cloud Commissions Man/a_Advanced Search' is clicked on

2018-09-10 11:03:34 - [MESSAGE][PASSED] - Object: 'Object Repository/Page_Callidus Cloud Commissions Man/a_Advanced Search' is clicked on

2018-09-10 11:03:34 - [TEST_STEP][PASSED] - delay: Delayed 3 second(s)

2018-09-10 11:03:37 - [MESSAGE][PASSED] - Delayed 3 second(s)

2018-09-10 11:03:37 - [TEST_STEP][PASSED] - click: Object: 'Object Repository/Page_Callidus Cloud Commissions Man/td_Field Name' is clicked on

2018-09-10 11:03:37 - [MESSAGE][PASSED] - Object: 'Object Repository/Page_Callidus Cloud Commissions Man/td_Field Name' is clicked on

2018-09-10 11:03:37 - [TEST_STEP][PASSED] - delay: Delayed 2 second(s)

2018-09-10 11:03:39 - [MESSAGE][PASSED] - Delayed 2 second(s)

2018-09-10 11:03:39 - [TEST_STEP][PASSED] - scrollToElement: Scroll to object 'Object Repository/Page_Callidus Cloud Commissions Man/a_fixedValueTypeId' successfully

2018-09-10 11:03:39 - [MESSAGE][PASSED] - Scroll to object 'Object Repository/Page_Callidus Cloud Commissions Man/a_fixedValueTypeId' successfully

2018-09-10 11:03:39 - [TEST_STEP][PASSED] - delay: Delayed 2 second(s)

2018-09-10 11:03:41 - [MESSAGE][PASSED] - Delayed 2 second(s)

2018-09-10 11:03:41 - [TEST_STEP][PASSED] - click: Object: 'Object Repository/Page_Callidus Cloud Commissions Man/a_fixedValueTypeId' is clicked on

2018-09-10 11:03:41 - [MESSAGE][PASSED] - Object: 'Object Repository/Page_Callidus Cloud Commissions Man/a_fixedValueTypeId' is clicked on

2018-09-10 11:03:41 - [TEST_STEP][PASSED] - click: Object: 'Object Repository/Page_Callidus Cloud Commissions Man/td_Comparision' is clicked on

2018-09-10 11:03:41 - [MESSAGE][PASSED] - Object: 'Object Repository/Page_Callidus Cloud Commissions Man/td_Comparision' is clicked on

2018-09-10 11:03:41 - [TEST_STEP][PASSED] - scrollToElement: Scroll to object 'Object Repository/Page_Callidus Cloud Commissions Man/option_Equals' successfully

2018-09-10 11:03:41 - [MESSAGE][PASSED] - Scroll to object 'Object Repository/Page_Callidus Cloud Commissions Man/option_Equals' successfully

2018-09-10 11:03:41 - [TEST_STEP][PASSED] - delay: Delayed 2 second(s)

2018-09-10 11:03:43 - [MESSAGE][PASSED] - Delayed 2 second(s)

2018-09-10 11:03:43 - [TEST_STEP][PASSED] - click: Object: 'Object Repository/Page_Callidus Cloud Commissions Man/option_Equals' is clicked on

2018-09-10 11:03:43 - [MESSAGE][PASSED] - Object: 'Object Repository/Page_Callidus Cloud Commissions Man/option_Equals' is clicked on

2018-09-10 11:03:43 - [TEST_STEP][PASSED] - delay: Delayed 2 second(s)

2018-09-10 11:03:45 - [MESSAGE][PASSED] - Delayed 2 second(s)

2018-09-10 11:03:45 - [TEST_STEP][PASSED] - setText: Text 'Fix1' is set on object 'Object Repository/Page_Callidus Cloud Commissions Man/td_Value'

2018-09-10 11:03:46 - [MESSAGE][PASSED] - Text 'Fix1' is set on object 'Object Repository/Page_Callidus Cloud Commissions Man/td_Value'

2018-09-10 11:03:46 - [TEST_STEP][PASSED] - click: Object: 'Object Repository/Page_Callidus Cloud Commissions Man/input_Apply Search' is clicked on

2018-09-10 11:03:46 - [MESSAGE][PASSED] - Object: 'Object Repository/Page_Callidus Cloud Commissions Man/input_Apply Search' is clicked on

2018-09-10 11:03:46 - [TEST_STEP][NOT_RUN] - callTestCase: NOT_RUN: callTestCase

2018-09-10 11:03:46 - [MESSAGE][NOT_RUN] - NOT_RUN: callTestCase]]></system-out>
         <system-err><![CDATA[]]></system-err>
      </testcase>
      <testcase name="Test Cases/Fixed_Value_Variables_exist_in_the_System" classname="Test Cases/Fixed_Value_Variables_exist_in_the_System" status="PASSED">
         <system-out><![CDATA[2018-09-10 11:03:46 - [TEST_CASE][PASSED] - Test Cases/Fixed_Value_Variables_exist_in_the_System: Test Cases/Fixed_Value_Variables_exist_in_the_System

2018-09-10 11:03:46 - [TEST_STEP][NOT_RUN] - callTestCase: NOT_RUN: callTestCase

2018-09-10 11:03:46 - [MESSAGE][NOT_RUN] - NOT_RUN: callTestCase

2018-09-10 11:03:46 - [TEST_STEP][PASSED] - mouseOver: Object: 'Object Repository/Page_Callidus Cloud Commissions Man/div_PLAN' is hovered

2018-09-10 11:03:46 - [MESSAGE][PASSED] - Object: 'Object Repository/Page_Callidus Cloud Commissions Man/div_PLAN' is hovered

2018-09-10 11:03:46 - [TEST_STEP][PASSED] - delay: Delayed 2 second(s)

2018-09-10 11:03:48 - [MESSAGE][PASSED] - Delayed 2 second(s)

2018-09-10 11:03:48 - [TEST_STEP][PASSED] - scrollToElement: Scroll to object 'Object Repository/Page_Callidus Cloud Commissions Man/a_Plan Components' successfully

2018-09-10 11:03:48 - [MESSAGE][PASSED] - Scroll to object 'Object Repository/Page_Callidus Cloud Commissions Man/a_Plan Components' successfully

2018-09-10 11:03:48 - [TEST_STEP][PASSED] - delay: Delayed 2 second(s)

2018-09-10 11:03:50 - [MESSAGE][PASSED] - Delayed 2 second(s)

2018-09-10 11:03:50 - [TEST_STEP][PASSED] - scrollToElement: Scroll to object 'Object Repository/Page_Callidus Cloud Commissions Man/a_Variables' successfully

2018-09-10 11:03:50 - [MESSAGE][PASSED] - Scroll to object 'Object Repository/Page_Callidus Cloud Commissions Man/a_Variables' successfully

2018-09-10 11:03:50 - [TEST_STEP][PASSED] - delay: Delayed 2 second(s)

2018-09-10 11:03:52 - [MESSAGE][PASSED] - Delayed 2 second(s)

2018-09-10 11:03:52 - [TEST_STEP][PASSED] - click: Object: 'Object Repository/Page_Callidus Cloud Commissions Man/a_Variables' is clicked on

2018-09-10 11:03:53 - [MESSAGE][PASSED] - Object: 'Object Repository/Page_Callidus Cloud Commissions Man/a_Variables' is clicked on

2018-09-10 11:03:53 - [TEST_STEP][PASSED] - delay: Delayed 2 second(s)

2018-09-10 11:03:55 - [MESSAGE][PASSED] - Delayed 2 second(s)

2018-09-10 11:03:55 - [TEST_STEP][PASSED] - click: Object: 'Object Repository/Page_Callidus Cloud Commissions Man/a_Advanced Search' is clicked on

2018-09-10 11:03:55 - [MESSAGE][PASSED] - Object: 'Object Repository/Page_Callidus Cloud Commissions Man/a_Advanced Search' is clicked on

2018-09-10 11:03:55 - [TEST_STEP][PASSED] - delay: Delayed 2 second(s)

2018-09-10 11:03:57 - [MESSAGE][PASSED] - Delayed 2 second(s)

2018-09-10 11:03:57 - [TEST_STEP][PASSED] - click: Object: 'Object Repository/Page_Callidus Cloud Commissions Man/td_Field Name' is clicked on

2018-09-10 11:03:57 - [MESSAGE][PASSED] - Object: 'Object Repository/Page_Callidus Cloud Commissions Man/td_Field Name' is clicked on

2018-09-10 11:03:57 - [TEST_STEP][PASSED] - delay: Delayed 2 second(s)

2018-09-10 11:03:59 - [MESSAGE][PASSED] - Delayed 2 second(s)

2018-09-10 11:03:59 - [TEST_STEP][PASSED] - scrollToElement: Scroll to object 'Object Repository/Page_Callidus Cloud Commissions Man/option_Variables' successfully

2018-09-10 11:03:59 - [MESSAGE][PASSED] - Scroll to object 'Object Repository/Page_Callidus Cloud Commissions Man/option_Variables' successfully

2018-09-10 11:03:59 - [TEST_STEP][PASSED] - delay: Delayed 2 second(s)

2018-09-10 11:04:01 - [MESSAGE][PASSED] - Delayed 2 second(s)

2018-09-10 11:04:01 - [TEST_STEP][PASSED] - click: Object: 'Object Repository/Page_Callidus Cloud Commissions Man/option_Variables' is clicked on

2018-09-10 11:04:01 - [MESSAGE][PASSED] - Object: 'Object Repository/Page_Callidus Cloud Commissions Man/option_Variables' is clicked on

2018-09-10 11:04:01 - [TEST_STEP][PASSED] - click: Object: 'Object Repository/Page_Callidus Cloud Commissions Man/td_Comparision' is clicked on

2018-09-10 11:04:02 - [MESSAGE][PASSED] - Object: 'Object Repository/Page_Callidus Cloud Commissions Man/td_Comparision' is clicked on

2018-09-10 11:04:02 - [TEST_STEP][NOT_RUN] - delay: NOT_RUN: delay

2018-09-10 11:04:02 - [MESSAGE][NOT_RUN] - NOT_RUN: delay

2018-09-10 11:04:02 - [TEST_STEP][NOT_RUN] - deselectOptionByIndex: NOT_RUN: deselectOptionByIndex

2018-09-10 11:04:02 - [MESSAGE][NOT_RUN] - NOT_RUN: deselectOptionByIndex

2018-09-10 11:04:02 - [TEST_STEP][PASSED] - delay: Delayed 2 second(s)

2018-09-10 11:04:04 - [MESSAGE][PASSED] - Delayed 2 second(s)

2018-09-10 11:04:04 - [TEST_STEP][PASSED] - scrollToElement: Scroll to object 'Object Repository/Page_Callidus Cloud Commissions Man/option_Equals' successfully

2018-09-10 11:04:04 - [MESSAGE][PASSED] - Scroll to object 'Object Repository/Page_Callidus Cloud Commissions Man/option_Equals' successfully

2018-09-10 11:04:04 - [TEST_STEP][PASSED] - delay: Delayed 2 second(s)

2018-09-10 11:04:06 - [MESSAGE][PASSED] - Delayed 2 second(s)

2018-09-10 11:04:06 - [TEST_STEP][PASSED] - click: Object: 'Object Repository/Page_Callidus Cloud Commissions Man/option_Equals' is clicked on

2018-09-10 11:04:06 - [MESSAGE][PASSED] - Object: 'Object Repository/Page_Callidus Cloud Commissions Man/option_Equals' is clicked on

2018-09-10 11:04:06 - [TEST_STEP][PASSED] - delay: Delayed 2 second(s)

2018-09-10 11:04:08 - [MESSAGE][PASSED] - Delayed 2 second(s)

2018-09-10 11:04:08 - [TEST_STEP][PASSED] - setText: Text 'Var_FV_Demo1' is set on object 'Object Repository/Page_Callidus Cloud Commissions Man/td_Value'

2018-09-10 11:04:08 - [MESSAGE][PASSED] - Text 'Var_FV_Demo1' is set on object 'Object Repository/Page_Callidus Cloud Commissions Man/td_Value'

2018-09-10 11:04:08 - [TEST_STEP][PASSED] - delay: Delayed 2 second(s)

2018-09-10 11:04:10 - [MESSAGE][PASSED] - Delayed 2 second(s)

2018-09-10 11:04:10 - [TEST_STEP][PASSED] - click: Object: 'Object Repository/Page_Callidus Cloud Commissions Man/input_Apply Search' is clicked on

2018-09-10 11:04:10 - [MESSAGE][PASSED] - Object: 'Object Repository/Page_Callidus Cloud Commissions Man/input_Apply Search' is clicked on

2018-09-10 11:04:10 - [TEST_STEP][PASSED] - delay: Delayed 5 second(s)

2018-09-10 11:04:15 - [MESSAGE][PASSED] - Delayed 5 second(s)

2018-09-10 11:04:15 - [TEST_STEP][NOT_RUN] - callTestCase: NOT_RUN: callTestCase

2018-09-10 11:04:15 - [MESSAGE][NOT_RUN] - NOT_RUN: callTestCase]]></system-out>
         <system-err><![CDATA[]]></system-err>
      </testcase>
      <testcase name="Test Cases/Incentive Rule exists in the system" classname="Test Cases/Incentive Rule exists in the system" status="FAILED">
         <failure type="FAILED" message="Unable to click on object 'Object Repository/Page_Plan Tab/a_Rules' (Root cause: org.openqa.selenium.ElementNotVisibleException: element not visible
  (Session info: chrome=68.0.3440.106)
  (Driver info: chromedriver=2.35.528161 (5b82f2d2aae0ca24b877009200ced9065a772e73),platform=Windows NT 10.0.17134 x86_64) (WARNING: The server did not provide any stacktrace information)
Command duration or timeout: 0 milliseconds
Build info: version: '3.7.1', revision: '8a0099a', time: '2017-11-06T21:07:36.161Z'
System info: host: 'KIKOSANA-T450S', ip: '10.125.199.25', os.name: 'Windows 10', os.arch: 'amd64', os.version: '10.0', java.version: '1.8.0_181'
Driver info: com.kms.katalon.selenium.driver.CChromeDriver
Capabilities {acceptInsecureCerts: false, acceptSslCerts: false, applicationCacheEnabled: false, browserConnectionEnabled: false, browserName: chrome, chrome: {chromedriverVersion: 2.35.528161 (5b82f2d2aae0ca..., userDataDir: C:\Users\kikosana\AppData\L...}, cssSelectorsEnabled: true, databaseEnabled: false, handlesAlerts: true, hasTouchScreen: false, javascriptEnabled: true, locationContextEnabled: true, mobileEmulationEnabled: false, nativeEvents: true, networkConnectionEnabled: false, pageLoadStrategy: normal, platform: XP, platformName: XP, rotatable: false, setWindowRect: true, takesHeapSnapshot: true, takesScreenshot: true, unexpectedAlertBehaviour: , unhandledPromptBehavior: , version: 68.0.3440.106, webStorageEnabled: true}
Session ID: 0d963c1de133d270025b60daebbd3aba)"/>
         <system-out><![CDATA[2018-09-10 11:04:15 - [TEST_CASE][FAILED] - Test Cases/Incentive Rule exists in the system: Test Cases/Incentive Rule exists in the system FAILED because (of) Unable to click on object 'Object Repository/Page_Plan Tab/a_Rules' (Root cause: org.openqa.selenium.ElementNotVisibleException: element not visible
  (Session info: chrome=68.0.3440.106)
  (Driver info: chromedriver=2.35.528161 (5b82f2d2aae0ca24b877009200ced9065a772e73),platform=Windows NT 10.0.17134 x86_64) (WARNING: The server did not provide any stacktrace information)
Command duration or timeout: 0 milliseconds
Build info: version: '3.7.1', revision: '8a0099a', time: '2017-11-06T21:07:36.161Z'
System info: host: 'KIKOSANA-T450S', ip: '10.125.199.25', os.name: 'Windows 10', os.arch: 'amd64', os.version: '10.0', java.version: '1.8.0_181'
Driver info: com.kms.katalon.selenium.driver.CChromeDriver
Capabilities {acceptInsecureCerts: false, acceptSslCerts: false, applicationCacheEnabled: false, browserConnectionEnabled: false, browserName: chrome, chrome: {chromedriverVersion: 2.35.528161 (5b82f2d2aae0ca..., userDataDir: C:\Users\kikosana\AppData\L...}, cssSelectorsEnabled: true, databaseEnabled: false, handlesAlerts: true, hasTouchScreen: false, javascriptEnabled: true, locationContextEnabled: true, mobileEmulationEnabled: false, nativeEvents: true, networkConnectionEnabled: false, pageLoadStrategy: normal, platform: XP, platformName: XP, rotatable: false, setWindowRect: true, takesHeapSnapshot: true, takesScreenshot: true, unexpectedAlertBehaviour: , unhandledPromptBehavior: , version: 68.0.3440.106, webStorageEnabled: true}
Session ID: 0d963c1de133d270025b60daebbd3aba)

2018-09-10 11:04:16 - [TEST_STEP][NOT_RUN] - callTestCase: NOT_RUN: callTestCase

2018-09-10 11:04:16 - [MESSAGE][NOT_RUN] - NOT_RUN: callTestCase

2018-09-10 11:04:16 - [TEST_STEP][PASSED] - delay: Delayed 5 second(s)

2018-09-10 11:04:21 - [MESSAGE][PASSED] - Delayed 5 second(s)

2018-09-10 11:04:21 - [TEST_STEP][PASSED] - mouseOver: Object: 'Object Repository/Page_Plan Tab/a_Plan' is hovered

2018-09-10 11:04:21 - [MESSAGE][PASSED] - Object: 'Object Repository/Page_Plan Tab/a_Plan' is hovered

2018-09-10 11:04:21 - [TEST_STEP][PASSED] - delay: Delayed 3 second(s)

2018-09-10 11:04:24 - [MESSAGE][PASSED] - Delayed 3 second(s)

2018-09-10 11:04:24 - [TEST_STEP][PASSED] - scrollToElement: Scroll to object 'Object Repository/Page_Plan Tab/a_Rules' successfully

2018-09-10 11:04:24 - [MESSAGE][PASSED] - Scroll to object 'Object Repository/Page_Plan Tab/a_Rules' successfully

2018-09-10 11:04:24 - [TEST_STEP][PASSED] - delay: Delayed 2 second(s)

2018-09-10 11:04:26 - [MESSAGE][PASSED] - Delayed 2 second(s)

2018-09-10 11:04:26 - [TEST_STEP][FAILED] - click: Unable to click on object 'Object Repository/Page_Plan Tab/a_Rules' (Root cause: org.openqa.selenium.ElementNotVisibleException: element not visible
  (Session info: chrome=68.0.3440.106)
  (Driver info: chromedriver=2.35.528161 (5b82f2d2aae0ca24b877009200ced9065a772e73),platform=Windows NT 10.0.17134 x86_64) (WARNING: The server did not provide any stacktrace information)
Command duration or timeout: 0 milliseconds
Build info: version: '3.7.1', revision: '8a0099a', time: '2017-11-06T21:07:36.161Z'
System info: host: 'KIKOSANA-T450S', ip: '10.125.199.25', os.name: 'Windows 10', os.arch: 'amd64', os.version: '10.0', java.version: '1.8.0_181'
Driver info: com.kms.katalon.selenium.driver.CChromeDriver
Capabilities {acceptInsecureCerts: false, acceptSslCerts: false, applicationCacheEnabled: false, browserConnectionEnabled: false, browserName: chrome, chrome: {chromedriverVersion: 2.35.528161 (5b82f2d2aae0ca..., userDataDir: C:\Users\kikosana\AppData\L...}, cssSelectorsEnabled: true, databaseEnabled: false, handlesAlerts: true, hasTouchScreen: false, javascriptEnabled: true, locationContextEnabled: true, mobileEmulationEnabled: false, nativeEvents: true, networkConnectionEnabled: false, pageLoadStrategy: normal, platform: XP, platformName: XP, rotatable: false, setWindowRect: true, takesHeapSnapshot: true, takesScreenshot: true, unexpectedAlertBehaviour: , unhandledPromptBehavior: , version: 68.0.3440.106, webStorageEnabled: true}
Session ID: 0d963c1de133d270025b60daebbd3aba)

2018-09-10 11:04:45 - [MESSAGE][FAILED] - Unable to click on object 'Object Repository/Page_Plan Tab/a_Rules' (Root cause: org.openqa.selenium.ElementNotVisibleException: element not visible
  (Session info: chrome=68.0.3440.106)
  (Driver info: chromedriver=2.35.528161 (5b82f2d2aae0ca24b877009200ced9065a772e73),platform=Windows NT 10.0.17134 x86_64) (WARNING: The server did not provide any stacktrace information)
Command duration or timeout: 0 milliseconds
Build info: version: '3.7.1', revision: '8a0099a', time: '2017-11-06T21:07:36.161Z'
System info: host: 'KIKOSANA-T450S', ip: '10.125.199.25', os.name: 'Windows 10', os.arch: 'amd64', os.version: '10.0', java.version: '1.8.0_181'
Driver info: com.kms.katalon.selenium.driver.CChromeDriver
Capabilities {acceptInsecureCerts: false, acceptSslCerts: false, applicationCacheEnabled: false, browserConnectionEnabled: false, browserName: chrome, chrome: {chromedriverVersion: 2.35.528161 (5b82f2d2aae0ca..., userDataDir: C:\Users\kikosana\AppData\L...}, cssSelectorsEnabled: true, databaseEnabled: false, handlesAlerts: true, hasTouchScreen: false, javascriptEnabled: true, locationContextEnabled: true, mobileEmulationEnabled: false, nativeEvents: true, networkConnectionEnabled: false, pageLoadStrategy: normal, platform: XP, platformName: XP, rotatable: false, setWindowRect: true, takesHeapSnapshot: true, takesScreenshot: true, unexpectedAlertBehaviour: , unhandledPromptBehavior: , version: 68.0.3440.106, webStorageEnabled: true}
Session ID: 0d963c1de133d270025b60daebbd3aba)
[[ATTACHMENT|C:\\Users\\kikosana\\Downloads\\UAT_Commission-master (2)\\UAT_Commission-master\\Reports\\TestDemo\\20180910_110052\\1536602666246.png]]]]></system-out>
         <system-err><![CDATA[2018-09-10 11:04:15 - [TEST_CASE][FAILED] - Test Cases/Incentive Rule exists in the system: Test Cases/Incentive Rule exists in the system FAILED because (of) Unable to click on object 'Object Repository/Page_Plan Tab/a_Rules' (Root cause: org.openqa.selenium.ElementNotVisibleException: element not visible
  (Session info: chrome=68.0.3440.106)
  (Driver info: chromedriver=2.35.528161 (5b82f2d2aae0ca24b877009200ced9065a772e73),platform=Windows NT 10.0.17134 x86_64) (WARNING: The server did not provide any stacktrace information)
Command duration or timeout: 0 milliseconds
Build info: version: '3.7.1', revision: '8a0099a', time: '2017-11-06T21:07:36.161Z'
System info: host: 'KIKOSANA-T450S', ip: '10.125.199.25', os.name: 'Windows 10', os.arch: 'amd64', os.version: '10.0', java.version: '1.8.0_181'
Driver info: com.kms.katalon.selenium.driver.CChromeDriver
Capabilities {acceptInsecureCerts: false, acceptSslCerts: false, applicationCacheEnabled: false, browserConnectionEnabled: false, browserName: chrome, chrome: {chromedriverVersion: 2.35.528161 (5b82f2d2aae0ca..., userDataDir: C:\Users\kikosana\AppData\L...}, cssSelectorsEnabled: true, databaseEnabled: false, handlesAlerts: true, hasTouchScreen: false, javascriptEnabled: true, locationContextEnabled: true, mobileEmulationEnabled: false, nativeEvents: true, networkConnectionEnabled: false, pageLoadStrategy: normal, platform: XP, platformName: XP, rotatable: false, setWindowRect: true, takesHeapSnapshot: true, takesScreenshot: true, unexpectedAlertBehaviour: , unhandledPromptBehavior: , version: 68.0.3440.106, webStorageEnabled: true}
Session ID: 0d963c1de133d270025b60daebbd3aba)]]></system-err>
      </testcase>
      <testcase name="Test Cases/Lookup_Table_Varaibles_exist_in_the_system" classname="Test Cases/Lookup_Table_Varaibles_exist_in_the_system" status="FAILED">
         <failure type="FAILED" message="Unable to click on object 'Object Repository/Page_Callidus Cloud Commissions Man/td_Field Name' (Root cause: org.openqa.selenium.ElementNotVisibleException: element not visible
  (Session info: chrome=68.0.3440.106)
  (Driver info: chromedriver=2.35.528161 (5b82f2d2aae0ca24b877009200ced9065a772e73),platform=Windows NT 10.0.17134 x86_64) (WARNING: The server did not provide any stacktrace information)
Command duration or timeout: 0 milliseconds
Build info: version: '3.7.1', revision: '8a0099a', time: '2017-11-06T21:07:36.161Z'
System info: host: 'KIKOSANA-T450S', ip: '10.125.199.25', os.name: 'Windows 10', os.arch: 'amd64', os.version: '10.0', java.version: '1.8.0_181'
Driver info: com.kms.katalon.selenium.driver.CChromeDriver
Capabilities {acceptInsecureCerts: false, acceptSslCerts: false, applicationCacheEnabled: false, browserConnectionEnabled: false, browserName: chrome, chrome: {chromedriverVersion: 2.35.528161 (5b82f2d2aae0ca..., userDataDir: C:\Users\kikosana\AppData\L...}, cssSelectorsEnabled: true, databaseEnabled: false, handlesAlerts: true, hasTouchScreen: false, javascriptEnabled: true, locationContextEnabled: true, mobileEmulationEnabled: false, nativeEvents: true, networkConnectionEnabled: false, pageLoadStrategy: normal, platform: XP, platformName: XP, rotatable: false, setWindowRect: true, takesHeapSnapshot: true, takesScreenshot: true, unexpectedAlertBehaviour: , unhandledPromptBehavior: , version: 68.0.3440.106, webStorageEnabled: true}
Session ID: 0d963c1de133d270025b60daebbd3aba)"/>
         <system-out><![CDATA[2018-09-10 11:04:45 - [TEST_CASE][FAILED] - Test Cases/Lookup_Table_Varaibles_exist_in_the_system: Test Cases/Lookup_Table_Varaibles_exist_in_the_system FAILED because (of) Unable to click on object 'Object Repository/Page_Callidus Cloud Commissions Man/td_Field Name' (Root cause: org.openqa.selenium.ElementNotVisibleException: element not visible
  (Session info: chrome=68.0.3440.106)
  (Driver info: chromedriver=2.35.528161 (5b82f2d2aae0ca24b877009200ced9065a772e73),platform=Windows NT 10.0.17134 x86_64) (WARNING: The server did not provide any stacktrace information)
Command duration or timeout: 0 milliseconds
Build info: version: '3.7.1', revision: '8a0099a', time: '2017-11-06T21:07:36.161Z'
System info: host: 'KIKOSANA-T450S', ip: '10.125.199.25', os.name: 'Windows 10', os.arch: 'amd64', os.version: '10.0', java.version: '1.8.0_181'
Driver info: com.kms.katalon.selenium.driver.CChromeDriver
Capabilities {acceptInsecureCerts: false, acceptSslCerts: false, applicationCacheEnabled: false, browserConnectionEnabled: false, browserName: chrome, chrome: {chromedriverVersion: 2.35.528161 (5b82f2d2aae0ca..., userDataDir: C:\Users\kikosana\AppData\L...}, cssSelectorsEnabled: true, databaseEnabled: false, handlesAlerts: true, hasTouchScreen: false, javascriptEnabled: true, locationContextEnabled: true, mobileEmulationEnabled: false, nativeEvents: true, networkConnectionEnabled: false, pageLoadStrategy: normal, platform: XP, platformName: XP, rotatable: false, setWindowRect: true, takesHeapSnapshot: true, takesScreenshot: true, unexpectedAlertBehaviour: , unhandledPromptBehavior: , version: 68.0.3440.106, webStorageEnabled: true}
Session ID: 0d963c1de133d270025b60daebbd3aba)

2018-09-10 11:04:45 - [TEST_STEP][NOT_RUN] - callTestCase: NOT_RUN: callTestCase

2018-09-10 11:04:45 - [MESSAGE][NOT_RUN] - NOT_RUN: callTestCase

2018-09-10 11:04:45 - [TEST_STEP][PASSED] - mouseOver: Object: 'Object Repository/Page_Callidus Cloud Commissions Man/div_PLAN' is hovered

2018-09-10 11:04:46 - [MESSAGE][PASSED] - Object: 'Object Repository/Page_Callidus Cloud Commissions Man/div_PLAN' is hovered

2018-09-10 11:04:46 - [TEST_STEP][PASSED] - delay: Delayed 2 second(s)

2018-09-10 11:04:48 - [MESSAGE][PASSED] - Delayed 2 second(s)

2018-09-10 11:04:48 - [TEST_STEP][PASSED] - scrollToElement: Scroll to object 'Object Repository/Page_Callidus Cloud Commissions Man/a_Plan Components' successfully

2018-09-10 11:04:48 - [MESSAGE][PASSED] - Scroll to object 'Object Repository/Page_Callidus Cloud Commissions Man/a_Plan Components' successfully

2018-09-10 11:04:48 - [TEST_STEP][PASSED] - delay: Delayed 2 second(s)

2018-09-10 11:04:50 - [MESSAGE][PASSED] - Delayed 2 second(s)

2018-09-10 11:04:50 - [TEST_STEP][PASSED] - scrollToElement: Scroll to object 'Object Repository/Page_Callidus Cloud Commissions Man/a_Variables' successfully

2018-09-10 11:04:50 - [MESSAGE][PASSED] - Scroll to object 'Object Repository/Page_Callidus Cloud Commissions Man/a_Variables' successfully

2018-09-10 11:04:50 - [TEST_STEP][PASSED] - delay: Delayed 2 second(s)

2018-09-10 11:04:52 - [MESSAGE][PASSED] - Delayed 2 second(s)

2018-09-10 11:04:52 - [TEST_STEP][PASSED] - click: Object: 'Object Repository/Page_Callidus Cloud Commissions Man/a_Variables' is clicked on

2018-09-10 11:04:52 - [MESSAGE][PASSED] - Object: 'Object Repository/Page_Callidus Cloud Commissions Man/a_Variables' is clicked on

2018-09-10 11:04:52 - [TEST_STEP][PASSED] - delay: Delayed 2 second(s)

2018-09-10 11:04:54 - [MESSAGE][PASSED] - Delayed 2 second(s)

2018-09-10 11:04:54 - [TEST_STEP][PASSED] - click: Object: 'Object Repository/Page_Callidus Cloud Commissions Man/a_Advanced Search' is clicked on

2018-09-10 11:04:54 - [MESSAGE][PASSED] - Object: 'Object Repository/Page_Callidus Cloud Commissions Man/a_Advanced Search' is clicked on

2018-09-10 11:04:54 - [TEST_STEP][FAILED] - click: Unable to click on object 'Object Repository/Page_Callidus Cloud Commissions Man/td_Field Name' (Root cause: org.openqa.selenium.ElementNotVisibleException: element not visible
  (Session info: chrome=68.0.3440.106)
  (Driver info: chromedriver=2.35.528161 (5b82f2d2aae0ca24b877009200ced9065a772e73),platform=Windows NT 10.0.17134 x86_64) (WARNING: The server did not provide any stacktrace information)
Command duration or timeout: 0 milliseconds
Build info: version: '3.7.1', revision: '8a0099a', time: '2017-11-06T21:07:36.161Z'
System info: host: 'KIKOSANA-T450S', ip: '10.125.199.25', os.name: 'Windows 10', os.arch: 'amd64', os.version: '10.0', java.version: '1.8.0_181'
Driver info: com.kms.katalon.selenium.driver.CChromeDriver
Capabilities {acceptInsecureCerts: false, acceptSslCerts: false, applicationCacheEnabled: false, browserConnectionEnabled: false, browserName: chrome, chrome: {chromedriverVersion: 2.35.528161 (5b82f2d2aae0ca..., userDataDir: C:\Users\kikosana\AppData\L...}, cssSelectorsEnabled: true, databaseEnabled: false, handlesAlerts: true, hasTouchScreen: false, javascriptEnabled: true, locationContextEnabled: true, mobileEmulationEnabled: false, nativeEvents: true, networkConnectionEnabled: false, pageLoadStrategy: normal, platform: XP, platformName: XP, rotatable: false, setWindowRect: true, takesHeapSnapshot: true, takesScreenshot: true, unexpectedAlertBehaviour: , unhandledPromptBehavior: , version: 68.0.3440.106, webStorageEnabled: true}
Session ID: 0d963c1de133d270025b60daebbd3aba)

2018-09-10 11:04:55 - [MESSAGE][FAILED] - Unable to click on object 'Object Repository/Page_Callidus Cloud Commissions Man/td_Field Name' (Root cause: org.openqa.selenium.ElementNotVisibleException: element not visible
  (Session info: chrome=68.0.3440.106)
  (Driver info: chromedriver=2.35.528161 (5b82f2d2aae0ca24b877009200ced9065a772e73),platform=Windows NT 10.0.17134 x86_64) (WARNING: The server did not provide any stacktrace information)
Command duration or timeout: 0 milliseconds
Build info: version: '3.7.1', revision: '8a0099a', time: '2017-11-06T21:07:36.161Z'
System info: host: 'KIKOSANA-T450S', ip: '10.125.199.25', os.name: 'Windows 10', os.arch: 'amd64', os.version: '10.0', java.version: '1.8.0_181'
Driver info: com.kms.katalon.selenium.driver.CChromeDriver
Capabilities {acceptInsecureCerts: false, acceptSslCerts: false, applicationCacheEnabled: false, browserConnectionEnabled: false, browserName: chrome, chrome: {chromedriverVersion: 2.35.528161 (5b82f2d2aae0ca..., userDataDir: C:\Users\kikosana\AppData\L...}, cssSelectorsEnabled: true, databaseEnabled: false, handlesAlerts: true, hasTouchScreen: false, javascriptEnabled: true, locationContextEnabled: true, mobileEmulationEnabled: false, nativeEvents: true, networkConnectionEnabled: false, pageLoadStrategy: normal, platform: XP, platformName: XP, rotatable: false, setWindowRect: true, takesHeapSnapshot: true, takesScreenshot: true, unexpectedAlertBehaviour: , unhandledPromptBehavior: , version: 68.0.3440.106, webStorageEnabled: true}
Session ID: 0d963c1de133d270025b60daebbd3aba)
[[ATTACHMENT|C:\\Users\\kikosana\\Downloads\\UAT_Commission-master (2)\\UAT_Commission-master\\Reports\\TestDemo\\20180910_110052\\1536602694752.png]]]]></system-out>
         <system-err><![CDATA[2018-09-10 11:04:45 - [TEST_CASE][FAILED] - Test Cases/Lookup_Table_Varaibles_exist_in_the_system: Test Cases/Lookup_Table_Varaibles_exist_in_the_system FAILED because (of) Unable to click on object 'Object Repository/Page_Callidus Cloud Commissions Man/td_Field Name' (Root cause: org.openqa.selenium.ElementNotVisibleException: element not visible
  (Session info: chrome=68.0.3440.106)
  (Driver info: chromedriver=2.35.528161 (5b82f2d2aae0ca24b877009200ced9065a772e73),platform=Windows NT 10.0.17134 x86_64) (WARNING: The server did not provide any stacktrace information)
Command duration or timeout: 0 milliseconds
Build info: version: '3.7.1', revision: '8a0099a', time: '2017-11-06T21:07:36.161Z'
System info: host: 'KIKOSANA-T450S', ip: '10.125.199.25', os.name: 'Windows 10', os.arch: 'amd64', os.version: '10.0', java.version: '1.8.0_181'
Driver info: com.kms.katalon.selenium.driver.CChromeDriver
Capabilities {acceptInsecureCerts: false, acceptSslCerts: false, applicationCacheEnabled: false, browserConnectionEnabled: false, browserName: chrome, chrome: {chromedriverVersion: 2.35.528161 (5b82f2d2aae0ca..., userDataDir: C:\Users\kikosana\AppData\L...}, cssSelectorsEnabled: true, databaseEnabled: false, handlesAlerts: true, hasTouchScreen: false, javascriptEnabled: true, locationContextEnabled: true, mobileEmulationEnabled: false, nativeEvents: true, networkConnectionEnabled: false, pageLoadStrategy: normal, platform: XP, platformName: XP, rotatable: false, setWindowRect: true, takesHeapSnapshot: true, takesScreenshot: true, unexpectedAlertBehaviour: , unhandledPromptBehavior: , version: 68.0.3440.106, webStorageEnabled: true}
Session ID: 0d963c1de133d270025b60daebbd3aba)]]></system-err>
      </testcase>
      <testcase name="Test Cases/Measurement Rule exists in the system" classname="Test Cases/Measurement Rule exists in the system" status="PASSED">
         <system-out><![CDATA[2018-09-10 11:04:55 - [TEST_CASE][PASSED] - Test Cases/Measurement Rule exists in the system: Test Cases/Measurement Rule exists in the system

2018-09-10 11:04:55 - [TEST_STEP][NOT_RUN] - callTestCase: NOT_RUN: callTestCase

2018-09-10 11:04:55 - [MESSAGE][NOT_RUN] - NOT_RUN: callTestCase

2018-09-10 11:04:55 - [TEST_STEP][PASSED] - delay: Delayed 5 second(s)

2018-09-10 11:05:00 - [MESSAGE][PASSED] - Delayed 5 second(s)

2018-09-10 11:05:00 - [TEST_STEP][PASSED] - mouseOver: Object: 'Object Repository/Page_Plan Tab/a_Plan' is hovered

2018-09-10 11:05:00 - [MESSAGE][PASSED] - Object: 'Object Repository/Page_Plan Tab/a_Plan' is hovered

2018-09-10 11:05:00 - [TEST_STEP][PASSED] - delay: Delayed 3 second(s)

2018-09-10 11:05:03 - [MESSAGE][PASSED] - Delayed 3 second(s)

2018-09-10 11:05:03 - [TEST_STEP][PASSED] - scrollToElement: Scroll to object 'Object Repository/Page_Plan Tab/a_Rules' successfully

2018-09-10 11:05:04 - [MESSAGE][PASSED] - Scroll to object 'Object Repository/Page_Plan Tab/a_Rules' successfully

2018-09-10 11:05:04 - [TEST_STEP][PASSED] - delay: Delayed 2 second(s)

2018-09-10 11:05:06 - [MESSAGE][PASSED] - Delayed 2 second(s)

2018-09-10 11:05:06 - [TEST_STEP][PASSED] - click: Object: 'Object Repository/Page_Plan Tab/a_Rules' is clicked on

2018-09-10 11:05:08 - [MESSAGE][PASSED] - Object: 'Object Repository/Page_Plan Tab/a_Rules' is clicked on

2018-09-10 11:05:08 - [TEST_STEP][PASSED] - delay: Delayed 2 second(s)

2018-09-10 11:05:10 - [MESSAGE][PASSED] - Delayed 2 second(s)

2018-09-10 11:05:10 - [TEST_STEP][PASSED] - click: Object: 'Object Repository/Page_Callidus Cloud Commissions Man/a_Advanced Search' is clicked on

2018-09-10 11:05:11 - [MESSAGE][PASSED] - Object: 'Object Repository/Page_Callidus Cloud Commissions Man/a_Advanced Search' is clicked on

2018-09-10 11:05:11 - [TEST_STEP][PASSED] - delay: Delayed 2 second(s)

2018-09-10 11:05:13 - [MESSAGE][PASSED] - Delayed 2 second(s)

2018-09-10 11:05:13 - [TEST_STEP][PASSED] - click: Object: 'Object Repository/Page_Callidus Cloud Commissions Man/td_Field Name' is clicked on

2018-09-10 11:05:13 - [MESSAGE][PASSED] - Object: 'Object Repository/Page_Callidus Cloud Commissions Man/td_Field Name' is clicked on

2018-09-10 11:05:13 - [TEST_STEP][PASSED] - delay: Delayed 2 second(s)

2018-09-10 11:05:15 - [MESSAGE][PASSED] - Delayed 2 second(s)

2018-09-10 11:05:15 - [TEST_STEP][PASSED] - scrollToElement: Scroll to object 'Object Repository/Page_Plan Tab/a_Field_name' successfully

2018-09-10 11:05:15 - [MESSAGE][PASSED] - Scroll to object 'Object Repository/Page_Plan Tab/a_Field_name' successfully

2018-09-10 11:05:15 - [TEST_STEP][PASSED] - delay: Delayed 2 second(s)

2018-09-10 11:05:17 - [MESSAGE][PASSED] - Delayed 2 second(s)

2018-09-10 11:05:17 - [TEST_STEP][PASSED] - click: Object: 'Object Repository/Page_Plan Tab/a_Field_name' is clicked on

2018-09-10 11:05:17 - [MESSAGE][PASSED] - Object: 'Object Repository/Page_Plan Tab/a_Field_name' is clicked on

2018-09-10 11:05:17 - [TEST_STEP][PASSED] - click: Object: 'Object Repository/Page_Callidus Cloud Commissions Man/td_Comparision' is clicked on

2018-09-10 11:05:17 - [MESSAGE][PASSED] - Object: 'Object Repository/Page_Callidus Cloud Commissions Man/td_Comparision' is clicked on

2018-09-10 11:05:17 - [TEST_STEP][PASSED] - delay: Delayed 2 second(s)

2018-09-10 11:05:19 - [MESSAGE][PASSED] - Delayed 2 second(s)

2018-09-10 11:05:19 - [TEST_STEP][PASSED] - scrollToElement: Scroll to object 'Object Repository/Page_Callidus Cloud Commissions Man/option_Equals' successfully

2018-09-10 11:05:19 - [MESSAGE][PASSED] - Scroll to object 'Object Repository/Page_Callidus Cloud Commissions Man/option_Equals' successfully

2018-09-10 11:05:19 - [TEST_STEP][PASSED] - delay: Delayed 2 second(s)

2018-09-10 11:05:21 - [MESSAGE][PASSED] - Delayed 2 second(s)

2018-09-10 11:05:21 - [TEST_STEP][PASSED] - click: Object: 'Object Repository/Page_Callidus Cloud Commissions Man/option_Equals' is clicked on

2018-09-10 11:05:21 - [MESSAGE][PASSED] - Object: 'Object Repository/Page_Callidus Cloud Commissions Man/option_Equals' is clicked on

2018-09-10 11:05:21 - [TEST_STEP][PASSED] - delay: Delayed 2 second(s)

2018-09-10 11:05:23 - [MESSAGE][PASSED] - Delayed 2 second(s)

2018-09-10 11:05:23 - [TEST_STEP][PASSED] - setText: Text 'MR Testrule' is set on object 'Object Repository/Page_Callidus Cloud Commissions Man/td_Value'

2018-09-10 11:05:24 - [MESSAGE][PASSED] - Text 'MR Testrule' is set on object 'Object Repository/Page_Callidus Cloud Commissions Man/td_Value'

2018-09-10 11:05:24 - [TEST_STEP][PASSED] - delay: Delayed 2 second(s)

2018-09-10 11:05:26 - [MESSAGE][PASSED] - Delayed 2 second(s)

2018-09-10 11:05:26 - [TEST_STEP][PASSED] - click: Object: 'Object Repository/Page_Callidus Cloud Commissions Man/input_Apply Search' is clicked on

2018-09-10 11:05:26 - [MESSAGE][PASSED] - Object: 'Object Repository/Page_Callidus Cloud Commissions Man/input_Apply Search' is clicked on

2018-09-10 11:05:26 - [TEST_STEP][NOT_RUN] - acceptAlert: NOT_RUN: acceptAlert

2018-09-10 11:05:26 - [MESSAGE][NOT_RUN] - NOT_RUN: acceptAlert

2018-09-10 11:05:26 - [TEST_STEP][NOT_RUN] - callTestCase: NOT_RUN: callTestCase

2018-09-10 11:05:26 - [MESSAGE][NOT_RUN] - NOT_RUN: callTestCase]]></system-out>
         <system-err><![CDATA[]]></system-err>
      </testcase>
      <testcase name="Test Cases/Plan Components exist in the system" classname="Test Cases/Plan Components exist in the system" status="PASSED">
         <system-out><![CDATA[2018-09-10 11:05:26 - [TEST_CASE][PASSED] - Test Cases/Plan Components exist in the system: Test Cases/Plan Components exist in the system

2018-09-10 11:05:26 - [TEST_STEP][NOT_RUN] - callTestCase: NOT_RUN: callTestCase

2018-09-10 11:05:26 - [MESSAGE][NOT_RUN] - NOT_RUN: callTestCase

2018-09-10 11:05:26 - [TEST_STEP][PASSED] - mouseOver: Object: 'Object Repository/Page_Callidus Cloud Commissions Man/div_PLAN' is hovered

2018-09-10 11:05:26 - [MESSAGE][PASSED] - Object: 'Object Repository/Page_Callidus Cloud Commissions Man/div_PLAN' is hovered

2018-09-10 11:05:26 - [TEST_STEP][PASSED] - delay: Delayed 2 second(s)

2018-09-10 11:05:28 - [MESSAGE][PASSED] - Delayed 2 second(s)

2018-09-10 11:05:28 - [TEST_STEP][PASSED] - scrollToElement: Scroll to object 'Object Repository/Page_Callidus Cloud Commissions Man/a_Plan Components' successfully

2018-09-10 11:05:28 - [MESSAGE][PASSED] - Scroll to object 'Object Repository/Page_Callidus Cloud Commissions Man/a_Plan Components' successfully

2018-09-10 11:05:28 - [TEST_STEP][PASSED] - delay: Delayed 2 second(s)

2018-09-10 11:05:30 - [MESSAGE][PASSED] - Delayed 2 second(s)

2018-09-10 11:05:30 - [TEST_STEP][PASSED] - click: Object: 'Object Repository/Page_Callidus Cloud Commissions Man/a_Plan Components' is clicked on

2018-09-10 11:05:33 - [MESSAGE][PASSED] - Object: 'Object Repository/Page_Callidus Cloud Commissions Man/a_Plan Components' is clicked on

2018-09-10 11:05:33 - [TEST_STEP][PASSED] - click: Object: 'Object Repository/Page_Callidus Cloud Commissions Man/a_Advanced Search' is clicked on

2018-09-10 11:05:35 - [MESSAGE][PASSED] - Object: 'Object Repository/Page_Callidus Cloud Commissions Man/a_Advanced Search' is clicked on

2018-09-10 11:05:35 - [TEST_STEP][PASSED] - click: Object: 'Object Repository/Page_Callidus Cloud Commissions Man/td_Field Name' is clicked on

2018-09-10 11:05:36 - [MESSAGE][PASSED] - Object: 'Object Repository/Page_Callidus Cloud Commissions Man/td_Field Name' is clicked on

2018-09-10 11:05:36 - [TEST_STEP][PASSED] - delay: Delayed 2 second(s)

2018-09-10 11:05:38 - [MESSAGE][PASSED] - Delayed 2 second(s)

2018-09-10 11:05:38 - [TEST_STEP][PASSED] - scrollToElement: Scroll to object 'Object Repository/Page_Callidus Cloud Commissions Man/option_Plan Components' successfully

2018-09-10 11:05:38 - [MESSAGE][PASSED] - Scroll to object 'Object Repository/Page_Callidus Cloud Commissions Man/option_Plan Components' successfully

2018-09-10 11:05:38 - [TEST_STEP][PASSED] - delay: Delayed 2 second(s)

2018-09-10 11:05:40 - [MESSAGE][PASSED] - Delayed 2 second(s)

2018-09-10 11:05:40 - [TEST_STEP][PASSED] - click: Object: 'Object Repository/Page_Callidus Cloud Commissions Man/option_Plan Components' is clicked on

2018-09-10 11:05:40 - [MESSAGE][PASSED] - Object: 'Object Repository/Page_Callidus Cloud Commissions Man/option_Plan Components' is clicked on

2018-09-10 11:05:40 - [TEST_STEP][PASSED] - click: Object: 'Object Repository/Page_Callidus Cloud Commissions Man/td_Comparision' is clicked on

2018-09-10 11:05:40 - [MESSAGE][PASSED] - Object: 'Object Repository/Page_Callidus Cloud Commissions Man/td_Comparision' is clicked on

2018-09-10 11:05:40 - [TEST_STEP][PASSED] - scrollToElement: Scroll to object 'Object Repository/Page_Callidus Cloud Commissions Man/option_Equals' successfully

2018-09-10 11:05:40 - [MESSAGE][PASSED] - Scroll to object 'Object Repository/Page_Callidus Cloud Commissions Man/option_Equals' successfully

2018-09-10 11:05:40 - [TEST_STEP][PASSED] - delay: Delayed 2 second(s)

2018-09-10 11:05:42 - [MESSAGE][PASSED] - Delayed 2 second(s)

2018-09-10 11:05:42 - [TEST_STEP][PASSED] - click: Object: 'Object Repository/Page_Callidus Cloud Commissions Man/option_Equals' is clicked on

2018-09-10 11:05:42 - [MESSAGE][PASSED] - Object: 'Object Repository/Page_Callidus Cloud Commissions Man/option_Equals' is clicked on

2018-09-10 11:05:42 - [TEST_STEP][PASSED] - delay: Delayed 2 second(s)

2018-09-10 11:05:44 - [MESSAGE][PASSED] - Delayed 2 second(s)

2018-09-10 11:05:44 - [TEST_STEP][PASSED] - setText: Text 'Aggregated Revenue against Territory based on Flat Rate' is set on object 'Object Repository/Page_Callidus Cloud Commissions Man/td_Value'

2018-09-10 11:05:45 - [MESSAGE][PASSED] - Text 'Aggregated Revenue against Territory based on Flat Rate' is set on object 'Object Repository/Page_Callidus Cloud Commissions Man/td_Value'

2018-09-10 11:05:45 - [TEST_STEP][PASSED] - click: Object: 'Object Repository/Page_Callidus Cloud Commissions Man/input_Apply Search' is clicked on

2018-09-10 11:05:46 - [MESSAGE][PASSED] - Object: 'Object Repository/Page_Callidus Cloud Commissions Man/input_Apply Search' is clicked on

2018-09-10 11:05:46 - [TEST_STEP][NOT_RUN] - callTestCase: NOT_RUN: callTestCase

2018-09-10 11:05:46 - [MESSAGE][NOT_RUN] - NOT_RUN: callTestCase]]></system-out>
         <system-err><![CDATA[]]></system-err>
      </testcase>
      <testcase name="Test Cases/Plans exist in the system" classname="Test Cases/Plans exist in the system" status="PASSED">
         <system-out><![CDATA[2018-09-10 11:05:46 - [TEST_CASE][PASSED] - Test Cases/Plans exist in the system: Test Cases/Plans exist in the system

2018-09-10 11:05:46 - [TEST_STEP][NOT_RUN] - callTestCase: NOT_RUN: callTestCase

2018-09-10 11:05:46 - [MESSAGE][NOT_RUN] - NOT_RUN: callTestCase

2018-09-10 11:05:46 - [TEST_STEP][PASSED] - mouseOver: Object: 'Object Repository/Page_Callidus Cloud Commissions Man/div_PLAN' is hovered

2018-09-10 11:05:46 - [MESSAGE][PASSED] - Object: 'Object Repository/Page_Callidus Cloud Commissions Man/div_PLAN' is hovered

2018-09-10 11:05:46 - [TEST_STEP][PASSED] - delay: Delayed 5 second(s)

2018-09-10 11:05:51 - [MESSAGE][PASSED] - Delayed 5 second(s)

2018-09-10 11:05:51 - [TEST_STEP][PASSED] - scrollToElement: Scroll to object 'Object Repository/Page_Callidus Cloud Commissions Man/a_Plans' successfully

2018-09-10 11:05:51 - [MESSAGE][PASSED] - Scroll to object 'Object Repository/Page_Callidus Cloud Commissions Man/a_Plans' successfully

2018-09-10 11:05:51 - [TEST_STEP][PASSED] - click: Object: 'Object Repository/Page_Callidus Cloud Commissions Man/a_Plans' is clicked on

2018-09-10 11:05:54 - [MESSAGE][PASSED] - Object: 'Object Repository/Page_Callidus Cloud Commissions Man/a_Plans' is clicked on

2018-09-10 11:05:54 - [TEST_STEP][PASSED] - click: Object: 'Object Repository/Page_Callidus Cloud Commissions Man/a_Advanced Search' is clicked on

2018-09-10 11:05:55 - [MESSAGE][PASSED] - Object: 'Object Repository/Page_Callidus Cloud Commissions Man/a_Advanced Search' is clicked on

2018-09-10 11:05:55 - [TEST_STEP][PASSED] - click: Object: 'Object Repository/Page_Callidus Cloud Commissions Man/td_Field Name' is clicked on

2018-09-10 11:05:55 - [MESSAGE][PASSED] - Object: 'Object Repository/Page_Callidus Cloud Commissions Man/td_Field Name' is clicked on

2018-09-10 11:05:55 - [TEST_STEP][PASSED] - scrollToElement: Scroll to object 'Object Repository/Page_Callidus Cloud Commissions Man/option_Plans' successfully

2018-09-10 11:05:55 - [MESSAGE][PASSED] - Scroll to object 'Object Repository/Page_Callidus Cloud Commissions Man/option_Plans' successfully

2018-09-10 11:05:55 - [TEST_STEP][PASSED] - delay: Delayed 2 second(s)

2018-09-10 11:05:57 - [MESSAGE][PASSED] - Delayed 2 second(s)

2018-09-10 11:05:57 - [TEST_STEP][PASSED] - click: Object: 'Object Repository/Page_Callidus Cloud Commissions Man/option_Plans' is clicked on

2018-09-10 11:05:58 - [MESSAGE][PASSED] - Object: 'Object Repository/Page_Callidus Cloud Commissions Man/option_Plans' is clicked on

2018-09-10 11:05:58 - [TEST_STEP][PASSED] - click: Object: 'Object Repository/Page_Callidus Cloud Commissions Man/td_Comparision' is clicked on

2018-09-10 11:05:58 - [MESSAGE][PASSED] - Object: 'Object Repository/Page_Callidus Cloud Commissions Man/td_Comparision' is clicked on

2018-09-10 11:05:58 - [TEST_STEP][PASSED] - scrollToElement: Scroll to object 'Object Repository/Page_Callidus Cloud Commissions Man/option_Equals' successfully

2018-09-10 11:05:58 - [MESSAGE][PASSED] - Scroll to object 'Object Repository/Page_Callidus Cloud Commissions Man/option_Equals' successfully

2018-09-10 11:05:58 - [TEST_STEP][PASSED] - delay: Delayed 2 second(s)

2018-09-10 11:06:00 - [MESSAGE][PASSED] - Delayed 2 second(s)

2018-09-10 11:06:00 - [TEST_STEP][PASSED] - click: Object: 'Object Repository/Page_Callidus Cloud Commissions Man/option_Equals' is clicked on

2018-09-10 11:06:00 - [MESSAGE][PASSED] - Object: 'Object Repository/Page_Callidus Cloud Commissions Man/option_Equals' is clicked on

2018-09-10 11:06:00 - [TEST_STEP][PASSED] - delay: Delayed 2 second(s)

2018-09-10 11:06:02 - [MESSAGE][PASSED] - Delayed 2 second(s)

2018-09-10 11:06:02 - [TEST_STEP][PASSED] - setText: Text 'compensation plan' is set on object 'Object Repository/Page_Callidus Cloud Commissions Man/td_Value'

2018-09-10 11:06:02 - [MESSAGE][PASSED] - Text 'compensation plan' is set on object 'Object Repository/Page_Callidus Cloud Commissions Man/td_Value'

2018-09-10 11:06:02 - [TEST_STEP][PASSED] - click: Object: 'Object Repository/Page_Callidus Cloud Commissions Man/input_Apply Search' is clicked on

2018-09-10 11:06:02 - [MESSAGE][PASSED] - Object: 'Object Repository/Page_Callidus Cloud Commissions Man/input_Apply Search' is clicked on

2018-09-10 11:06:02 - [TEST_STEP][NOT_RUN] - callTestCase: NOT_RUN: callTestCase

2018-09-10 11:06:02 - [MESSAGE][NOT_RUN] - NOT_RUN: callTestCase]]></system-out>
         <system-err><![CDATA[]]></system-err>
      </testcase>
      <testcase name="Test Cases/Position Groups exist in the system" classname="Test Cases/Position Groups exist in the system" status="PASSED">
         <system-out><![CDATA[2018-09-10 11:06:02 - [TEST_CASE][PASSED] - Test Cases/Position Groups exist in the system: Test Cases/Position Groups exist in the system

2018-09-10 11:06:03 - [TEST_STEP][NOT_RUN] - callTestCase: NOT_RUN: callTestCase

2018-09-10 11:06:03 - [MESSAGE][NOT_RUN] - NOT_RUN: callTestCase

2018-09-10 11:06:03 - [TEST_STEP][PASSED] - mouseOver: Object: 'Object Repository/Page_Callidus Cloud Commissions Man/div_ADMINISTRATION' is hovered

2018-09-10 11:06:03 - [MESSAGE][PASSED] - Object: 'Object Repository/Page_Callidus Cloud Commissions Man/div_ADMINISTRATION' is hovered

2018-09-10 11:06:03 - [TEST_STEP][PASSED] - delay: Delayed 2 second(s)

2018-09-10 11:06:05 - [MESSAGE][PASSED] - Delayed 2 second(s)

2018-09-10 11:06:05 - [TEST_STEP][PASSED] - scrollToElement: Scroll to object 'Object Repository/Page_Callidus Cloud Commissions Man/a_Position Groups' successfully

2018-09-10 11:06:05 - [MESSAGE][PASSED] - Scroll to object 'Object Repository/Page_Callidus Cloud Commissions Man/a_Position Groups' successfully

2018-09-10 11:06:05 - [TEST_STEP][PASSED] - delay: Delayed 2 second(s)

2018-09-10 11:06:07 - [MESSAGE][PASSED] - Delayed 2 second(s)

2018-09-10 11:06:07 - [TEST_STEP][PASSED] - click: Object: 'Object Repository/Page_Callidus Cloud Commissions Man/a_Position Groups' is clicked on

2018-09-10 11:06:07 - [MESSAGE][PASSED] - Object: 'Object Repository/Page_Callidus Cloud Commissions Man/a_Position Groups' is clicked on

2018-09-10 11:06:07 - [TEST_STEP][PASSED] - delay: Delayed 2 second(s)

2018-09-10 11:06:09 - [MESSAGE][PASSED] - Delayed 2 second(s)

2018-09-10 11:06:09 - [TEST_STEP][PASSED] - click: Object: 'Object Repository/Page_Callidus Cloud Commissions Man/a_Advanced Search' is clicked on

2018-09-10 11:06:09 - [MESSAGE][PASSED] - Object: 'Object Repository/Page_Callidus Cloud Commissions Man/a_Advanced Search' is clicked on

2018-09-10 11:06:09 - [TEST_STEP][PASSED] - click: Object: 'Object Repository/Page_Callidus Cloud Commissions Man/td_Field Name' is clicked on

2018-09-10 11:06:10 - [MESSAGE][PASSED] - Object: 'Object Repository/Page_Callidus Cloud Commissions Man/td_Field Name' is clicked on

2018-09-10 11:06:10 - [TEST_STEP][PASSED] - delay: Delayed 2 second(s)

2018-09-10 11:06:12 - [MESSAGE][PASSED] - Delayed 2 second(s)

2018-09-10 11:06:12 - [TEST_STEP][PASSED] - scrollToElement: Scroll to object 'Object Repository/Page_Callidus Cloud Commissions Man/option_Position Groups' successfully

2018-09-10 11:06:12 - [MESSAGE][PASSED] - Scroll to object 'Object Repository/Page_Callidus Cloud Commissions Man/option_Position Groups' successfully

2018-09-10 11:06:12 - [TEST_STEP][PASSED] - delay: Delayed 2 second(s)

2018-09-10 11:06:14 - [MESSAGE][PASSED] - Delayed 2 second(s)

2018-09-10 11:06:14 - [TEST_STEP][PASSED] - click: Object: 'Object Repository/Page_Callidus Cloud Commissions Man/option_Position Groups' is clicked on

2018-09-10 11:06:14 - [MESSAGE][PASSED] - Object: 'Object Repository/Page_Callidus Cloud Commissions Man/option_Position Groups' is clicked on

2018-09-10 11:06:14 - [TEST_STEP][PASSED] - click: Object: 'Object Repository/Page_Callidus Cloud Commissions Man/td_Comparision' is clicked on

2018-09-10 11:06:14 - [MESSAGE][PASSED] - Object: 'Object Repository/Page_Callidus Cloud Commissions Man/td_Comparision' is clicked on

2018-09-10 11:06:14 - [TEST_STEP][PASSED] - delay: Delayed 2 second(s)

2018-09-10 11:06:16 - [MESSAGE][PASSED] - Delayed 2 second(s)

2018-09-10 11:06:16 - [TEST_STEP][PASSED] - scrollToElement: Scroll to object 'Object Repository/Page_Callidus Cloud Commissions Man/option_Equals' successfully

2018-09-10 11:06:16 - [MESSAGE][PASSED] - Scroll to object 'Object Repository/Page_Callidus Cloud Commissions Man/option_Equals' successfully

2018-09-10 11:06:16 - [TEST_STEP][PASSED] - delay: Delayed 2 second(s)

2018-09-10 11:06:18 - [MESSAGE][PASSED] - Delayed 2 second(s)

2018-09-10 11:06:18 - [TEST_STEP][PASSED] - click: Object: 'Object Repository/Page_Callidus Cloud Commissions Man/option_Equals' is clicked on

2018-09-10 11:06:19 - [MESSAGE][PASSED] - Object: 'Object Repository/Page_Callidus Cloud Commissions Man/option_Equals' is clicked on

2018-09-10 11:06:19 - [TEST_STEP][PASSED] - delay: Delayed 2 second(s)

2018-09-10 11:06:21 - [MESSAGE][PASSED] - Delayed 2 second(s)

2018-09-10 11:06:21 - [TEST_STEP][PASSED] - setText: Text 'P_G_Demo1' is set on object 'Object Repository/Page_Callidus Cloud Commissions Man/td_Value'

2018-09-10 11:06:21 - [MESSAGE][PASSED] - Text 'P_G_Demo1' is set on object 'Object Repository/Page_Callidus Cloud Commissions Man/td_Value'

2018-09-10 11:06:21 - [TEST_STEP][PASSED] - delay: Delayed 2 second(s)

2018-09-10 11:06:23 - [MESSAGE][PASSED] - Delayed 2 second(s)

2018-09-10 11:06:23 - [TEST_STEP][PASSED] - click: Object: 'Object Repository/Page_Callidus Cloud Commissions Man/input_Apply Search' is clicked on

2018-09-10 11:06:23 - [MESSAGE][PASSED] - Object: 'Object Repository/Page_Callidus Cloud Commissions Man/input_Apply Search' is clicked on

2018-09-10 11:06:23 - [TEST_STEP][NOT_RUN] - callTestCase: NOT_RUN: callTestCase

2018-09-10 11:06:23 - [MESSAGE][NOT_RUN] - NOT_RUN: callTestCase]]></system-out>
         <system-err><![CDATA[]]></system-err>
      </testcase>
      <testcase name="Test Cases/Rate_Tables_exist_in_the_system" classname="Test Cases/Rate_Tables_exist_in_the_system" status="PASSED">
         <system-out><![CDATA[2018-09-10 11:06:23 - [TEST_CASE][PASSED] - Test Cases/Rate_Tables_exist_in_the_system: Test Cases/Rate_Tables_exist_in_the_system

2018-09-10 11:06:23 - [TEST_STEP][NOT_RUN] - callTestCase: NOT_RUN: callTestCase

2018-09-10 11:06:23 - [MESSAGE][NOT_RUN] - NOT_RUN: callTestCase

2018-09-10 11:06:23 - [TEST_STEP][PASSED] - mouseOver: Object: 'Object Repository/Page_Callidus Cloud Commissions Man/div_PLAN' is hovered

2018-09-10 11:06:24 - [MESSAGE][PASSED] - Object: 'Object Repository/Page_Callidus Cloud Commissions Man/div_PLAN' is hovered

2018-09-10 11:06:24 - [TEST_STEP][PASSED] - delay: Delayed 2 second(s)

2018-09-10 11:06:26 - [MESSAGE][PASSED] - Delayed 2 second(s)

2018-09-10 11:06:26 - [TEST_STEP][PASSED] - scrollToElement: Scroll to object 'Object Repository/Page_Callidus Cloud Commissions Man/a_Plan Components' successfully

2018-09-10 11:06:26 - [MESSAGE][PASSED] - Scroll to object 'Object Repository/Page_Callidus Cloud Commissions Man/a_Plan Components' successfully

2018-09-10 11:06:26 - [TEST_STEP][PASSED] - delay: Delayed 2 second(s)

2018-09-10 11:06:28 - [MESSAGE][PASSED] - Delayed 2 second(s)

2018-09-10 11:06:28 - [TEST_STEP][PASSED] - scrollToElement: Scroll to object 'Object Repository/Page_Callidus Cloud Commissions Man/a_Rate Tables' successfully

2018-09-10 11:06:28 - [MESSAGE][PASSED] - Scroll to object 'Object Repository/Page_Callidus Cloud Commissions Man/a_Rate Tables' successfully

2018-09-10 11:06:28 - [TEST_STEP][PASSED] - delay: Delayed 2 second(s)

2018-09-10 11:06:30 - [MESSAGE][PASSED] - Delayed 2 second(s)

2018-09-10 11:06:30 - [TEST_STEP][PASSED] - click: Object: 'Object Repository/Page_Callidus Cloud Commissions Man/a_Rate Tables' is clicked on

2018-09-10 11:06:30 - [MESSAGE][PASSED] - Object: 'Object Repository/Page_Callidus Cloud Commissions Man/a_Rate Tables' is clicked on

2018-09-10 11:06:30 - [TEST_STEP][PASSED] - click: Object: 'Object Repository/Page_Callidus Cloud Commissions Man/a_Advanced Search' is clicked on

2018-09-10 11:06:31 - [MESSAGE][PASSED] - Object: 'Object Repository/Page_Callidus Cloud Commissions Man/a_Advanced Search' is clicked on

2018-09-10 11:06:31 - [TEST_STEP][PASSED] - click: Object: 'Object Repository/Page_Callidus Cloud Commissions Man/td_Field Name' is clicked on

2018-09-10 11:06:32 - [MESSAGE][PASSED] - Object: 'Object Repository/Page_Callidus Cloud Commissions Man/td_Field Name' is clicked on

2018-09-10 11:06:32 - [TEST_STEP][PASSED] - delay: Delayed 2 second(s)

2018-09-10 11:06:34 - [MESSAGE][PASSED] - Delayed 2 second(s)

2018-09-10 11:06:34 - [TEST_STEP][PASSED] - scrollToElement: Scroll to object 'Object Repository/Page_Callidus Cloud Commissions Man/option_Territory' successfully

2018-09-10 11:06:34 - [MESSAGE][PASSED] - Scroll to object 'Object Repository/Page_Callidus Cloud Commissions Man/option_Territory' successfully

2018-09-10 11:06:34 - [TEST_STEP][PASSED] - delay: Delayed 2 second(s)

2018-09-10 11:06:36 - [MESSAGE][PASSED] - Delayed 2 second(s)

2018-09-10 11:06:36 - [TEST_STEP][PASSED] - click: Object: 'Object Repository/Page_Callidus Cloud Commissions Man/option_Territory' is clicked on

2018-09-10 11:06:36 - [MESSAGE][PASSED] - Object: 'Object Repository/Page_Callidus Cloud Commissions Man/option_Territory' is clicked on

2018-09-10 11:06:36 - [TEST_STEP][PASSED] - click: Object: 'Object Repository/Page_Callidus Cloud Commissions Man/td_Comparision' is clicked on

2018-09-10 11:06:36 - [MESSAGE][PASSED] - Object: 'Object Repository/Page_Callidus Cloud Commissions Man/td_Comparision' is clicked on

2018-09-10 11:06:36 - [TEST_STEP][PASSED] - delay: Delayed 2 second(s)

2018-09-10 11:06:38 - [MESSAGE][PASSED] - Delayed 2 second(s)

2018-09-10 11:06:38 - [TEST_STEP][PASSED] - scrollToElement: Scroll to object 'Object Repository/Page_Callidus Cloud Commissions Man/option_Equals' successfully

2018-09-10 11:06:38 - [MESSAGE][PASSED] - Scroll to object 'Object Repository/Page_Callidus Cloud Commissions Man/option_Equals' successfully

2018-09-10 11:06:38 - [TEST_STEP][PASSED] - delay: Delayed 2 second(s)

2018-09-10 11:06:40 - [MESSAGE][PASSED] - Delayed 2 second(s)

2018-09-10 11:06:40 - [TEST_STEP][PASSED] - click: Object: 'Object Repository/Page_Callidus Cloud Commissions Man/option_Equals' is clicked on

2018-09-10 11:06:40 - [MESSAGE][PASSED] - Object: 'Object Repository/Page_Callidus Cloud Commissions Man/option_Equals' is clicked on

2018-09-10 11:06:40 - [TEST_STEP][PASSED] - delay: Delayed 2 second(s)

2018-09-10 11:06:42 - [MESSAGE][PASSED] - Delayed 2 second(s)

2018-09-10 11:06:42 - [TEST_STEP][PASSED] - setText: Text 'R_T_Demo1' is set on object 'Object Repository/Page_Callidus Cloud Commissions Man/td_Value'

2018-09-10 11:06:43 - [MESSAGE][PASSED] - Text 'R_T_Demo1' is set on object 'Object Repository/Page_Callidus Cloud Commissions Man/td_Value'

2018-09-10 11:06:43 - [TEST_STEP][PASSED] - click: Object: 'Object Repository/Page_Callidus Cloud Commissions Man/input_Apply Search' is clicked on

2018-09-10 11:06:43 - [MESSAGE][PASSED] - Object: 'Object Repository/Page_Callidus Cloud Commissions Man/input_Apply Search' is clicked on

2018-09-10 11:06:43 - [TEST_STEP][NOT_RUN] - callTestCase: NOT_RUN: callTestCase

2018-09-10 11:06:43 - [MESSAGE][NOT_RUN] - NOT_RUN: callTestCase]]></system-out>
         <system-err><![CDATA[]]></system-err>
      </testcase>
      <testcase name="Test Cases/Rate_Table_Variable_exist_in_the_system" classname="Test Cases/Rate_Table_Variable_exist_in_the_system" status="PASSED">
         <system-out><![CDATA[2018-09-10 11:06:43 - [TEST_CASE][PASSED] - Test Cases/Rate_Table_Variable_exist_in_the_system: Test Cases/Rate_Table_Variable_exist_in_the_system

2018-09-10 11:06:43 - [TEST_STEP][NOT_RUN] - callTestCase: NOT_RUN: callTestCase

2018-09-10 11:06:43 - [MESSAGE][NOT_RUN] - NOT_RUN: callTestCase

2018-09-10 11:06:43 - [TEST_STEP][PASSED] - mouseOver: Object: 'Object Repository/Page_Callidus Cloud Commissions Man/div_PLAN' is hovered

2018-09-10 11:06:43 - [MESSAGE][PASSED] - Object: 'Object Repository/Page_Callidus Cloud Commissions Man/div_PLAN' is hovered

2018-09-10 11:06:43 - [TEST_STEP][PASSED] - delay: Delayed 2 second(s)

2018-09-10 11:06:45 - [MESSAGE][PASSED] - Delayed 2 second(s)

2018-09-10 11:06:45 - [TEST_STEP][PASSED] - scrollToElement: Scroll to object 'Object Repository/Page_Callidus Cloud Commissions Man/a_Plan Components' successfully

2018-09-10 11:06:45 - [MESSAGE][PASSED] - Scroll to object 'Object Repository/Page_Callidus Cloud Commissions Man/a_Plan Components' successfully

2018-09-10 11:06:45 - [TEST_STEP][PASSED] - delay: Delayed 2 second(s)

2018-09-10 11:06:47 - [MESSAGE][PASSED] - Delayed 2 second(s)

2018-09-10 11:06:47 - [TEST_STEP][PASSED] - scrollToElement: Scroll to object 'Object Repository/Page_Callidus Cloud Commissions Man/a_Variables' successfully

2018-09-10 11:06:47 - [MESSAGE][PASSED] - Scroll to object 'Object Repository/Page_Callidus Cloud Commissions Man/a_Variables' successfully

2018-09-10 11:06:47 - [TEST_STEP][PASSED] - delay: Delayed 2 second(s)

2018-09-10 11:06:49 - [MESSAGE][PASSED] - Delayed 2 second(s)

2018-09-10 11:06:49 - [TEST_STEP][PASSED] - click: Object: 'Object Repository/Page_Callidus Cloud Commissions Man/a_Variables' is clicked on

2018-09-10 11:06:50 - [MESSAGE][PASSED] - Object: 'Object Repository/Page_Callidus Cloud Commissions Man/a_Variables' is clicked on

2018-09-10 11:06:50 - [TEST_STEP][PASSED] - click: Object: 'Object Repository/Page_Callidus Cloud Commissions Man/a_Advanced Search' is clicked on

2018-09-10 11:06:50 - [MESSAGE][PASSED] - Object: 'Object Repository/Page_Callidus Cloud Commissions Man/a_Advanced Search' is clicked on

2018-09-10 11:06:50 - [TEST_STEP][PASSED] - delay: Delayed 2 second(s)

2018-09-10 11:06:52 - [MESSAGE][PASSED] - Delayed 2 second(s)

2018-09-10 11:06:52 - [TEST_STEP][PASSED] - click: Object: 'Object Repository/Page_Callidus Cloud Commissions Man/td_Field Name' is clicked on

2018-09-10 11:06:53 - [MESSAGE][PASSED] - Object: 'Object Repository/Page_Callidus Cloud Commissions Man/td_Field Name' is clicked on

2018-09-10 11:06:53 - [TEST_STEP][PASSED] - delay: Delayed 2 second(s)

2018-09-10 11:06:55 - [MESSAGE][PASSED] - Delayed 2 second(s)

2018-09-10 11:06:55 - [TEST_STEP][PASSED] - scrollToElement: Scroll to object 'Object Repository/Page_Callidus Cloud Commissions Man/option_Variables' successfully

2018-09-10 11:06:55 - [MESSAGE][PASSED] - Scroll to object 'Object Repository/Page_Callidus Cloud Commissions Man/option_Variables' successfully

2018-09-10 11:06:55 - [TEST_STEP][PASSED] - delay: Delayed 2 second(s)

2018-09-10 11:06:57 - [MESSAGE][PASSED] - Delayed 2 second(s)

2018-09-10 11:06:57 - [TEST_STEP][PASSED] - click: Object: 'Object Repository/Page_Callidus Cloud Commissions Man/option_Variables' is clicked on

2018-09-10 11:06:57 - [MESSAGE][PASSED] - Object: 'Object Repository/Page_Callidus Cloud Commissions Man/option_Variables' is clicked on

2018-09-10 11:06:57 - [TEST_STEP][PASSED] - click: Object: 'Object Repository/Page_Callidus Cloud Commissions Man/td_Comparision' is clicked on

2018-09-10 11:06:57 - [MESSAGE][PASSED] - Object: 'Object Repository/Page_Callidus Cloud Commissions Man/td_Comparision' is clicked on

2018-09-10 11:06:57 - [TEST_STEP][PASSED] - delay: Delayed 2 second(s)

2018-09-10 11:06:59 - [MESSAGE][PASSED] - Delayed 2 second(s)

2018-09-10 11:06:59 - [TEST_STEP][PASSED] - scrollToElement: Scroll to object 'Object Repository/Page_Callidus Cloud Commissions Man/option_Equals' successfully

2018-09-10 11:06:59 - [MESSAGE][PASSED] - Scroll to object 'Object Repository/Page_Callidus Cloud Commissions Man/option_Equals' successfully

2018-09-10 11:06:59 - [TEST_STEP][PASSED] - delay: Delayed 2 second(s)

2018-09-10 11:07:01 - [MESSAGE][PASSED] - Delayed 2 second(s)

2018-09-10 11:07:01 - [TEST_STEP][PASSED] - click: Object: 'Object Repository/Page_Callidus Cloud Commissions Man/option_Equals' is clicked on

2018-09-10 11:07:01 - [MESSAGE][PASSED] - Object: 'Object Repository/Page_Callidus Cloud Commissions Man/option_Equals' is clicked on

2018-09-10 11:07:01 - [TEST_STEP][PASSED] - delay: Delayed 2 second(s)

2018-09-10 11:07:03 - [MESSAGE][PASSED] - Delayed 2 second(s)

2018-09-10 11:07:03 - [TEST_STEP][PASSED] - setText: Text 'Var_RT_Demo2' is set on object 'Object Repository/Page_Callidus Cloud Commissions Man/td_Value'

2018-09-10 11:07:04 - [MESSAGE][PASSED] - Text 'Var_RT_Demo2' is set on object 'Object Repository/Page_Callidus Cloud Commissions Man/td_Value'

2018-09-10 11:07:04 - [TEST_STEP][PASSED] - delay: Delayed 2 second(s)

2018-09-10 11:07:06 - [MESSAGE][PASSED] - Delayed 2 second(s)

2018-09-10 11:07:06 - [TEST_STEP][PASSED] - click: Object: 'Object Repository/Page_Callidus Cloud Commissions Man/input_Apply Search' is clicked on

2018-09-10 11:07:06 - [MESSAGE][PASSED] - Object: 'Object Repository/Page_Callidus Cloud Commissions Man/input_Apply Search' is clicked on

2018-09-10 11:07:06 - [TEST_STEP][PASSED] - delay: Delayed 5 second(s)

2018-09-10 11:07:11 - [MESSAGE][PASSED] - Delayed 5 second(s)

2018-09-10 11:07:11 - [TEST_STEP][NOT_RUN] - callTestCase: NOT_RUN: callTestCase

2018-09-10 11:07:11 - [MESSAGE][NOT_RUN] - NOT_RUN: callTestCase]]></system-out>
         <system-err><![CDATA[]]></system-err>
      </testcase>
      <testcase name="Test Cases/Reason_Codes" classname="Test Cases/Reason_Codes" status="PASSED">
         <system-out><![CDATA[2018-09-10 11:07:11 - [TEST_CASE][PASSED] - Test Cases/Reason_Codes: Test Cases/Reason_Codes

2018-09-10 11:07:11 - [TEST_STEP][PASSED] - callTestCase: Call Test Case 'Test Cases/Commission Login' successfully

2018-09-10 11:07:11 - [TEST_CASE][PASSED] - Test Cases/Commission Login: Test Cases/Commission Login

2018-09-10 11:07:11 - [TEST_STEP][PASSED] - openBrowser: Browser is opened with url: ''

2018-09-10 11:07:11 - [MESSAGE][WARNING] - A browser is already opened. Closing browser and opening a new one

2018-09-10 11:07:14 - [MESSAGE][PASSED] - Browser is opened with url: ''

2018-09-10 11:07:14 - [TEST_STEP][PASSED] - navigateToUrl: Navigate to 'https://biz3-tst.callidusondemand.com/SalesPortal/#!/' successfully

2018-09-10 11:07:16 - [MESSAGE][PASSED] - Navigate to 'https://biz3-tst.callidusondemand.com/SalesPortal/#!/' successfully

2018-09-10 11:07:16 - [TEST_STEP][PASSED] - maximizeWindow: Current window maximized

2018-09-10 11:07:17 - [MESSAGE][PASSED] - Current window maximized

2018-09-10 11:07:17 - [TEST_STEP][PASSED] - setText: Text 'kikosana@calliduscloud.com' is set on object 'Object Repository/Page_Sales Performance Home/input_username'

2018-09-10 11:07:17 - [MESSAGE][PASSED] - Text 'kikosana@calliduscloud.com' is set on object 'Object Repository/Page_Sales Performance Home/input_username'

2018-09-10 11:07:17 - [TEST_STEP][PASSED] - setText: Text 'Kiran09@@' is set on object 'Object Repository/Page_Sales Performance Home/input_password'

2018-09-10 11:07:17 - [MESSAGE][PASSED] - Text 'Kiran09@@' is set on object 'Object Repository/Page_Sales Performance Home/input_password'

2018-09-10 11:07:17 - [TEST_STEP][PASSED] - click: Object: 'Object Repository/Page_Sales Performance Home/button_Login' is clicked on

2018-09-10 11:07:17 - [MESSAGE][PASSED] - Object: 'Object Repository/Page_Sales Performance Home/button_Login' is clicked on

2018-09-10 11:07:17 - [TEST_STEP][PASSED] - click: Object: 'Object Repository/Page_Sales Performance Home/span_Sales Performance Home' is clicked on

2018-09-10 11:07:19 - [MESSAGE][PASSED] - Object: 'Object Repository/Page_Sales Performance Home/span_Sales Performance Home' is clicked on

2018-09-10 11:07:19 - [TEST_STEP][PASSED] - click: Object: 'Object Repository/Page_Sales Performance Home/a_Commissions' is clicked on

2018-09-10 11:07:20 - [MESSAGE][PASSED] - Object: 'Object Repository/Page_Sales Performance Home/a_Commissions' is clicked on

2018-09-10 11:07:20 - [TEST_STEP][PASSED] - click: Object: 'Object Repository/Page_Callidus Cloud Commissions Man/a_Manage Setup' is clicked on

2018-09-10 11:07:25 - [MESSAGE][PASSED] - Object: 'Object Repository/Page_Callidus Cloud Commissions Man/a_Manage Setup' is clicked on

2018-09-10 11:07:25 - [MESSAGE][PASSED] - Call Test Case 'Test Cases/Commission Login' successfully

2018-09-10 11:07:25 - [TEST_STEP][NOT_RUN] - click: NOT_RUN: click

2018-09-10 11:07:25 - [MESSAGE][NOT_RUN] - NOT_RUN: click

2018-09-10 11:07:25 - [TEST_STEP][PASSED] - mouseOver: Object: 'Object Repository/Page_Callidus Cloud Commissions Man/div_ADMINISTRATION' is hovered

2018-09-10 11:07:25 - [MESSAGE][PASSED] - Object: 'Object Repository/Page_Callidus Cloud Commissions Man/div_ADMINISTRATION' is hovered

2018-09-10 11:07:25 - [TEST_STEP][PASSED] - delay: Delayed 2 second(s)

2018-09-10 11:07:27 - [MESSAGE][PASSED] - Delayed 2 second(s)

2018-09-10 11:07:27 - [TEST_STEP][PASSED] - scrollToElement: Scroll to object 'Object Repository/Page_Callidus Cloud Commissions Man/Reason Codes' successfully

2018-09-10 11:07:27 - [MESSAGE][PASSED] - Scroll to object 'Object Repository/Page_Callidus Cloud Commissions Man/Reason Codes' successfully

2018-09-10 11:07:27 - [TEST_STEP][PASSED] - delay: Delayed 2 second(s)

2018-09-10 11:07:29 - [MESSAGE][PASSED] - Delayed 2 second(s)

2018-09-10 11:07:29 - [TEST_STEP][PASSED] - click: Object: 'Object Repository/Page_Callidus Cloud Commissions Man/Reason Codes' is clicked on

2018-09-10 11:07:30 - [MESSAGE][PASSED] - Object: 'Object Repository/Page_Callidus Cloud Commissions Man/Reason Codes' is clicked on

2018-09-10 11:07:30 - [TEST_STEP][PASSED] - delay: Delayed 2 second(s)

2018-09-10 11:07:32 - [MESSAGE][PASSED] - Delayed 2 second(s)

2018-09-10 11:07:32 - [TEST_STEP][PASSED] - click: Object: 'Object Repository/Page_Callidus Cloud Commissions Man/a_Advanced Search' is clicked on

2018-09-10 11:07:32 - [MESSAGE][PASSED] - Object: 'Object Repository/Page_Callidus Cloud Commissions Man/a_Advanced Search' is clicked on

2018-09-10 11:07:32 - [TEST_STEP][PASSED] - click: Object: 'Object Repository/Page_Callidus Cloud Commissions Man/td_Field Name' is clicked on

2018-09-10 11:07:33 - [MESSAGE][PASSED] - Object: 'Object Repository/Page_Callidus Cloud Commissions Man/td_Field Name' is clicked on

2018-09-10 11:07:33 - [TEST_STEP][PASSED] - delay: Delayed 2 second(s)

2018-09-10 11:07:35 - [MESSAGE][PASSED] - Delayed 2 second(s)

2018-09-10 11:07:35 - [TEST_STEP][PASSED] - scrollToElement: Scroll to object 'Object Repository/Page_Callidus Cloud Commissions Man/ID' successfully

2018-09-10 11:07:35 - [MESSAGE][PASSED] - Scroll to object 'Object Repository/Page_Callidus Cloud Commissions Man/ID' successfully

2018-09-10 11:07:35 - [TEST_STEP][PASSED] - delay: Delayed 2 second(s)

2018-09-10 11:07:37 - [MESSAGE][PASSED] - Delayed 2 second(s)

2018-09-10 11:07:37 - [TEST_STEP][PASSED] - click: Object: 'Object Repository/Page_Callidus Cloud Commissions Man/ID' is clicked on

2018-09-10 11:07:37 - [MESSAGE][PASSED] - Object: 'Object Repository/Page_Callidus Cloud Commissions Man/ID' is clicked on

2018-09-10 11:07:37 - [TEST_STEP][PASSED] - click: Object: 'Object Repository/Page_Callidus Cloud Commissions Man/Comparision combo box' is clicked on

2018-09-10 11:07:37 - [MESSAGE][PASSED] - Object: 'Object Repository/Page_Callidus Cloud Commissions Man/Comparision combo box' is clicked on

2018-09-10 11:07:37 - [TEST_STEP][PASSED] - scrollToElement: Scroll to object 'Object Repository/Page_Callidus Cloud Commissions Man/CB_equals' successfully

2018-09-10 11:07:37 - [MESSAGE][PASSED] - Scroll to object 'Object Repository/Page_Callidus Cloud Commissions Man/CB_equals' successfully

2018-09-10 11:07:37 - [TEST_STEP][PASSED] - delay: Delayed 2 second(s)

2018-09-10 11:07:39 - [MESSAGE][PASSED] - Delayed 2 second(s)

2018-09-10 11:07:39 - [TEST_STEP][PASSED] - click: Object: 'Object Repository/Page_Callidus Cloud Commissions Man/CB_equals' is clicked on

2018-09-10 11:07:39 - [MESSAGE][PASSED] - Object: 'Object Repository/Page_Callidus Cloud Commissions Man/CB_equals' is clicked on

2018-09-10 11:07:39 - [TEST_STEP][PASSED] - delay: Delayed 2 second(s)

2018-09-10 11:07:41 - [MESSAGE][PASSED] - Delayed 2 second(s)

2018-09-10 11:07:41 - [TEST_STEP][PASSED] - setText: Text 'Test RC' is set on object 'Object Repository/Page_Callidus Cloud Commissions Man/td_Value'

2018-09-10 11:07:42 - [MESSAGE][PASSED] - Text 'Test RC' is set on object 'Object Repository/Page_Callidus Cloud Commissions Man/td_Value'

2018-09-10 11:07:42 - [TEST_STEP][PASSED] - click: Object: 'Object Repository/Page_Callidus Cloud Commissions Man/Apply Button' is clicked on

2018-09-10 11:07:42 - [MESSAGE][PASSED] - Object: 'Object Repository/Page_Callidus Cloud Commissions Man/Apply Button' is clicked on

2018-09-10 11:07:42 - [TEST_STEP][NOT_RUN] - callTestCase: NOT_RUN: callTestCase

2018-09-10 11:07:42 - [MESSAGE][NOT_RUN] - NOT_RUN: callTestCase]]></system-out>
         <system-err><![CDATA[]]></system-err>
      </testcase>
      <testcase name="Test Cases/Territory_Elements_exist_in_the_system" classname="Test Cases/Territory_Elements_exist_in_the_system" status="PASSED">
         <system-out><![CDATA[2018-09-10 11:07:42 - [TEST_CASE][PASSED] - Test Cases/Territory_Elements_exist_in_the_system: Test Cases/Territory_Elements_exist_in_the_system

2018-09-10 11:07:42 - [TEST_STEP][NOT_RUN] - callTestCase: NOT_RUN: callTestCase

2018-09-10 11:07:42 - [MESSAGE][NOT_RUN] - NOT_RUN: callTestCase

2018-09-10 11:07:42 - [TEST_STEP][PASSED] - mouseOver: Object: 'Object Repository/Page_Callidus Cloud Commissions Man/div_PLAN' is hovered

2018-09-10 11:07:42 - [MESSAGE][PASSED] - Object: 'Object Repository/Page_Callidus Cloud Commissions Man/div_PLAN' is hovered

2018-09-10 11:07:42 - [TEST_STEP][PASSED] - scrollToElement: Scroll to object 'Object Repository/Page_Callidus Cloud Commissions Man/a_Plan Components' successfully

2018-09-10 11:07:42 - [MESSAGE][PASSED] - Scroll to object 'Object Repository/Page_Callidus Cloud Commissions Man/a_Plan Components' successfully

2018-09-10 11:07:42 - [TEST_STEP][PASSED] - delay: Delayed 2 second(s)

2018-09-10 11:07:44 - [MESSAGE][PASSED] - Delayed 2 second(s)

2018-09-10 11:07:44 - [TEST_STEP][PASSED] - scrollToElement: Scroll to object 'Object Repository/Page_Callidus Cloud Commissions Man/a_Territory' successfully

2018-09-10 11:07:44 - [MESSAGE][PASSED] - Scroll to object 'Object Repository/Page_Callidus Cloud Commissions Man/a_Territory' successfully

2018-09-10 11:07:44 - [TEST_STEP][PASSED] - delay: Delayed 2 second(s)

2018-09-10 11:07:46 - [MESSAGE][PASSED] - Delayed 2 second(s)

2018-09-10 11:07:46 - [TEST_STEP][PASSED] - click: Object: 'Object Repository/Page_Callidus Cloud Commissions Man/a_Territory' is clicked on

2018-09-10 11:07:47 - [MESSAGE][PASSED] - Object: 'Object Repository/Page_Callidus Cloud Commissions Man/a_Territory' is clicked on

2018-09-10 11:07:47 - [TEST_STEP][PASSED] - delay: Delayed 2 second(s)

2018-09-10 11:07:49 - [MESSAGE][PASSED] - Delayed 2 second(s)

2018-09-10 11:07:49 - [TEST_STEP][PASSED] - click: Object: 'Object Repository/Page_Callidus Cloud Commissions Man/a_Advanced Search' is clicked on

2018-09-10 11:07:49 - [MESSAGE][PASSED] - Object: 'Object Repository/Page_Callidus Cloud Commissions Man/a_Advanced Search' is clicked on

2018-09-10 11:07:49 - [TEST_STEP][PASSED] - click: Object: 'Object Repository/Page_Callidus Cloud Commissions Man/td_Field Name' is clicked on

2018-09-10 11:07:50 - [MESSAGE][PASSED] - Object: 'Object Repository/Page_Callidus Cloud Commissions Man/td_Field Name' is clicked on

2018-09-10 11:07:50 - [TEST_STEP][PASSED] - delay: Delayed 2 second(s)

2018-09-10 11:07:52 - [MESSAGE][PASSED] - Delayed 2 second(s)

2018-09-10 11:07:52 - [TEST_STEP][PASSED] - scrollToElement: Scroll to object 'Object Repository/Page_Callidus Cloud Commissions Man/option_Territory' successfully

2018-09-10 11:07:52 - [MESSAGE][PASSED] - Scroll to object 'Object Repository/Page_Callidus Cloud Commissions Man/option_Territory' successfully

2018-09-10 11:07:52 - [TEST_STEP][PASSED] - delay: Delayed 2 second(s)

2018-09-10 11:07:54 - [MESSAGE][PASSED] - Delayed 2 second(s)

2018-09-10 11:07:54 - [TEST_STEP][PASSED] - click: Object: 'Object Repository/Page_Callidus Cloud Commissions Man/option_Territory' is clicked on

2018-09-10 11:07:54 - [MESSAGE][PASSED] - Object: 'Object Repository/Page_Callidus Cloud Commissions Man/option_Territory' is clicked on

2018-09-10 11:07:54 - [TEST_STEP][PASSED] - click: Object: 'Object Repository/Page_Callidus Cloud Commissions Man/td_Comparision' is clicked on

2018-09-10 11:07:54 - [MESSAGE][PASSED] - Object: 'Object Repository/Page_Callidus Cloud Commissions Man/td_Comparision' is clicked on

2018-09-10 11:07:54 - [TEST_STEP][PASSED] - delay: Delayed 2 second(s)

2018-09-10 11:07:56 - [MESSAGE][PASSED] - Delayed 2 second(s)

2018-09-10 11:07:56 - [TEST_STEP][PASSED] - scrollToElement: Scroll to object 'Object Repository/Page_Callidus Cloud Commissions Man/option_Equals' successfully

2018-09-10 11:07:56 - [MESSAGE][PASSED] - Scroll to object 'Object Repository/Page_Callidus Cloud Commissions Man/option_Equals' successfully

2018-09-10 11:07:56 - [TEST_STEP][PASSED] - delay: Delayed 2 second(s)

2018-09-10 11:07:58 - [MESSAGE][PASSED] - Delayed 2 second(s)

2018-09-10 11:07:58 - [TEST_STEP][PASSED] - click: Object: 'Object Repository/Page_Callidus Cloud Commissions Man/option_Equals' is clicked on

2018-09-10 11:07:59 - [MESSAGE][PASSED] - Object: 'Object Repository/Page_Callidus Cloud Commissions Man/option_Equals' is clicked on

2018-09-10 11:07:59 - [TEST_STEP][PASSED] - delay: Delayed 2 second(s)

2018-09-10 11:08:01 - [MESSAGE][PASSED] - Delayed 2 second(s)

2018-09-10 11:08:01 - [TEST_STEP][PASSED] - setText: Text 'Territory_Demo' is set on object 'Object Repository/Page_Callidus Cloud Commissions Man/td_Value'

2018-09-10 11:08:01 - [MESSAGE][PASSED] - Text 'Territory_Demo' is set on object 'Object Repository/Page_Callidus Cloud Commissions Man/td_Value'

2018-09-10 11:08:01 - [TEST_STEP][PASSED] - delay: Delayed 2 second(s)

2018-09-10 11:08:03 - [MESSAGE][PASSED] - Delayed 2 second(s)

2018-09-10 11:08:03 - [TEST_STEP][PASSED] - click: Object: 'Object Repository/Page_Callidus Cloud Commissions Man/input_Apply Search' is clicked on

2018-09-10 11:08:03 - [MESSAGE][PASSED] - Object: 'Object Repository/Page_Callidus Cloud Commissions Man/input_Apply Search' is clicked on

2018-09-10 11:08:03 - [TEST_STEP][NOT_RUN] - callTestCase: NOT_RUN: callTestCase

2018-09-10 11:08:03 - [MESSAGE][NOT_RUN] - NOT_RUN: callTestCase]]></system-out>
         <system-err><![CDATA[]]></system-err>
      </testcase>
      <testcase name="Test Cases/Territory_Variables_exist_in_the_system" classname="Test Cases/Territory_Variables_exist_in_the_system" status="PASSED">
         <system-out><![CDATA[2018-09-10 11:08:03 - [TEST_CASE][PASSED] - Test Cases/Territory_Variables_exist_in_the_system: Test Cases/Territory_Variables_exist_in_the_system

2018-09-10 11:08:03 - [TEST_STEP][NOT_RUN] - callTestCase: NOT_RUN: callTestCase

2018-09-10 11:08:03 - [MESSAGE][NOT_RUN] - NOT_RUN: callTestCase

2018-09-10 11:08:03 - [TEST_STEP][PASSED] - mouseOver: Object: 'Object Repository/Page_Callidus Cloud Commissions Man/div_PLAN' is hovered

2018-09-10 11:08:04 - [MESSAGE][PASSED] - Object: 'Object Repository/Page_Callidus Cloud Commissions Man/div_PLAN' is hovered

2018-09-10 11:08:04 - [TEST_STEP][PASSED] - delay: Delayed 2 second(s)

2018-09-10 11:08:06 - [MESSAGE][PASSED] - Delayed 2 second(s)

2018-09-10 11:08:06 - [TEST_STEP][PASSED] - scrollToElement: Scroll to object 'Object Repository/Page_Callidus Cloud Commissions Man/a_Plan Components' successfully

2018-09-10 11:08:06 - [MESSAGE][PASSED] - Scroll to object 'Object Repository/Page_Callidus Cloud Commissions Man/a_Plan Components' successfully

2018-09-10 11:08:06 - [TEST_STEP][PASSED] - delay: Delayed 2 second(s)

2018-09-10 11:08:08 - [MESSAGE][PASSED] - Delayed 2 second(s)

2018-09-10 11:08:08 - [TEST_STEP][PASSED] - scrollToElement: Scroll to object 'Object Repository/Page_Callidus Cloud Commissions Man/a_Variables' successfully

2018-09-10 11:08:08 - [MESSAGE][PASSED] - Scroll to object 'Object Repository/Page_Callidus Cloud Commissions Man/a_Variables' successfully

2018-09-10 11:08:08 - [TEST_STEP][PASSED] - delay: Delayed 2 second(s)

2018-09-10 11:08:10 - [MESSAGE][PASSED] - Delayed 2 second(s)

2018-09-10 11:08:10 - [TEST_STEP][PASSED] - click: Object: 'Object Repository/Page_Callidus Cloud Commissions Man/a_Variables' is clicked on

2018-09-10 11:08:10 - [MESSAGE][PASSED] - Object: 'Object Repository/Page_Callidus Cloud Commissions Man/a_Variables' is clicked on

2018-09-10 11:08:10 - [TEST_STEP][PASSED] - delay: Delayed 2 second(s)

2018-09-10 11:08:12 - [MESSAGE][PASSED] - Delayed 2 second(s)

2018-09-10 11:08:12 - [TEST_STEP][PASSED] - click: Object: 'Object Repository/Page_Callidus Cloud Commissions Man/a_Advanced Search' is clicked on

2018-09-10 11:08:12 - [MESSAGE][PASSED] - Object: 'Object Repository/Page_Callidus Cloud Commissions Man/a_Advanced Search' is clicked on

2018-09-10 11:08:12 - [TEST_STEP][PASSED] - click: Object: 'Object Repository/Page_Callidus Cloud Commissions Man/td_Field Name' is clicked on

2018-09-10 11:08:13 - [MESSAGE][PASSED] - Object: 'Object Repository/Page_Callidus Cloud Commissions Man/td_Field Name' is clicked on

2018-09-10 11:08:13 - [TEST_STEP][PASSED] - scrollToElement: Scroll to object 'Object Repository/Page_Callidus Cloud Commissions Man/option_Variables' successfully

2018-09-10 11:08:13 - [MESSAGE][PASSED] - Scroll to object 'Object Repository/Page_Callidus Cloud Commissions Man/option_Variables' successfully

2018-09-10 11:08:13 - [TEST_STEP][PASSED] - delay: Delayed 2 second(s)

2018-09-10 11:08:15 - [MESSAGE][PASSED] - Delayed 2 second(s)

2018-09-10 11:08:15 - [TEST_STEP][PASSED] - click: Object: 'Object Repository/Page_Callidus Cloud Commissions Man/option_Variables' is clicked on

2018-09-10 11:08:15 - [MESSAGE][PASSED] - Object: 'Object Repository/Page_Callidus Cloud Commissions Man/option_Variables' is clicked on

2018-09-10 11:08:15 - [TEST_STEP][PASSED] - click: Object: 'Object Repository/Page_Callidus Cloud Commissions Man/td_Comparision' is clicked on

2018-09-10 11:08:15 - [MESSAGE][PASSED] - Object: 'Object Repository/Page_Callidus Cloud Commissions Man/td_Comparision' is clicked on

2018-09-10 11:08:15 - [TEST_STEP][PASSED] - scrollToElement: Scroll to object 'Object Repository/Page_Callidus Cloud Commissions Man/option_Equals' successfully

2018-09-10 11:08:16 - [MESSAGE][PASSED] - Scroll to object 'Object Repository/Page_Callidus Cloud Commissions Man/option_Equals' successfully

2018-09-10 11:08:16 - [TEST_STEP][PASSED] - delay: Delayed 2 second(s)

2018-09-10 11:08:18 - [MESSAGE][PASSED] - Delayed 2 second(s)

2018-09-10 11:08:18 - [TEST_STEP][PASSED] - click: Object: 'Object Repository/Page_Callidus Cloud Commissions Man/option_Equals' is clicked on

2018-09-10 11:08:18 - [MESSAGE][PASSED] - Object: 'Object Repository/Page_Callidus Cloud Commissions Man/option_Equals' is clicked on

2018-09-10 11:08:18 - [TEST_STEP][PASSED] - delay: Delayed 2 second(s)

2018-09-10 11:08:20 - [MESSAGE][PASSED] - Delayed 2 second(s)

2018-09-10 11:08:20 - [TEST_STEP][PASSED] - setText: Text 'Var_T_Demo3' is set on object 'Object Repository/Page_Callidus Cloud Commissions Man/td_Value'

2018-09-10 11:08:20 - [MESSAGE][PASSED] - Text 'Var_T_Demo3' is set on object 'Object Repository/Page_Callidus Cloud Commissions Man/td_Value'

2018-09-10 11:08:20 - [TEST_STEP][PASSED] - click: Object: 'Object Repository/Page_Callidus Cloud Commissions Man/input_Apply Search' is clicked on

2018-09-10 11:08:20 - [MESSAGE][PASSED] - Object: 'Object Repository/Page_Callidus Cloud Commissions Man/input_Apply Search' is clicked on

2018-09-10 11:08:20 - [TEST_STEP][PASSED] - delay: Delayed 5 second(s)

2018-09-10 11:08:25 - [MESSAGE][PASSED] - Delayed 5 second(s)

2018-09-10 11:08:25 - [TEST_STEP][NOT_RUN] - callTestCase: NOT_RUN: callTestCase

2018-09-10 11:08:25 - [MESSAGE][NOT_RUN] - NOT_RUN: callTestCase]]></system-out>
         <system-err><![CDATA[]]></system-err>
      </testcase>
      <testcase name="Test Cases/UnitType exists in the system" classname="Test Cases/UnitType exists in the system" status="PASSED">
         <system-out><![CDATA[2018-09-10 11:08:25 - [TEST_CASE][PASSED] - Test Cases/UnitType exists in the system: Test Cases/UnitType exists in the system

2018-09-10 11:08:25 - [TEST_STEP][NOT_RUN] - callTestCase: NOT_RUN: callTestCase

2018-09-10 11:08:25 - [MESSAGE][NOT_RUN] - NOT_RUN: callTestCase

2018-09-10 11:08:25 - [TEST_STEP][PASSED] - mouseOver: Object: 'Object Repository/Page_Callidus Cloud Commissions Man/div_ADMINISTRATION' is hovered

2018-09-10 11:08:25 - [MESSAGE][PASSED] - Object: 'Object Repository/Page_Callidus Cloud Commissions Man/div_ADMINISTRATION' is hovered

2018-09-10 11:08:25 - [TEST_STEP][PASSED] - delay: Delayed 3 second(s)

2018-09-10 11:08:28 - [MESSAGE][PASSED] - Delayed 3 second(s)

2018-09-10 11:08:28 - [TEST_STEP][PASSED] - scrollToElement: Scroll to object 'Object Repository/Page_Callidus Cloud Commissions Man/a_Unit Types' successfully

2018-09-10 11:08:29 - [MESSAGE][PASSED] - Scroll to object 'Object Repository/Page_Callidus Cloud Commissions Man/a_Unit Types' successfully

2018-09-10 11:08:29 - [TEST_STEP][PASSED] - delay: Delayed 3 second(s)

2018-09-10 11:08:32 - [MESSAGE][PASSED] - Delayed 3 second(s)

2018-09-10 11:08:32 - [TEST_STEP][PASSED] - click: Object: 'Object Repository/Page_Callidus Cloud Commissions Man/a_Unit Types' is clicked on

2018-09-10 11:08:32 - [MESSAGE][PASSED] - Object: 'Object Repository/Page_Callidus Cloud Commissions Man/a_Unit Types' is clicked on

2018-09-10 11:08:32 - [TEST_STEP][PASSED] - setText: Text 'USD' is set on object 'Object Repository/Page_Callidus Cloud Commissions Man/input_Enter Search Terms'

2018-09-10 11:08:32 - [MESSAGE][PASSED] - Text 'USD' is set on object 'Object Repository/Page_Callidus Cloud Commissions Man/input_Enter Search Terms'

2018-09-10 11:08:32 - [TEST_STEP][PASSED] - click: Object: 'Object Repository/Page_Callidus Cloud Commissions Man/a_Advanced Search' is clicked on

2018-09-10 11:08:32 - [MESSAGE][PASSED] - Object: 'Object Repository/Page_Callidus Cloud Commissions Man/a_Advanced Search' is clicked on

2018-09-10 11:08:32 - [TEST_STEP][PASSED] - delay: Delayed 3 second(s)

2018-09-10 11:08:35 - [MESSAGE][PASSED] - Delayed 3 second(s)

2018-09-10 11:08:36 - [TEST_STEP][PASSED] - click: Object: 'Object Repository/Page_Callidus Cloud Commissions Man/td_Field Name' is clicked on

2018-09-10 11:08:36 - [MESSAGE][PASSED] - Object: 'Object Repository/Page_Callidus Cloud Commissions Man/td_Field Name' is clicked on

2018-09-10 11:08:36 - [TEST_STEP][PASSED] - scrollToElement: Scroll to object 'Object Repository/Page_Callidus Cloud Commissions Man/a_UnitTypeId' successfully

2018-09-10 11:08:36 - [MESSAGE][PASSED] - Scroll to object 'Object Repository/Page_Callidus Cloud Commissions Man/a_UnitTypeId' successfully

2018-09-10 11:08:36 - [TEST_STEP][PASSED] - delay: Delayed 2 second(s)

2018-09-10 11:08:38 - [MESSAGE][PASSED] - Delayed 2 second(s)

2018-09-10 11:08:38 - [TEST_STEP][PASSED] - click: Object: 'Object Repository/Page_Callidus Cloud Commissions Man/a_UnitTypeId' is clicked on

2018-09-10 11:08:38 - [MESSAGE][PASSED] - Object: 'Object Repository/Page_Callidus Cloud Commissions Man/a_UnitTypeId' is clicked on

2018-09-10 11:08:38 - [TEST_STEP][PASSED] - click: Object: 'Object Repository/Page_Callidus Cloud Commissions Man/td_Comparision' is clicked on

2018-09-10 11:08:38 - [MESSAGE][PASSED] - Object: 'Object Repository/Page_Callidus Cloud Commissions Man/td_Comparision' is clicked on

2018-09-10 11:08:38 - [TEST_STEP][PASSED] - scrollToElement: Scroll to object 'Object Repository/Page_Callidus Cloud Commissions Man/option_Equals' successfully

2018-09-10 11:08:38 - [MESSAGE][PASSED] - Scroll to object 'Object Repository/Page_Callidus Cloud Commissions Man/option_Equals' successfully

2018-09-10 11:08:38 - [TEST_STEP][PASSED] - delay: Delayed 2 second(s)

2018-09-10 11:08:40 - [MESSAGE][PASSED] - Delayed 2 second(s)

2018-09-10 11:08:40 - [TEST_STEP][PASSED] - click: Object: 'Object Repository/Page_Callidus Cloud Commissions Man/option_Equals' is clicked on

2018-09-10 11:08:40 - [MESSAGE][PASSED] - Object: 'Object Repository/Page_Callidus Cloud Commissions Man/option_Equals' is clicked on

2018-09-10 11:08:40 - [TEST_STEP][PASSED] - setText: Text 'USD' is set on object 'Object Repository/Page_Callidus Cloud Commissions Man/td_Value'

2018-09-10 11:08:40 - [MESSAGE][PASSED] - Text 'USD' is set on object 'Object Repository/Page_Callidus Cloud Commissions Man/td_Value'

2018-09-10 11:08:40 - [TEST_STEP][PASSED] - delay: Delayed 2 second(s)

2018-09-10 11:08:42 - [MESSAGE][PASSED] - Delayed 2 second(s)

2018-09-10 11:08:42 - [TEST_STEP][PASSED] - click: Object: 'Object Repository/Page_Callidus Cloud Commissions Man/input_Apply Search' is clicked on

2018-09-10 11:08:43 - [MESSAGE][PASSED] - Object: 'Object Repository/Page_Callidus Cloud Commissions Man/input_Apply Search' is clicked on

2018-09-10 11:08:43 - [TEST_STEP][NOT_RUN] - callTestCase: NOT_RUN: callTestCase

2018-09-10 11:08:43 - [MESSAGE][NOT_RUN] - NOT_RUN: callTestCase]]></system-out>
         <system-err><![CDATA[]]></system-err>
      </testcase>
      <testcase name="Test Cases/Commission Logout" classname="Test Cases/Commission Logout" status="PASSED">
         <system-out><![CDATA[2018-09-10 11:08:43 - [TEST_CASE][PASSED] - Test Cases/Commission Logout: Test Cases/Commission Logout

2018-09-10 11:08:43 - [TEST_STEP][PASSED] - click: Object: 'Object Repository/Page_Callidus Cloud Commissions Man/span_rkulkarncalliduscloud.com' is clicked on

2018-09-10 11:08:43 - [MESSAGE][PASSED] - Object: 'Object Repository/Page_Callidus Cloud Commissions Man/span_rkulkarncalliduscloud.com' is clicked on

2018-09-10 11:08:43 - [TEST_STEP][PASSED] - click: Object: 'Object Repository/Page_Callidus Cloud Commissions Man/div_Logout' is clicked on

2018-09-10 11:08:44 - [MESSAGE][PASSED] - Object: 'Object Repository/Page_Callidus Cloud Commissions Man/div_Logout' is clicked on

2018-09-10 11:08:44 - [TEST_STEP][PASSED] - closeBrowser: Browser is closed

2018-09-10 11:08:45 - [MESSAGE][PASSED] - Browser is closed]]></system-out>
         <system-err><![CDATA[]]></system-err>
      </testcase>
      <system-out><![CDATA[2018-09-10 11:00:54 - [TEST_SUITE][FAILED] - TestDemo: Test Cases/Incentive Rule exists in the system FAILED because (of) Unable to click on object 'Object Repository/Page_Plan Tab/a_Rules' (Root cause: org.openqa.selenium.ElementNotVisibleException: element not visible
  (Session info: chrome=68.0.3440.106)
  (Driver info: chromedriver=2.35.528161 (5b82f2d2aae0ca24b877009200ced9065a772e73),platform=Windows NT 10.0.17134 x86_64) (WARNING: The server did not provide any stacktrace information)
Command duration or timeout: 0 milliseconds
Build info: version: '3.7.1', revision: '8a0099a', time: '2017-11-06T21:07:36.161Z'
System info: host: 'KIKOSANA-T450S', ip: '10.125.199.25', os.name: 'Windows 10', os.arch: 'amd64', os.version: '10.0', java.version: '1.8.0_181'
Driver info: com.kms.katalon.selenium.driver.CChromeDriver
Capabilities {acceptInsecureCerts: false, acceptSslCerts: false, applicationCacheEnabled: false, browserConnectionEnabled: false, browserName: chrome, chrome: {chromedriverVersion: 2.35.528161 (5b82f2d2aae0ca..., userDataDir: C:\Users\kikosana\AppData\L...}, cssSelectorsEnabled: true, databaseEnabled: false, handlesAlerts: true, hasTouchScreen: false, javascriptEnabled: true, locationContextEnabled: true, mobileEmulationEnabled: false, nativeEvents: true, networkConnectionEnabled: false, pageLoadStrategy: normal, platform: XP, platformName: XP, rotatable: false, setWindowRect: true, takesHeapSnapshot: true, takesScreenshot: true, unexpectedAlertBehaviour: , unhandledPromptBehavior: , version: 68.0.3440.106, webStorageEnabled: true}
Session ID: 0d963c1de133d270025b60daebbd3aba)]]></system-out>
      <system-err><![CDATA[2018-09-10 11:00:54 - [TEST_SUITE][FAILED] - TestDemo: Test Cases/Incentive Rule exists in the system FAILED because (of) Unable to click on object 'Object Repository/Page_Plan Tab/a_Rules' (Root cause: org.openqa.selenium.ElementNotVisibleException: element not visible
  (Session info: chrome=68.0.3440.106)
  (Driver info: chromedriver=2.35.528161 (5b82f2d2aae0ca24b877009200ced9065a772e73),platform=Windows NT 10.0.17134 x86_64) (WARNING: The server did not provide any stacktrace information)
Command duration or timeout: 0 milliseconds
Build info: version: '3.7.1', revision: '8a0099a', time: '2017-11-06T21:07:36.161Z'
System info: host: 'KIKOSANA-T450S', ip: '10.125.199.25', os.name: 'Windows 10', os.arch: 'amd64', os.version: '10.0', java.version: '1.8.0_181'
Driver info: com.kms.katalon.selenium.driver.CChromeDriver
Capabilities {acceptInsecureCerts: false, acceptSslCerts: false, applicationCacheEnabled: false, browserConnectionEnabled: false, browserName: chrome, chrome: {chromedriverVersion: 2.35.528161 (5b82f2d2aae0ca..., userDataDir: C:\Users\kikosana\AppData\L...}, cssSelectorsEnabled: true, databaseEnabled: false, handlesAlerts: true, hasTouchScreen: false, javascriptEnabled: true, locationContextEnabled: true, mobileEmulationEnabled: false, nativeEvents: true, networkConnectionEnabled: false, pageLoadStrategy: normal, platform: XP, platformName: XP, rotatable: false, setWindowRect: true, takesHeapSnapshot: true, takesScreenshot: true, unexpectedAlertBehaviour: , unhandledPromptBehavior: , version: 68.0.3440.106, webStorageEnabled: true}
Session ID: 0d963c1de133d270025b60daebbd3aba)]]></system-err>
   </testsuite>
</testsuites>
